#
# There is insufficient memory for the Java Runtime Environment to continue.
# Native memory allocation (malloc) failed to allocate 394096 bytes. Error detail: Chunk::new
# Possible reasons:
#   The system is out of physical RAM or swap space
#   This process is running with CompressedOops enabled, and the Java Heap may be blocking the growth of the native heap
# Possible solutions:
#   Reduce memory load on the system
#   Increase physical memory or swap space
#   Check if swap backing store is full
#   Decrease Java heap size (-Xmx/-Xms)
#   Decrease number of Java threads
#   Decrease Java thread stack sizes (-Xss)
#   Set larger code cache with -XX:ReservedCodeCacheSize=
#   JVM is running with Unscaled Compressed Oops mode in which the Java heap is
#     placed in the first 4GB address space. The Java Heap base address is the
#     maximum limit for the native heap growth. Please use -XX:HeapBaseMinAddress
#     to set the Java Heap base and to place the Java Heap above 4GB virtual address.
# This output file may be truncated or incomplete.
#
#  Out of Memory Error (arena.cpp:168), pid=7776, tid=20028
#
# JRE version: OpenJDK Runtime Environment Temurin-21.0.5+11 (21.0.5+11) (build 21.0.5+11-LTS)
# Java VM: OpenJDK 64-Bit Server VM Temurin-21.0.5+11 (21.0.5+11-LTS, mixed mode, sharing, tiered, compressed oops, compressed class ptrs, parallel gc, windows-amd64)
# No core dump will be written. Minidumps are not enabled by default on client versions of Windows
#

---------------  S U M M A R Y ------------

Command Line: --add-modules=ALL-SYSTEM --add-opens=java.base/java.util=ALL-UNNAMED --add-opens=java.base/java.lang=ALL-UNNAMED --add-opens=java.base/sun.nio.fs=ALL-UNNAMED -Declipse.application=org.eclipse.jdt.ls.core.id1 -Dosgi.bundles.defaultStartLevel=4 -Declipse.product=org.eclipse.jdt.ls.core.product -Djava.import.generatesMetadataFilesAtProjectRoot=false -DDetectVMInstallationsJob.disabled=true -Dfile.encoding=utf8 -XX:+UseParallelGC -XX:GCTimeRatio=4 -XX:AdaptiveSizePolicyWeight=90 -Dsun.zip.disableMemoryMapping=true -Xmx1G -Xms100m -Xlog:disable -javaagent:c:\Users\adil\.vscode\extensions\redhat.java-1.39.0-win32-x64\lombok\lombok-1.18.34.jar -XX:+HeapDumpOnOutOfMemoryError -XX:HeapDumpPath=c:\Users\adil\AppData\Roaming\Code\User\workspaceStorage\c56f5ae5a7d1f17bf360b57006ca7415\redhat.java -Daether.dependencyCollector.impl=bf c:\Users\adil\.vscode\extensions\redhat.java-1.39.0-win32-x64\server\plugins\org.eclipse.equinox.launcher_1.6.900.v20240613-2009.jar -configuration c:\Users\adil\AppData\Roaming\Code\User\globalStorage\redhat.java\1.39.0\config_win -data c:\Users\adil\AppData\Roaming\Code\User\workspaceStorage\c56f5ae5a7d1f17bf360b57006ca7415\redhat.java\jdt_ws --pipe=\\.\pipe\lsp-18bf8505760674ba18430907c2da3d74-sock

Host: Intel(R) Core(TM) i5-10300H CPU @ 2.50GHz, 8 cores, 7G,  Windows 11 , 64 bit Build 22621 (10.0.22621.4830)
Time: Wed Feb 26 22:05:08 2025 India Standard Time elapsed time: 2.516731 seconds (0d 0h 0m 2s)

---------------  T H R E A D  ---------------

Current thread (0x000002b3a47f3ff0):  JavaThread "C2 CompilerThread0" daemon [_thread_in_native, id=20028, stack(0x000000e506d00000,0x000000e506e00000) (1024K)]


Current CompileTask:
C2:2516 1725 %     4       org.eclipse.osgi.util.ManifestElement::readLine @ 0 (122 bytes)

Stack: [0x000000e506d00000,0x000000e506e00000]
Native frames: (J=compiled Java code, j=interpreted, Vv=VM code, C=native code)
V  [jvm.dll+0x6cd4e9]
V  [jvm.dll+0x8a7941]
V  [jvm.dll+0x8a9e6e]
V  [jvm.dll+0x8aa543]
V  [jvm.dll+0x27f6d6]
V  [jvm.dll+0xc500d]
V  [jvm.dll+0xc5543]
V  [jvm.dll+0x3b65d2]
V  [jvm.dll+0x1dffe9]
V  [jvm.dll+0x247b22]
V  [jvm.dll+0x246faf]
V  [jvm.dll+0x1c75ce]
V  [jvm.dll+0x25682a]
V  [jvm.dll+0x254dca]
V  [jvm.dll+0x3f00d6]
V  [jvm.dll+0x8514fb]
V  [jvm.dll+0x6cbbed]
C  [ucrtbase.dll+0x29333]
C  [KERNEL32.DLL+0x1259d]
C  [ntdll.dll+0x5af38]


---------------  P R O C E S S  ---------------

Threads class SMR info:
_java_thread_list=0x000002b3ec1d4b30, length=21, elements={
0x000002b38e38c0c0, 0x000002b3a47ebbc0, 0x000002b3a47ed200, 0x000002b3a47f0be0,
0x000002b3a47f2aa0, 0x000002b3a47f5af0, 0x000002b3a47f6740, 0x000002b3a47f3ff0,
0x000002b3e733a820, 0x000002b3e73daf20, 0x000002b3e75ff700, 0x000002b3e7d51b60,
0x000002b3e7d49570, 0x000002b3e7b4e200, 0x000002b3e7b4f480, 0x000002b3e7b51af0,
0x000002b3e7b52560, 0x000002b3e7b5d6b0, 0x000002b3e7e9e7f0, 0x000002b3ec1f6230,
0x000002b3e7e9de20
}

Java Threads: ( => current thread )
  0x000002b38e38c0c0 JavaThread "main"                              [_thread_in_Java, id=15404, stack(0x000000e506300000,0x000000e506400000) (1024K)]
  0x000002b3a47ebbc0 JavaThread "Reference Handler"          daemon [_thread_blocked, id=17944, stack(0x000000e506700000,0x000000e506800000) (1024K)]
  0x000002b3a47ed200 JavaThread "Finalizer"                  daemon [_thread_blocked, id=10132, stack(0x000000e506800000,0x000000e506900000) (1024K)]
  0x000002b3a47f0be0 JavaThread "Signal Dispatcher"          daemon [_thread_blocked, id=2056, stack(0x000000e506900000,0x000000e506a00000) (1024K)]
  0x000002b3a47f2aa0 JavaThread "Attach Listener"            daemon [_thread_blocked, id=19232, stack(0x000000e506a00000,0x000000e506b00000) (1024K)]
  0x000002b3a47f5af0 JavaThread "Service Thread"             daemon [_thread_blocked, id=15600, stack(0x000000e506b00000,0x000000e506c00000) (1024K)]
  0x000002b3a47f6740 JavaThread "Monitor Deflation Thread"   daemon [_thread_blocked, id=2852, stack(0x000000e506c00000,0x000000e506d00000) (1024K)]
=>0x000002b3a47f3ff0 JavaThread "C2 CompilerThread0"         daemon [_thread_in_native, id=20028, stack(0x000000e506d00000,0x000000e506e00000) (1024K)]
  0x000002b3e733a820 JavaThread "C1 CompilerThread0"         daemon [_thread_blocked, id=16988, stack(0x000000e506e00000,0x000000e506f00000) (1024K)]
  0x000002b3e73daf20 JavaThread "Common-Cleaner"             daemon [_thread_blocked, id=23164, stack(0x000000e506f00000,0x000000e507000000) (1024K)]
  0x000002b3e75ff700 JavaThread "Notification Thread"        daemon [_thread_blocked, id=18156, stack(0x000000e507100000,0x000000e507200000) (1024K)]
  0x000002b3e7d51b60 JavaThread "Equinox resolver thread - Equinox Container: 9bc676e5-4de4-467c-a06f-ef2c98328d87" daemon [_thread_blocked, id=24548, stack(0x000000e507000000,0x000000e507100000) (1024K)]
  0x000002b3e7d49570 JavaThread "Equinox resolver thread - Equinox Container: 9bc676e5-4de4-467c-a06f-ef2c98328d87" daemon [_thread_blocked, id=16276, stack(0x000000e507800000,0x000000e507900000) (1024K)]
  0x000002b3e7b4e200 JavaThread "Equinox resolver thread - Equinox Container: 9bc676e5-4de4-467c-a06f-ef2c98328d87" daemon [_thread_blocked, id=9388, stack(0x000000e507900000,0x000000e507a00000) (1024K)]
  0x000002b3e7b4f480 JavaThread "Equinox resolver thread - Equinox Container: 9bc676e5-4de4-467c-a06f-ef2c98328d87" daemon [_thread_blocked, id=16584, stack(0x000000e507a00000,0x000000e507b00000) (1024K)]
  0x000002b3e7b51af0 JavaThread "Equinox resolver thread - Equinox Container: 9bc676e5-4de4-467c-a06f-ef2c98328d87" daemon [_thread_blocked, id=13152, stack(0x000000e507b00000,0x000000e507c00000) (1024K)]
  0x000002b3e7b52560 JavaThread "Equinox resolver thread - Equinox Container: 9bc676e5-4de4-467c-a06f-ef2c98328d87" daemon [_thread_blocked, id=7472, stack(0x000000e507c00000,0x000000e507d00000) (1024K)]
  0x000002b3e7b5d6b0 JavaThread "Active Thread: Equinox Container: 9bc676e5-4de4-467c-a06f-ef2c98328d87"        [_thread_blocked, id=20576, stack(0x000000e507d00000,0x000000e507e00000) (1024K)]
  0x000002b3e7e9e7f0 JavaThread "Framework Event Dispatcher: Equinox Container: 9bc676e5-4de4-467c-a06f-ef2c98328d87" daemon [_thread_blocked, id=164, stack(0x000000e507e00000,0x000000e507f00000) (1024K)]
  0x000002b3ec1f6230 JavaThread "Start Level: Equinox Container: 9bc676e5-4de4-467c-a06f-ef2c98328d87" daemon [_thread_blocked, id=1552, stack(0x000000e507f00000,0x000000e508000000) (1024K)]
  0x000002b3e7e9de20 JavaThread "C2 CompilerThread1"         daemon [_thread_blocked, id=5032, stack(0x000000e508000000,0x000000e508100000) (1024K)]
Total: 21

Other Threads:
  0x000002b38e44ce60 VMThread "VM Thread"                           [id=22448, stack(0x000000e506600000,0x000000e506700000) (1024K)]
  0x000002b38e3f5b80 WatcherThread "VM Periodic Task Thread"        [id=13568, stack(0x000000e506500000,0x000000e506600000) (1024K)]
  0x000002b38e3a9fa0 WorkerThread "GC Thread#0"                     [id=19484, stack(0x000000e506400000,0x000000e506500000) (1024K)]
  0x000002b3e7997850 WorkerThread "GC Thread#1"                     [id=14456, stack(0x000000e507200000,0x000000e507300000) (1024K)]
  0x000002b3e7821a60 WorkerThread "GC Thread#2"                     [id=17428, stack(0x000000e507300000,0x000000e507400000) (1024K)]
  0x000002b3e7821e00 WorkerThread "GC Thread#3"                     [id=5620, stack(0x000000e507400000,0x000000e507500000) (1024K)]
  0x000002b3e77d5ae0 WorkerThread "GC Thread#4"                     [id=22564, stack(0x000000e507500000,0x000000e507600000) (1024K)]
  0x000002b3e77d5e80 WorkerThread "GC Thread#5"                     [id=23372, stack(0x000000e507600000,0x000000e507700000) (1024K)]
  0x000002b3e77d6220 WorkerThread "GC Thread#6"                     [id=17660, stack(0x000000e507700000,0x000000e507800000) (1024K)]
  0x000002b3e7e9b280 WorkerThread "GC Thread#7"                     [id=4380, stack(0x000000e508100000,0x000000e508200000) (1024K)]
Total: 10

Threads with active compile tasks:
C2 CompilerThread0  2538 1725 %     4       org.eclipse.osgi.util.ManifestElement::readLine @ 0 (122 bytes)
Total: 1

VM state: not at safepoint (normal execution)

VM Mutex/Monitor currently owned by a thread: None

Heap address: 0x00000000c0000000, size: 1024 MB, Compressed Oops mode: 32-bit

CDS archive(s) mapped at: [0x000002b3a5000000-0x000002b3a5ba0000-0x000002b3a5ba0000), size 12189696, SharedBaseAddress: 0x000002b3a5000000, ArchiveRelocationMode: 1.
Compressed class space mapped at: 0x000002b3a6000000-0x000002b3e6000000, reserved size: 1073741824
Narrow klass base: 0x000002b3a5000000, Narrow klass shift: 0, Narrow klass range: 0x100000000

GC Precious Log:
 CardTable entry size: 512
 CPUs: 8 total, 8 available
 Memory: 8029M
 Large Page Support: Disabled
 NUMA Support: Disabled
 Compressed Oops: Enabled (32-bit)
 Alignments: Space 512K, Generation 512K, Heap 2M
 Heap Min Capacity: 100M
 Heap Initial Capacity: 100M
 Heap Max Capacity: 1G
 Pre-touch: Disabled
 Parallel Workers: 8

Heap:
 PSYoungGen      total 29696K, used 9679K [0x00000000eab00000, 0x00000000ecc00000, 0x0000000100000000)
  eden space 25600K, 21% used [0x00000000eab00000,0x00000000eb074660,0x00000000ec400000)
  from space 4096K, 99% used [0x00000000ec800000,0x00000000ecbff5d8,0x00000000ecc00000)
  to   space 4096K, 0% used [0x00000000ec400000,0x00000000ec400000,0x00000000ec800000)
 ParOldGen       total 68608K, used 659K [0x00000000c0000000, 0x00000000c4300000, 0x00000000eab00000)
  object space 68608K, 0% used [0x00000000c0000000,0x00000000c00a4ea8,0x00000000c4300000)
 Metaspace       used 7921K, committed 8192K, reserved 1114112K
  class space    used 778K, committed 896K, reserved 1048576K

Card table byte_map: [0x000002b3a20a0000,0x000002b3a22b0000] _byte_map_base: 0x000002b3a1aa0000

Marking Bits: (ParMarkBitMap*) 0x00007ffe16f02250
 Begin Bits: [0x000002b3a2410000, 0x000002b3a3410000)
 End Bits:   [0x000002b3a3410000, 0x000002b3a4410000)

Polling page: 0x000002b38e450000

Metaspace:

Usage:
  Non-class:      6.98 MB used.
      Class:    778.38 KB used.
       Both:      7.74 MB used.

Virtual space:
  Non-class space:       64.00 MB reserved,       7.12 MB ( 11%) committed,  1 nodes.
      Class space:        1.00 GB reserved,     896.00 KB ( <1%) committed,  1 nodes.
             Both:        1.06 GB reserved,       8.00 MB ( <1%) committed. 

Chunk freelists:
   Non-Class:  8.72 MB
       Class:  14.95 MB
        Both:  23.67 MB

MaxMetaspaceSize: unlimited
CompressedClassSpaceSize: 1.00 GB
Initial GC threshold: 21.00 MB
Current GC threshold: 21.00 MB
CDS: on
 - commit_granule_bytes: 65536.
 - commit_granule_words: 8192.
 - virtual_space_node_default_size: 8388608.
 - enlarge_chunks_in_place: 1.
 - use_allocation_guard: 0.


Internal statistics:

num_allocs_failed_limit: 0.
num_arena_births: 166.
num_arena_deaths: 0.
num_vsnodes_births: 2.
num_vsnodes_deaths: 0.
num_space_committed: 128.
num_space_uncommitted: 0.
num_chunks_returned_to_freelist: 0.
num_chunks_taken_from_freelist: 328.
num_chunk_merges: 0.
num_chunk_splits: 235.
num_chunks_enlarged: 176.
num_inconsistent_stats: 0.

CodeHeap 'non-profiled nmethods': size=120000Kb used=728Kb max_used=728Kb free=119271Kb
 bounds [0x000002b39a990000, 0x000002b39ac00000, 0x000002b3a1ec0000]
CodeHeap 'profiled nmethods': size=120000Kb used=3279Kb max_used=3279Kb free=116720Kb
 bounds [0x000002b392ec0000, 0x000002b393200000, 0x000002b39a3f0000]
CodeHeap 'non-nmethods': size=5760Kb used=1207Kb max_used=1240Kb free=4552Kb
 bounds [0x000002b39a3f0000, 0x000002b39a660000, 0x000002b39a990000]
 total_blobs=2240 nmethods=1770 adapters=377
 compilation: enabled
              stopped_count=0, restarted_count=0
 full_count=0

Compilation events (20 events):
Event: 2.481 Thread 0x000002b3e733a820 1759   !   3       org.osgi.framework.VersionRange::parseVersion (43 bytes)
Event: 2.482 Thread 0x000002b3e733a820 nmethod 1759 0x000002b3931ede90 code [0x000002b3931ee120, 0x000002b3931eeab8]
Event: 2.482 Thread 0x000002b3e733a820 1760       3       org.eclipse.osgi.framework.eventmgr.CopyOnWriteIdentityMap::entrySet (15 bytes)
Event: 2.482 Thread 0x000002b3e733a820 nmethod 1760 0x000002b3931eef90 code [0x000002b3931ef160, 0x000002b3931ef608]
Event: 2.482 Thread 0x000002b3e733a820 1761       3       org.eclipse.osgi.framework.eventmgr.CopyOnWriteIdentityMap$Snapshot::<init> (10 bytes)
Event: 2.482 Thread 0x000002b3e733a820 nmethod 1761 0x000002b3931ef810 code [0x000002b3931ef9c0, 0x000002b3931efb48]
Event: 2.503 Thread 0x000002b3e733a820 1762       3       org.osgi.framework.Version::toString0 (102 bytes)
Event: 2.504 Thread 0x000002b3e733a820 nmethod 1762 0x000002b3931efc10 code [0x000002b3931efec0, 0x000002b3931f0890]
Event: 2.504 Thread 0x000002b3e733a820 1763       3       java.lang.Long::valueOf (40 bytes)
Event: 2.505 Thread 0x000002b3e733a820 nmethod 1763 0x000002b3931f0d10 code [0x000002b3931f0ee0, 0x000002b3931f1218]
Event: 2.506 Thread 0x000002b3e733a820 1764       3       java.util.LinkedHashMap::newNode (23 bytes)
Event: 2.506 Thread 0x000002b3e733a820 nmethod 1764 0x000002b3931f1390 code [0x000002b3931f1540, 0x000002b3931f1740]
Event: 2.506 Thread 0x000002b3e733a820 1765       3       java.util.LinkedHashMap$Entry::<init> (10 bytes)
Event: 2.506 Thread 0x000002b3e733a820 nmethod 1765 0x000002b3931f1890 code [0x000002b3931f1a40, 0x000002b3931f1c48]
Event: 2.506 Thread 0x000002b3e733a820 1766       3       java.util.LinkedHashMap::afterNodeInsertion (40 bytes)
Event: 2.506 Thread 0x000002b3e733a820 nmethod 1766 0x000002b3931f1d90 code [0x000002b3931f1f40, 0x000002b3931f2128]
Event: 2.506 Thread 0x000002b3e733a820 1767       3       jdk.internal.misc.Unsafe::weakCompareAndSetInt (11 bytes)
Event: 2.506 Thread 0x000002b3e733a820 nmethod 1767 0x000002b3931f2210 code [0x000002b3931f23a0, 0x000002b3931f24c8]
Event: 2.513 Thread 0x000002b3e733a820 1768       1       org.eclipse.osgi.container.ModuleRevisionBuilder::getSymbolicName (5 bytes)
Event: 2.513 Thread 0x000002b3e733a820 nmethod 1768 0x000002b39aa44c10 code [0x000002b39aa44da0, 0x000002b39aa44e68]

GC Heap History (4 events):
Event: 1.336 GC heap before
{Heap before GC invocations=1 (full 0):
 PSYoungGen      total 29696K, used 25600K [0x00000000eab00000, 0x00000000ecc00000, 0x0000000100000000)
  eden space 25600K, 100% used [0x00000000eab00000,0x00000000ec400000,0x00000000ec400000)
  from space 4096K, 0% used [0x00000000ec800000,0x00000000ec800000,0x00000000ecc00000)
  to   space 4096K, 0% used [0x00000000ec400000,0x00000000ec400000,0x00000000ec800000)
 ParOldGen       total 68608K, used 0K [0x00000000c0000000, 0x00000000c4300000, 0x00000000eab00000)
  object space 68608K, 0% used [0x00000000c0000000,0x00000000c0000000,0x00000000c4300000)
 Metaspace       used 4340K, committed 4544K, reserved 1114112K
  class space    used 435K, committed 512K, reserved 1048576K
}
Event: 1.344 GC heap after
{Heap after GC invocations=1 (full 0):
 PSYoungGen      total 29696K, used 3230K [0x00000000eab00000, 0x00000000ecc00000, 0x0000000100000000)
  eden space 25600K, 0% used [0x00000000eab00000,0x00000000eab00000,0x00000000ec400000)
  from space 4096K, 78% used [0x00000000ec400000,0x00000000ec727b10,0x00000000ec800000)
  to   space 4096K, 0% used [0x00000000ec800000,0x00000000ec800000,0x00000000ecc00000)
 ParOldGen       total 68608K, used 16K [0x00000000c0000000, 0x00000000c4300000, 0x00000000eab00000)
  object space 68608K, 0% used [0x00000000c0000000,0x00000000c0004000,0x00000000c4300000)
 Metaspace       used 4340K, committed 4544K, reserved 1114112K
  class space    used 435K, committed 512K, reserved 1048576K
}
Event: 2.371 GC heap before
{Heap before GC invocations=2 (full 0):
 PSYoungGen      total 29696K, used 28830K [0x00000000eab00000, 0x00000000ecc00000, 0x0000000100000000)
  eden space 25600K, 100% used [0x00000000eab00000,0x00000000ec400000,0x00000000ec400000)
  from space 4096K, 78% used [0x00000000ec400000,0x00000000ec727b10,0x00000000ec800000)
  to   space 4096K, 0% used [0x00000000ec800000,0x00000000ec800000,0x00000000ecc00000)
 ParOldGen       total 68608K, used 16K [0x00000000c0000000, 0x00000000c4300000, 0x00000000eab00000)
  object space 68608K, 0% used [0x00000000c0000000,0x00000000c0004000,0x00000000c4300000)
 Metaspace       used 7876K, committed 8192K, reserved 1114112K
  class space    used 778K, committed 896K, reserved 1048576K
}
Event: 2.379 GC heap after
{Heap after GC invocations=2 (full 0):
 PSYoungGen      total 29696K, used 4093K [0x00000000eab00000, 0x00000000ecc00000, 0x0000000100000000)
  eden space 25600K, 0% used [0x00000000eab00000,0x00000000eab00000,0x00000000ec400000)
  from space 4096K, 99% used [0x00000000ec800000,0x00000000ecbff5d8,0x00000000ecc00000)
  to   space 4096K, 0% used [0x00000000ec400000,0x00000000ec400000,0x00000000ec800000)
 ParOldGen       total 68608K, used 659K [0x00000000c0000000, 0x00000000c4300000, 0x00000000eab00000)
  object space 68608K, 0% used [0x00000000c0000000,0x00000000c00a4ea8,0x00000000c4300000)
 Metaspace       used 7876K, committed 8192K, reserved 1114112K
  class space    used 778K, committed 896K, reserved 1048576K
}

Dll operation events (8 events):
Event: 0.014 Loaded shared library c:\Users\adil\.vscode\extensions\redhat.java-1.39.0-win32-x64\jre\21.0.5-win32-x86_64\bin\java.dll
Event: 0.205 Loaded shared library c:\Users\adil\.vscode\extensions\redhat.java-1.39.0-win32-x64\jre\21.0.5-win32-x86_64\bin\zip.dll
Event: 0.235 Loaded shared library C:\Users\adil\.vscode\extensions\redhat.java-1.39.0-win32-x64\jre\21.0.5-win32-x86_64\bin\instrument.dll
Event: 0.243 Loaded shared library C:\Users\adil\.vscode\extensions\redhat.java-1.39.0-win32-x64\jre\21.0.5-win32-x86_64\bin\net.dll
Event: 0.247 Loaded shared library C:\Users\adil\.vscode\extensions\redhat.java-1.39.0-win32-x64\jre\21.0.5-win32-x86_64\bin\nio.dll
Event: 0.252 Loaded shared library C:\Users\adil\.vscode\extensions\redhat.java-1.39.0-win32-x64\jre\21.0.5-win32-x86_64\bin\zip.dll
Event: 0.282 Loaded shared library C:\Users\adil\.vscode\extensions\redhat.java-1.39.0-win32-x64\jre\21.0.5-win32-x86_64\bin\jimage.dll
Event: 0.416 Loaded shared library c:\Users\adil\.vscode\extensions\redhat.java-1.39.0-win32-x64\jre\21.0.5-win32-x86_64\bin\verify.dll

Deoptimization events (20 events):
Event: 1.831 Thread 0x000002b38e38c0c0 DEOPT PACKING pc=0x000002b39a9d3d64 sp=0x000000e5063fe620
Event: 1.831 Thread 0x000002b38e38c0c0 DEOPT UNPACKING pc=0x000002b39a443aa2 sp=0x000000e5063fe4e8 mode 2
Event: 2.005 Thread 0x000002b38e38c0c0 Uncommon trap: trap_request=0xffffff45 fr.pc=0x000002b39aa05750 relative=0x00000000000000b0
Event: 2.005 Thread 0x000002b38e38c0c0 Uncommon trap: reason=unstable_if action=reinterpret pc=0x000002b39aa05750 method=java.util.concurrent.locks.ReentrantLock$NonfairSync.initialTryLock()Z @ 10 c2
Event: 2.005 Thread 0x000002b38e38c0c0 DEOPT PACKING pc=0x000002b39aa05750 sp=0x000000e5063fe8c0
Event: 2.005 Thread 0x000002b38e38c0c0 DEOPT UNPACKING pc=0x000002b39a443aa2 sp=0x000000e5063fe850 mode 2
Event: 2.084 Thread 0x000002b38e38c0c0 Uncommon trap: trap_request=0xffffffde fr.pc=0x000002b39a9e765c relative=0x00000000000004fc
Event: 2.084 Thread 0x000002b38e38c0c0 Uncommon trap: reason=class_check action=maybe_recompile pc=0x000002b39a9e765c method=java.util.HashMap.putVal(ILjava/lang/Object;Ljava/lang/Object;ZZ)Ljava/lang/Object; @ 253 c2
Event: 2.084 Thread 0x000002b38e38c0c0 DEOPT PACKING pc=0x000002b39a9e765c sp=0x000000e5063fe220
Event: 2.084 Thread 0x000002b38e38c0c0 DEOPT UNPACKING pc=0x000002b39a443aa2 sp=0x000000e5063fe1b0 mode 2
Event: 2.245 Thread 0x000002b38e38c0c0 DEOPT PACKING pc=0x000002b393047ec3 sp=0x000000e5063fe860
Event: 2.245 Thread 0x000002b38e38c0c0 DEOPT UNPACKING pc=0x000002b39a444242 sp=0x000000e5063fdd00 mode 0
Event: 2.325 Thread 0x000002b38e38c0c0 Uncommon trap: trap_request=0xffffff45 fr.pc=0x000002b39aa053b8 relative=0x0000000000000098
Event: 2.325 Thread 0x000002b38e38c0c0 Uncommon trap: reason=unstable_if action=reinterpret pc=0x000002b39aa053b8 method=java.io.BufferedInputStream.getBufIfOpen(Z)[B @ 13 c2
Event: 2.325 Thread 0x000002b38e38c0c0 DEOPT PACKING pc=0x000002b39aa053b8 sp=0x000000e5063fe630
Event: 2.325 Thread 0x000002b38e38c0c0 DEOPT UNPACKING pc=0x000002b39a443aa2 sp=0x000000e5063fe5b0 mode 2
Event: 2.327 Thread 0x000002b38e38c0c0 Uncommon trap: trap_request=0xffffff45 fr.pc=0x000002b39a9c4c70 relative=0x00000000000002d0
Event: 2.327 Thread 0x000002b38e38c0c0 Uncommon trap: reason=unstable_if action=reinterpret pc=0x000002b39a9c4c70 method=java.util.HashMap$HashIterator.<init>(Ljava/util/HashMap;)V @ 45 c2
Event: 2.327 Thread 0x000002b38e38c0c0 DEOPT PACKING pc=0x000002b39a9c4c70 sp=0x000000e5063fe760
Event: 2.327 Thread 0x000002b38e38c0c0 DEOPT UNPACKING pc=0x000002b39a443aa2 sp=0x000000e5063fe6f8 mode 2

Classes loaded (20 events):
Event: 2.104 Loading class javax/xml/parsers/ParserConfigurationException
Event: 2.104 Loading class javax/xml/parsers/ParserConfigurationException done
Event: 2.114 Loading class java/security/KeyStoreException
Event: 2.114 Loading class java/security/KeyStoreException done
Event: 2.139 Loading class java/lang/Thread$Builder$OfPlatform
Event: 2.140 Loading class java/lang/Thread$Builder
Event: 2.140 Loading class java/lang/Thread$Builder done
Event: 2.140 Loading class java/lang/Thread$Builder$OfPlatform done
Event: 2.140 Loading class java/lang/Thread$Builder$OfVirtual
Event: 2.140 Loading class java/lang/Thread$Builder$OfVirtual done
Event: 2.160 Loading class sun/nio/fs/WindowsChannelFactory
Event: 2.161 Loading class sun/nio/fs/WindowsChannelFactory done
Event: 2.161 Loading class sun/nio/fs/WindowsChannelFactory$1
Event: 2.161 Loading class sun/nio/fs/WindowsChannelFactory$1 done
Event: 2.161 Loading class sun/nio/fs/WindowsChannelFactory$Flags
Event: 2.162 Loading class sun/nio/fs/WindowsChannelFactory$Flags done
Event: 2.164 Loading class sun/nio/ch/FileChannelImpl$Closer
Event: 2.164 Loading class sun/nio/ch/FileChannelImpl$Closer done
Event: 2.333 Loading class java/util/MissingResourceException
Event: 2.333 Loading class java/util/MissingResourceException done

Classes unloaded (0 events):
No events

Classes redefined (0 events):
No events

Internal exceptions (20 events):
Event: 1.252 Thread 0x000002b38e38c0c0 Exception <a 'java/lang/ClassNotFoundException'{0x00000000ec275768}: sun/net/www/protocol/c/Handler> (0x00000000ec275768) 
thrown [s\src\hotspot\share\classfile\systemDictionary.cpp, line 312]
Event: 1.252 Thread 0x000002b38e38c0c0 Exception <a 'java/lang/ClassNotFoundException'{0x00000000ec2768e0}: sun/net/www/protocol/c/Handler> (0x00000000ec2768e0) 
thrown [s\src\hotspot\share\classfile\systemDictionary.cpp, line 312]
Event: 1.269 Thread 0x000002b38e38c0c0 Exception <a 'java/io/FileNotFoundException'{0x00000000ec29e1a0}> (0x00000000ec29e1a0) 
thrown [s\src\hotspot\share\prims\jni.cpp, line 520]
Event: 1.320 Thread 0x000002b38e38c0c0 Implicit null exception at 0x000002b39a9ee3c9 to 0x000002b39a9eed78
Event: 1.320 Thread 0x000002b38e38c0c0 Implicit null exception at 0x000002b39a9e3140 to 0x000002b39a9e340c
Event: 1.320 Thread 0x000002b38e38c0c0 Implicit null exception at 0x000002b39a9e5e40 to 0x000002b39a9e6114
Event: 1.320 Thread 0x000002b38e38c0c0 Implicit null exception at 0x000002b39a9edf40 to 0x000002b39a9edfc5
Event: 1.428 Thread 0x000002b38e38c0c0 Exception <a 'java/lang/NoSuchMethodError'{0x00000000ead33d30}: 'long java.lang.invoke.DirectMethodHandle$Holder.invokeStatic(java.lang.Object, java.lang.Object, int)'> (0x00000000ead33d30) 
thrown [s\src\hotspot\share\interpreter\linkResolver.cpp, line 773]
Event: 1.431 Thread 0x000002b38e38c0c0 Exception <a 'java/lang/NoSuchMethodError'{0x00000000ead3b898}: 'java.lang.Object java.lang.invoke.DirectMethodHandle$Holder.invokeSpecial(java.lang.Object, java.lang.Object, java.lang.Object, java.lang.Object, long)'> (0x00000000ead3b898) 
thrown [s\src\hotspot\share\interpreter\linkResolver.cpp, line 773]
Event: 1.435 Thread 0x000002b38e38c0c0 Exception <a 'java/lang/NoSuchMethodError'{0x00000000ead49518}: 'java.lang.Object java.lang.invoke.DirectMethodHandle$Holder.invokeSpecial(java.lang.Object, java.lang.Object, java.lang.Object, int, java.lang.Object)'> (0x00000000ead49518) 
thrown [s\src\hotspot\share\interpreter\linkResolver.cpp, line 773]
Event: 1.438 Thread 0x000002b38e38c0c0 Exception <a 'java/lang/NoSuchMethodError'{0x00000000ead631a8}: 'java.lang.Object java.lang.invoke.Invokers$Holder.invokeExact_MT(java.lang.Object, java.lang.Object, java.lang.Object, java.lang.Object, java.lang.Object, java.lang.Object)'> (0x00000000ead631a8) 
thrown [s\src\hotspot\share\interpreter\linkResolver.cpp, line 773]
Event: 1.442 Thread 0x000002b38e38c0c0 Exception <a 'java/lang/NoSuchMethodError'{0x00000000ead7c918}: 'int java.lang.invoke.DirectMethodHandle$Holder.invokeStaticInit(java.lang.Object, java.lang.Object, java.lang.Object, java.lang.Object)'> (0x00000000ead7c918) 
thrown [s\src\hotspot\share\interpreter\linkResolver.cpp, line 773]
Event: 1.443 Thread 0x000002b38e38c0c0 Exception <a 'java/lang/NoSuchMethodError'{0x00000000ead85368}: 'java.lang.Object java.lang.invoke.DirectMethodHandle$Holder.invokeInterface(java.lang.Object, java.lang.Object)'> (0x00000000ead85368) 
thrown [s\src\hotspot\share\interpreter\linkResolver.cpp, line 773]
Event: 1.444 Thread 0x000002b38e38c0c0 Exception <a 'java/lang/IncompatibleClassChangeError'{0x00000000ead888a0}: Found class java.lang.Object, but interface was expected> (0x00000000ead888a0) 
thrown [s\src\hotspot\share\interpreter\linkResolver.cpp, line 840]
Event: 1.444 Thread 0x000002b38e38c0c0 Exception <a 'java/lang/NoSuchMethodError'{0x00000000ead8ca58}: 'void java.lang.invoke.DirectMethodHandle$Holder.invokeStatic(java.lang.Object, java.lang.Object)'> (0x00000000ead8ca58) 
thrown [s\src\hotspot\share\interpreter\linkResolver.cpp, line 773]
Event: 1.445 Thread 0x000002b38e38c0c0 Exception <a 'java/lang/NoSuchMethodError'{0x00000000ead8fe00}: 'void java.lang.invoke.DirectMethodHandle$Holder.invokeStaticInit(java.lang.Object, java.lang.Object)'> (0x00000000ead8fe00) 
thrown [s\src\hotspot\share\interpreter\linkResolver.cpp, line 773]
Event: 1.446 Thread 0x000002b38e38c0c0 Exception <a 'java/lang/NoSuchMethodError'{0x00000000ead96e20}: 'int java.lang.invoke.DirectMethodHandle$Holder.invokeStaticInit(java.lang.Object, java.lang.Object)'> (0x00000000ead96e20) 
thrown [s\src\hotspot\share\interpreter\linkResolver.cpp, line 773]
Event: 1.556 Thread 0x000002b38e38c0c0 Exception <a 'java/lang/NoSuchMethodError'{0x00000000eb079ff8}: 'int java.lang.invoke.DirectMethodHandle$Holder.invokeVirtual(java.lang.Object, java.lang.Object)'> (0x00000000eb079ff8) 
thrown [s\src\hotspot\share\interpreter\linkResolver.cpp, line 773]
Event: 2.054 Thread 0x000002b38e38c0c0 Exception <a 'java/lang/NoSuchMethodError'{0x00000000ebdc8c20}: 'java.lang.Object java.lang.invoke.DirectMethodHandle$Holder.newInvokeSpecial(java.lang.Object, int, java.lang.Object)'> (0x00000000ebdc8c20) 
thrown [s\src\hotspot\share\interpreter\linkResolver.cpp, line 773]
Event: 2.068 Thread 0x000002b38e38c0c0 Exception <a 'java/lang/NoSuchMethodError'{0x00000000ebde5610}: 'java.lang.Object java.lang.invoke.DirectMethodHandle$Holder.newInvokeSpecial(java.lang.Object, java.lang.Object, java.lang.Object, java.lang.Object, int, java.lang.Object)'> (0x00000000ebde5610) 
thrown [s\src\hotspot\share\interpreter\linkResolver.cpp, line 773]

ZGC Phase Switch (0 events):
No events

VM Operations (18 events):
Event: 0.203 Executing VM operation: HandshakeAllThreads (Deoptimize)
Event: 0.203 Executing VM operation: HandshakeAllThreads (Deoptimize) done
Event: 0.296 Executing VM operation: HandshakeAllThreads (Deoptimize)
Event: 0.296 Executing VM operation: HandshakeAllThreads (Deoptimize) done
Event: 0.978 Executing VM operation: HandshakeAllThreads (Deoptimize)
Event: 0.978 Executing VM operation: HandshakeAllThreads (Deoptimize) done
Event: 1.012 Executing VM operation: HandshakeAllThreads (Deoptimize)
Event: 1.012 Executing VM operation: HandshakeAllThreads (Deoptimize) done
Event: 1.228 Executing VM operation: HandshakeAllThreads (Deoptimize)
Event: 1.228 Executing VM operation: HandshakeAllThreads (Deoptimize) done
Event: 1.228 Executing VM operation: Cleanup
Event: 1.229 Executing VM operation: Cleanup done
Event: 1.336 Executing VM operation: ParallelGCFailedAllocation (Allocation Failure)
Event: 1.344 Executing VM operation: ParallelGCFailedAllocation (Allocation Failure) done
Event: 2.032 Executing VM operation: HandshakeAllThreads (Deoptimize)
Event: 2.032 Executing VM operation: HandshakeAllThreads (Deoptimize) done
Event: 2.370 Executing VM operation: ParallelGCFailedAllocation (Allocation Failure)
Event: 2.379 Executing VM operation: ParallelGCFailedAllocation (Allocation Failure) done

Memory protections (0 events):
No events

Nmethod flushes (0 events):
No events

Events (20 events):
Event: 0.131 Thread 0x000002b38e38c0c0 Thread added: 0x000002b3a47f0be0
Event: 0.131 Thread 0x000002b38e38c0c0 Thread added: 0x000002b3a47f2aa0
Event: 0.131 Thread 0x000002b38e38c0c0 Thread added: 0x000002b3a47f5af0
Event: 0.131 Thread 0x000002b38e38c0c0 Thread added: 0x000002b3a47f6740
Event: 0.131 Thread 0x000002b38e38c0c0 Thread added: 0x000002b3a47f3ff0
Event: 0.136 Thread 0x000002b38e38c0c0 Thread added: 0x000002b3e733a820
Event: 0.178 Thread 0x000002b38e38c0c0 Thread added: 0x000002b3e73daf20
Event: 0.218 Thread 0x000002b3e733a820 Thread added: 0x000002b3e74cca70
Event: 0.645 Thread 0x000002b38e38c0c0 Thread added: 0x000002b3e75ff700
Event: 1.893 Thread 0x000002b3e74cca70 Thread exited: 0x000002b3e74cca70
Event: 1.959 Thread 0x000002b38e38c0c0 Thread added: 0x000002b3e7d51b60
Event: 1.964 Thread 0x000002b3e7d51b60 Thread added: 0x000002b3e7d49570
Event: 1.970 Thread 0x000002b38e38c0c0 Thread added: 0x000002b3e7b4e200
Event: 1.980 Thread 0x000002b38e38c0c0 Thread added: 0x000002b3e7b4f480
Event: 1.987 Thread 0x000002b38e38c0c0 Thread added: 0x000002b3e7b51af0
Event: 1.992 Thread 0x000002b38e38c0c0 Thread added: 0x000002b3e7b52560
Event: 2.019 Thread 0x000002b38e38c0c0 Thread added: 0x000002b3e7b5d6b0
Event: 2.331 Thread 0x000002b38e38c0c0 Thread added: 0x000002b3e7e9e7f0
Event: 2.334 Thread 0x000002b38e38c0c0 Thread added: 0x000002b3ec1f6230
Event: 2.347 Thread 0x000002b3e733a820 Thread added: 0x000002b3e7e9de20


Dynamic libraries:
0x00007ff6a7790000 - 0x00007ff6a779e000 	c:\Users\adil\.vscode\extensions\redhat.java-1.39.0-win32-x64\jre\21.0.5-win32-x86_64\bin\java.exe
0x00007ffe7a7b0000 - 0x00007ffe7a9c7000 	C:\WINDOWS\SYSTEM32\ntdll.dll
0x00007ffe78f70000 - 0x00007ffe79034000 	C:\WINDOWS\System32\KERNEL32.DLL
0x00007ffe77df0000 - 0x00007ffe781c0000 	C:\WINDOWS\System32\KERNELBASE.dll
0x00007ffe77b10000 - 0x00007ffe77c21000 	C:\WINDOWS\System32\ucrtbase.dll
0x00007ffe66c90000 - 0x00007ffe66ca8000 	c:\Users\adil\.vscode\extensions\redhat.java-1.39.0-win32-x64\jre\21.0.5-win32-x86_64\bin\jli.dll
0x00007ffe7a390000 - 0x00007ffe7a53e000 	C:\WINDOWS\System32\USER32.dll
0x00007ffe77a60000 - 0x00007ffe77a86000 	C:\WINDOWS\System32\win32u.dll
0x00007ffe7a5d0000 - 0x00007ffe7a5f9000 	C:\WINDOWS\System32\GDI32.dll
0x00007ffe77cd0000 - 0x00007ffe77deb000 	C:\WINDOWS\System32\gdi32full.dll
0x00007ffe77c30000 - 0x00007ffe77cca000 	C:\WINDOWS\System32\msvcp_win.dll
0x00007ffe66a90000 - 0x00007ffe66aae000 	c:\Users\adil\.vscode\extensions\redhat.java-1.39.0-win32-x64\jre\21.0.5-win32-x86_64\bin\VCRUNTIME140.dll
0x00007ffe635f0000 - 0x00007ffe63882000 	C:\WINDOWS\WinSxS\amd64_microsoft.windows.common-controls_6595b64144ccf1df_6.0.22621.4830_none_270fe7d773858e80\COMCTL32.dll
0x00007ffe7a230000 - 0x00007ffe7a2d7000 	C:\WINDOWS\System32\msvcrt.dll
0x00007ffe78f30000 - 0x00007ffe78f61000 	C:\WINDOWS\System32\IMM32.DLL
0x00007ffe74840000 - 0x00007ffe7484c000 	c:\Users\adil\.vscode\extensions\redhat.java-1.39.0-win32-x64\jre\21.0.5-win32-x86_64\bin\vcruntime140_1.dll
0x00007ffe66350000 - 0x00007ffe663dd000 	c:\Users\adil\.vscode\extensions\redhat.java-1.39.0-win32-x64\jre\21.0.5-win32-x86_64\bin\msvcp140.dll
0x00007ffe16250000 - 0x00007ffe16fdf000 	c:\Users\adil\.vscode\extensions\redhat.java-1.39.0-win32-x64\jre\21.0.5-win32-x86_64\bin\server\jvm.dll
0x00007ffe794f0000 - 0x00007ffe795a1000 	C:\WINDOWS\System32\ADVAPI32.dll
0x00007ffe7a2e0000 - 0x00007ffe7a387000 	C:\WINDOWS\System32\sechost.dll
0x00007ffe78280000 - 0x00007ffe782a8000 	C:\WINDOWS\System32\bcrypt.dll
0x00007ffe78630000 - 0x00007ffe78744000 	C:\WINDOWS\System32\RPCRT4.dll
0x00007ffe796c0000 - 0x00007ffe79731000 	C:\WINDOWS\System32\WS2_32.dll
0x00007ffe768c0000 - 0x00007ffe7690d000 	C:\WINDOWS\SYSTEM32\POWRPROF.dll
0x00007ffe722e0000 - 0x00007ffe72314000 	C:\WINDOWS\SYSTEM32\WINMM.dll
0x00007ffe6f6f0000 - 0x00007ffe6f6fa000 	C:\WINDOWS\SYSTEM32\VERSION.dll
0x00007ffe768a0000 - 0x00007ffe768b3000 	C:\WINDOWS\SYSTEM32\UMPDC.dll
0x00007ffe76af0000 - 0x00007ffe76b08000 	C:\WINDOWS\SYSTEM32\kernel.appcore.dll
0x00007ffe72390000 - 0x00007ffe7239a000 	c:\Users\adil\.vscode\extensions\redhat.java-1.39.0-win32-x64\jre\21.0.5-win32-x86_64\bin\jimage.dll
0x00007ffe75340000 - 0x00007ffe75572000 	C:\WINDOWS\SYSTEM32\DBGHELP.DLL
0x00007ffe79140000 - 0x00007ffe794d0000 	C:\WINDOWS\System32\combase.dll
0x00007ffe78820000 - 0x00007ffe788f7000 	C:\WINDOWS\System32\OLEAUT32.dll
0x00007ffe64690000 - 0x00007ffe646c2000 	C:\WINDOWS\SYSTEM32\dbgcore.DLL
0x00007ffe78420000 - 0x00007ffe7849b000 	C:\WINDOWS\System32\bcryptPrimitives.dll
0x00007ffe6fd30000 - 0x00007ffe6fd3f000 	c:\Users\adil\.vscode\extensions\redhat.java-1.39.0-win32-x64\jre\21.0.5-win32-x86_64\bin\instrument.dll
0x00007ffe66a70000 - 0x00007ffe66a8f000 	c:\Users\adil\.vscode\extensions\redhat.java-1.39.0-win32-x64\jre\21.0.5-win32-x86_64\bin\java.dll
0x00007ffe799b0000 - 0x00007ffe7a228000 	C:\WINDOWS\System32\SHELL32.dll
0x00007ffe75970000 - 0x00007ffe76280000 	C:\WINDOWS\SYSTEM32\windows.storage.dll
0x00007ffe75830000 - 0x00007ffe7596f000 	C:\WINDOWS\SYSTEM32\wintypes.dll
0x00007ffe795b0000 - 0x00007ffe796ba000 	C:\WINDOWS\System32\SHCORE.dll
0x00007ffe790e0000 - 0x00007ffe7913e000 	C:\WINDOWS\System32\shlwapi.dll
0x00007ffe77990000 - 0x00007ffe779bb000 	C:\WINDOWS\SYSTEM32\profapi.dll
0x00007ffe66a50000 - 0x00007ffe66a68000 	c:\Users\adil\.vscode\extensions\redhat.java-1.39.0-win32-x64\jre\21.0.5-win32-x86_64\bin\zip.dll
0x00007ffe71150000 - 0x00007ffe71160000 	C:\Users\adil\.vscode\extensions\redhat.java-1.39.0-win32-x64\jre\21.0.5-win32-x86_64\bin\net.dll
0x00007ffe72c60000 - 0x00007ffe72d8c000 	C:\WINDOWS\SYSTEM32\WINHTTP.dll
0x00007ffe76fd0000 - 0x00007ffe77039000 	C:\WINDOWS\system32\mswsock.dll
0x00007ffe66330000 - 0x00007ffe66346000 	C:\Users\adil\.vscode\extensions\redhat.java-1.39.0-win32-x64\jre\21.0.5-win32-x86_64\bin\nio.dll
0x00007ffe6fcf0000 - 0x00007ffe6fd00000 	c:\Users\adil\.vscode\extensions\redhat.java-1.39.0-win32-x64\jre\21.0.5-win32-x86_64\bin\verify.dll

dbghelp: loaded successfully - version: 4.0.5 - missing functions: none
symbol engine: initialized successfully - sym options: 0x614 - pdb path: .;c:\Users\adil\.vscode\extensions\redhat.java-1.39.0-win32-x64\jre\21.0.5-win32-x86_64\bin;C:\WINDOWS\SYSTEM32;C:\WINDOWS\WinSxS\amd64_microsoft.windows.common-controls_6595b64144ccf1df_6.0.22621.4830_none_270fe7d773858e80;c:\Users\adil\.vscode\extensions\redhat.java-1.39.0-win32-x64\jre\21.0.5-win32-x86_64\bin\server

VM Arguments:
jvm_args: --add-modules=ALL-SYSTEM --add-opens=java.base/java.util=ALL-UNNAMED --add-opens=java.base/java.lang=ALL-UNNAMED --add-opens=java.base/sun.nio.fs=ALL-UNNAMED -Declipse.application=org.eclipse.jdt.ls.core.id1 -Dosgi.bundles.defaultStartLevel=4 -Declipse.product=org.eclipse.jdt.ls.core.product -Djava.import.generatesMetadataFilesAtProjectRoot=false -DDetectVMInstallationsJob.disabled=true -Dfile.encoding=utf8 -XX:+UseParallelGC -XX:GCTimeRatio=4 -XX:AdaptiveSizePolicyWeight=90 -Dsun.zip.disableMemoryMapping=true -Xmx1G -Xms100m -Xlog:disable -javaagent:c:\Users\adil\.vscode\extensions\redhat.java-1.39.0-win32-x64\lombok\lombok-1.18.34.jar -XX:+HeapDumpOnOutOfMemoryError -XX:HeapDumpPath=c:\Users\adil\AppData\Roaming\Code\User\workspaceStorage\c56f5ae5a7d1f17bf360b57006ca7415\redhat.java -Daether.dependencyCollector.impl=bf 
java_command: c:\Users\adil\.vscode\extensions\redhat.java-1.39.0-win32-x64\server\plugins\org.eclipse.equinox.launcher_1.6.900.v20240613-2009.jar -configuration c:\Users\adil\AppData\Roaming\Code\User\globalStorage\redhat.java\1.39.0\config_win -data c:\Users\adil\AppData\Roaming\Code\User\workspaceStorage\c56f5ae5a7d1f17bf360b57006ca7415\redhat.java\jdt_ws --pipe=\\.\pipe\lsp-18bf8505760674ba18430907c2da3d74-sock
java_class_path (initial): c:\Users\adil\.vscode\extensions\redhat.java-1.39.0-win32-x64\server\plugins\org.eclipse.equinox.launcher_1.6.900.v20240613-2009.jar
Launcher Type: SUN_STANDARD

[Global flags]
    uintx AdaptiveSizePolicyWeight                 = 90                                        {product} {command line}
     intx CICompilerCount                          = 4                                         {product} {ergonomic}
    uintx GCTimeRatio                              = 4                                         {product} {command line}
     bool HeapDumpOnOutOfMemoryError               = true                                   {manageable} {command line}
    ccstr HeapDumpPath                             = c:\Users\adil\AppData\Roaming\Code\User\workspaceStorage\c56f5ae5a7d1f17bf360b57006ca7415\redhat.java         {manageable} {command line}
   size_t InitialHeapSize                          = 104857600                                 {product} {command line}
   size_t MaxHeapSize                              = 1073741824                                {product} {command line}
   size_t MaxNewSize                               = 357564416                                 {product} {ergonomic}
   size_t MinHeapDeltaBytes                        = 524288                                    {product} {ergonomic}
   size_t MinHeapSize                              = 104857600                                 {product} {command line}
   size_t NewSize                                  = 34603008                                  {product} {ergonomic}
    uintx NonNMethodCodeHeapSize                   = 5839372                                {pd product} {ergonomic}
    uintx NonProfiledCodeHeapSize                  = 122909434                              {pd product} {ergonomic}
   size_t OldSize                                  = 70254592                                  {product} {ergonomic}
    uintx ProfiledCodeHeapSize                     = 122909434                              {pd product} {ergonomic}
    uintx ReservedCodeCacheSize                    = 251658240                              {pd product} {ergonomic}
     bool SegmentedCodeCache                       = true                                      {product} {ergonomic}
   size_t SoftMaxHeapSize                          = 1073741824                             {manageable} {ergonomic}
     bool UseCompressedOops                        = true                           {product lp64_product} {ergonomic}
     bool UseLargePagesIndividualAllocation        = false                                  {pd product} {ergonomic}
     bool UseParallelGC                            = true                                      {product} {command line}

Logging:
Log output configuration:
 #0: stdout all=off uptime,level,tags foldmultilines=false
 #1: stderr all=off uptime,level,tags foldmultilines=false

Environment Variables:
JAVA_HOME=C:\Program Files\Java\jdk-17
PATH=C:\Program Files\Java\jdk-17\bin;C:\Program Files\Python311\Scripts\;C:\Program Files\Python311\;C:\Windows\system32;C:\Windows;C:\Windows\System32\Wbem;C:\Windows\System32\WindowsPowerShell\v1.0\;C:\Windows\System32\OpenSSH\;C:\Program Files (x86)\NVIDIA Corporation\PhysX\Common;C:\Program Files\NVIDIA Corporation\NVIDIA NvDLISR;C:\Program Files\Git\cmd;C:\WINDOWS\system32;C:\WINDOWS;C:\WINDOWS\System32\Wbem;C:\WINDOWS\System32\WindowsPowerShell\v1.0\;C:\WINDOWS\System32\OpenSSH\;C:\Users\adil\AppData\Local\Microsoft\WindowsApps;C:\Users\adil\AppData\Local\Programs\Microsoft VS Code\bin;C:\Users\adil\OneDrive\Documents\flutter_windows_3.3.10-stable\flutter\bin;C:\Users\adil\AppData\Local\GitHubDesktop\bin
USERNAME=adil
OS=Windows_NT
PROCESSOR_IDENTIFIER=Intel64 Family 6 Model 165 Stepping 2, GenuineIntel
TMP=C:\Users\adil\AppData\Local\Temp
TEMP=C:\Users\adil\AppData\Local\Temp




Periodic native trim disabled

---------------  S Y S T E M  ---------------

OS:
 Windows 11 , 64 bit Build 22621 (10.0.22621.4830)
OS uptime: 5 days 22:04 hours
Hyper-V role detected

CPU: total 8 (initial active 8) (4 cores per cpu, 2 threads per core) family 6 model 165 stepping 2 microcode 0xe0, cx8, cmov, fxsr, ht, mmx, 3dnowpref, sse, sse2, sse3, ssse3, sse4.1, sse4.2, popcnt, lzcnt, tsc, tscinvbit, avx, avx2, aes, erms, clmul, bmi1, bmi2, adx, fma, vzeroupper, clflush, clflushopt, hv, rdtscp, f16c
Processor Information for all 8 processors :
  Max Mhz: 2496, Current Mhz: 2496, Mhz Limit: 2496

Memory: 4k page, system-wide physical 8029M (365M free)
TotalPageFile size 32605M (AvailPageFile size 6M)
current process WorkingSet (physical memory assigned to process): 95M, peak: 96M
current process commit charge ("private bytes"): 210M, peak: 211M

vm_info: OpenJDK 64-Bit Server VM (21.0.5+11-LTS) for windows-amd64 JRE (21.0.5+11-LTS), built on 2024-10-15T00:00:00Z by "admin" with MS VC++ 17.7 (VS2022)

END.
