#
# There is insufficient memory for the Java Runtime Environment to continue.
# Native memory allocation (malloc) failed to allocate 371024 bytes. Error detail: Chunk::new
# Possible reasons:
#   The system is out of physical RAM or swap space
#   This process is running with CompressedOops enabled, and the Java Heap may be blocking the growth of the native heap
# Possible solutions:
#   Reduce memory load on the system
#   Increase physical memory or swap space
#   Check if swap backing store is full
#   Decrease Java heap size (-Xmx/-Xms)
#   Decrease number of Java threads
#   Decrease Java thread stack sizes (-Xss)
#   Set larger code cache with -XX:ReservedCodeCacheSize=
#   JVM is running with Unscaled Compressed Oops mode in which the Java heap is
#     placed in the first 4GB address space. The Java Heap base address is the
#     maximum limit for the native heap growth. Please use -XX:HeapBaseMinAddress
#     to set the Java Heap base and to place the Java Heap above 4GB virtual address.
# This output file may be truncated or incomplete.
#
#  Out of Memory Error (arena.cpp:168), pid=4988, tid=11420
#
# JRE version: OpenJDK Runtime Environment Temurin-21.0.5+11 (21.0.5+11) (build 21.0.5+11-LTS)
# Java VM: OpenJDK 64-Bit Server VM Temurin-21.0.5+11 (21.0.5+11-LTS, mixed mode, sharing, tiered, compressed oops, compressed class ptrs, parallel gc, windows-amd64)
# No core dump will be written. Minidumps are not enabled by default on client versions of Windows
#

---------------  S U M M A R Y ------------

Command Line: --add-modules=ALL-SYSTEM --add-opens=java.base/java.util=ALL-UNNAMED --add-opens=java.base/java.lang=ALL-UNNAMED --add-opens=java.base/sun.nio.fs=ALL-UNNAMED -Declipse.application=org.eclipse.jdt.ls.core.id1 -Dosgi.bundles.defaultStartLevel=4 -Declipse.product=org.eclipse.jdt.ls.core.product -Djava.import.generatesMetadataFilesAtProjectRoot=false -DDetectVMInstallationsJob.disabled=true -Dfile.encoding=utf8 -XX:+UseParallelGC -XX:GCTimeRatio=4 -XX:AdaptiveSizePolicyWeight=90 -Dsun.zip.disableMemoryMapping=true -Xmx1G -Xms100m -Xlog:disable -javaagent:c:\Users\adil\.vscode\extensions\redhat.java-1.39.0-win32-x64\lombok\lombok-1.18.34.jar -XX:+HeapDumpOnOutOfMemoryError -XX:HeapDumpPath=c:\Users\adil\AppData\Roaming\Code\User\workspaceStorage\c56f5ae5a7d1f17bf360b57006ca7415\redhat.java -Daether.dependencyCollector.impl=bf c:\Users\adil\.vscode\extensions\redhat.java-1.39.0-win32-x64\server\plugins\org.eclipse.equinox.launcher_1.6.900.v20240613-2009.jar -configuration c:\Users\adil\AppData\Roaming\Code\User\globalStorage\redhat.java\1.39.0\config_win -data c:\Users\adil\AppData\Roaming\Code\User\workspaceStorage\c56f5ae5a7d1f17bf360b57006ca7415\redhat.java\jdt_ws --pipe=\\.\pipe\lsp-0f103dafd96d652a3e6c6a86bb0498e7-sock

Host: Intel(R) Core(TM) i5-10300H CPU @ 2.50GHz, 8 cores, 7G,  Windows 11 , 64 bit Build 22621 (10.0.22621.4830)
Time: Wed Feb 26 22:04:47 2025 India Standard Time elapsed time: 3.383905 seconds (0d 0h 0m 3s)

---------------  T H R E A D  ---------------

Current thread (0x000001c0fd6f73d0):  JavaThread "C2 CompilerThread0" daemon [_thread_in_native, id=11420, stack(0x0000002578f00000,0x0000002579000000) (1024K)]


Current CompileTask:
C2:3383 1357       4       jdk.internal.jimage.ImageLocation::verify (218 bytes)

Stack: [0x0000002578f00000,0x0000002579000000]
Native frames: (J=compiled Java code, j=interpreted, Vv=VM code, C=native code)
V  [jvm.dll+0x6cd4e9]
V  [jvm.dll+0x8a7941]
V  [jvm.dll+0x8a9e6e]
V  [jvm.dll+0x8aa543]
V  [jvm.dll+0x27f6d6]
V  [jvm.dll+0xc500d]
V  [jvm.dll+0xc5543]
V  [jvm.dll+0x3b660c]
V  [jvm.dll+0x1dffe9]
V  [jvm.dll+0x247b22]
V  [jvm.dll+0x246faf]
V  [jvm.dll+0x1c75ce]
V  [jvm.dll+0x25682a]
V  [jvm.dll+0x254dca]
V  [jvm.dll+0x3f00d6]
V  [jvm.dll+0x8514fb]
V  [jvm.dll+0x6cbbed]
C  [ucrtbase.dll+0x29333]
C  [KERNEL32.DLL+0x1259d]
C  [ntdll.dll+0x5af38]


---------------  P R O C E S S  ---------------

Threads class SMR info:
_java_thread_list=0x000001c0ff5dccf0, length=11, elements={
0x000001c0f628bf40, 0x000001c0fd6eba60, 0x000001c0fd6ed430, 0x000001c0fd6f1090,
0x000001c0fd6f2cf0, 0x000001c0fd6f3940, 0x000001c0fd6f4590, 0x000001c0fd6f73d0,
0x000001c0ff207f80, 0x000001c0ff2650c0, 0x000001c0ff4b5f20
}

Java Threads: ( => current thread )
  0x000001c0f628bf40 JavaThread "main"                              [_thread_in_native, id=17160, stack(0x0000002578400000,0x0000002578500000) (1024K)]
  0x000001c0fd6eba60 JavaThread "Reference Handler"          daemon [_thread_blocked, id=19908, stack(0x0000002578900000,0x0000002578a00000) (1024K)]
  0x000001c0fd6ed430 JavaThread "Finalizer"                  daemon [_thread_blocked, id=23368, stack(0x0000002578a00000,0x0000002578b00000) (1024K)]
  0x000001c0fd6f1090 JavaThread "Signal Dispatcher"          daemon [_thread_blocked, id=4104, stack(0x0000002578b00000,0x0000002578c00000) (1024K)]
  0x000001c0fd6f2cf0 JavaThread "Attach Listener"            daemon [_thread_blocked, id=9276, stack(0x0000002578c00000,0x0000002578d00000) (1024K)]
  0x000001c0fd6f3940 JavaThread "Service Thread"             daemon [_thread_blocked, id=2324, stack(0x0000002578d00000,0x0000002578e00000) (1024K)]
  0x000001c0fd6f4590 JavaThread "Monitor Deflation Thread"   daemon [_thread_blocked, id=15228, stack(0x0000002578e00000,0x0000002578f00000) (1024K)]
=>0x000001c0fd6f73d0 JavaThread "C2 CompilerThread0"         daemon [_thread_in_native, id=11420, stack(0x0000002578f00000,0x0000002579000000) (1024K)]
  0x000001c0ff207f80 JavaThread "C1 CompilerThread0"         daemon [_thread_blocked, id=19424, stack(0x0000002579000000,0x0000002579100000) (1024K)]
  0x000001c0ff2650c0 JavaThread "Common-Cleaner"             daemon [_thread_blocked, id=14340, stack(0x0000002579100000,0x0000002579200000) (1024K)]
  0x000001c0ff4b5f20 JavaThread "Notification Thread"        daemon [_thread_blocked, id=13812, stack(0x0000002579200000,0x0000002579300000) (1024K)]
Total: 11

Other Threads:
  0x000001c0f634cce0 VMThread "VM Thread"                           [id=13672, stack(0x0000002578800000,0x0000002578900000) (1024K)]
  0x000001c0f62f5a00 WatcherThread "VM Periodic Task Thread"        [id=14360, stack(0x0000002578700000,0x0000002578800000) (1024K)]
  0x000001c0f62a9e20 WorkerThread "GC Thread#0"                     [id=22976, stack(0x0000002578600000,0x0000002578700000) (1024K)]
  0x000001c0ff5037c0 WorkerThread "GC Thread#1"                     [id=10892, stack(0x0000002579400000,0x0000002579500000) (1024K)]
  0x000001c0ff711a20 WorkerThread "GC Thread#2"                     [id=24260, stack(0x0000002579500000,0x0000002579600000) (1024K)]
  0x000001c0ff711dc0 WorkerThread "GC Thread#3"                     [id=16276, stack(0x0000002579600000,0x0000002579700000) (1024K)]
  0x000001c0ff503b60 WorkerThread "GC Thread#4"                     [id=17508, stack(0x0000002579700000,0x0000002579800000) (1024K)]
  0x000001c0ff503f00 WorkerThread "GC Thread#5"                     [id=15248, stack(0x0000002579800000,0x0000002579900000) (1024K)]
  0x000001c0ff5042a0 WorkerThread "GC Thread#6"                     [id=16368, stack(0x0000002579900000,0x0000002579a00000) (1024K)]
Total: 9

Threads with active compile tasks:
C2 CompilerThread0  3413 1357       4       jdk.internal.jimage.ImageLocation::verify (218 bytes)
Total: 1

VM state: not at safepoint (normal execution)

VM Mutex/Monitor currently owned by a thread: None

Heap address: 0x00000000c0000000, size: 1024 MB, Compressed Oops mode: 32-bit

CDS archive(s) mapped at: [0x000001c08f000000-0x000001c08fba0000-0x000001c08fba0000), size 12189696, SharedBaseAddress: 0x000001c08f000000, ArchiveRelocationMode: 1.
Compressed class space mapped at: 0x000001c090000000-0x000001c0d0000000, reserved size: 1073741824
Narrow klass base: 0x000001c08f000000, Narrow klass shift: 0, Narrow klass range: 0x100000000

GC Precious Log:
 CardTable entry size: 512
 CPUs: 8 total, 8 available
 Memory: 8029M
 Large Page Support: Disabled
 NUMA Support: Disabled
 Compressed Oops: Enabled (32-bit)
 Alignments: Space 512K, Generation 512K, Heap 2M
 Heap Min Capacity: 100M
 Heap Initial Capacity: 100M
 Heap Max Capacity: 1G
 Pre-touch: Disabled
 Parallel Workers: 8

Heap:
 PSYoungGen      total 29696K, used 12528K [0x00000000eab00000, 0x00000000ecc00000, 0x0000000100000000)
  eden space 25600K, 36% used [0x00000000eab00000,0x00000000eb41e958,0x00000000ec400000)
  from space 4096K, 77% used [0x00000000ec400000,0x00000000ec71d860,0x00000000ec800000)
  to   space 4096K, 0% used [0x00000000ec800000,0x00000000ec800000,0x00000000ecc00000)
 ParOldGen       total 68608K, used 8K [0x00000000c0000000, 0x00000000c4300000, 0x00000000eab00000)
  object space 68608K, 0% used [0x00000000c0000000,0x00000000c0002000,0x00000000c4300000)
 Metaspace       used 6206K, committed 6400K, reserved 1114112K
  class space    used 595K, committed 640K, reserved 1048576K

Card table byte_map: [0x000001c0fafa0000,0x000001c0fb1b0000] _byte_map_base: 0x000001c0fa9a0000

Marking Bits: (ParMarkBitMap*) 0x00007ffe16f02250
 Begin Bits: [0x000001c0fb310000, 0x000001c0fc310000)
 End Bits:   [0x000001c0fc310000, 0x000001c0fd310000)

Polling page: 0x000001c0f6350000

Metaspace:

Usage:
  Non-class:      5.48 MB used.
      Class:    595.34 KB used.
       Both:      6.06 MB used.

Virtual space:
  Non-class space:       64.00 MB reserved,       5.62 MB (  9%) committed,  1 nodes.
      Class space:        1.00 GB reserved,     640.00 KB ( <1%) committed,  1 nodes.
             Both:        1.06 GB reserved,       6.25 MB ( <1%) committed. 

Chunk freelists:
   Non-Class:  9.97 MB
       Class:  15.38 MB
        Both:  25.35 MB

MaxMetaspaceSize: unlimited
CompressedClassSpaceSize: 1.00 GB
Initial GC threshold: 21.00 MB
Current GC threshold: 21.00 MB
CDS: on
 - commit_granule_bytes: 65536.
 - commit_granule_words: 8192.
 - virtual_space_node_default_size: 8388608.
 - enlarge_chunks_in_place: 1.
 - use_allocation_guard: 0.


Internal statistics:

num_allocs_failed_limit: 0.
num_arena_births: 154.
num_arena_deaths: 0.
num_vsnodes_births: 2.
num_vsnodes_deaths: 0.
num_space_committed: 100.
num_space_uncommitted: 0.
num_chunks_returned_to_freelist: 0.
num_chunks_taken_from_freelist: 258.
num_chunk_merges: 0.
num_chunk_splits: 181.
num_chunks_enlarged: 129.
num_inconsistent_stats: 0.

CodeHeap 'non-profiled nmethods': size=120000Kb used=523Kb max_used=523Kb free=119476Kb
 bounds [0x000001c087ad0000, 0x000001c087d40000, 0x000001c08f000000]
CodeHeap 'profiled nmethods': size=120000Kb used=2378Kb max_used=2378Kb free=117621Kb
 bounds [0x000001c080000000, 0x000001c080270000, 0x000001c087530000]
CodeHeap 'non-nmethods': size=5760Kb used=1200Kb max_used=1219Kb free=4559Kb
 bounds [0x000001c087530000, 0x000001c0877a0000, 0x000001c087ad0000]
 total_blobs=1833 nmethods=1368 adapters=372
 compilation: enabled
              stopped_count=0, restarted_count=0
 full_count=0

Compilation events (20 events):
Event: 3.358 Thread 0x000001c0ff207f80 1359       3       org.lombokweb.asm.ClassReader::readUnsignedShort (26 bytes)
Event: 3.359 Thread 0x000001c0ff207f80 nmethod 1359 0x000001c08024f810 code [0x000001c08024f9c0, 0x000001c08024fb30]
Event: 3.359 Thread 0x000001c0ff207f80 1360       3       org.lombokweb.asm.ClassReader::readUtf (44 bytes)
Event: 3.359 Thread 0x000001c0ff207f80 nmethod 1360 0x000001c08024fc10 code [0x000001c08024fde0, 0x000001c0802501a8]
Event: 3.359 Thread 0x000001c0ff207f80 1361       3       org.lombokweb.asm.ClassReader::readUtf (161 bytes)
Event: 3.360 Thread 0x000001c0ff207f80 nmethod 1361 0x000001c080250390 code [0x000001c080250580, 0x000001c0802509d0]
Event: 3.360 Thread 0x000001c0ff207f80 1362       3       org.lombokweb.asm.ClassReader::getItem (7 bytes)
Event: 3.360 Thread 0x000001c0ff207f80 nmethod 1362 0x000001c080250c90 code [0x000001c080250e40, 0x000001c080250f78]
Event: 3.360 Thread 0x000001c0ff207f80 1363       3       org.lombokweb.asm.Symbol::<init> (38 bytes)
Event: 3.360 Thread 0x000001c0ff207f80 nmethod 1363 0x000001c080251090 code [0x000001c080251240, 0x000001c080251400]
Event: 3.360 Thread 0x000001c0ff207f80 1364       3       org.lombokweb.asm.SymbolTable::add (39 bytes)
Event: 3.360 Thread 0x000001c0ff207f80 nmethod 1364 0x000001c080251510 code [0x000001c0802516c0, 0x000001c080251980]
Event: 3.360 Thread 0x000001c0ff207f80 1365       3       org.lombokweb.asm.ClassReader::readUTF8 (23 bytes)
Event: 3.361 Thread 0x000001c0ff207f80 nmethod 1365 0x000001c080251b10 code [0x000001c080251ce0, 0x000001c080251f28]
Event: 3.361 Thread 0x000001c0ff207f80 1366       3       org.lombokweb.asm.SymbolTable::hash (10 bytes)
Event: 3.361 Thread 0x000001c0ff207f80 nmethod 1366 0x000001c080252010 code [0x000001c0802521c0, 0x000001c0802522f0]
Event: 3.361 Thread 0x000001c0ff207f80 1367       3       org.lombokweb.asm.SymbolTable$Entry::<init> (17 bytes)
Event: 3.361 Thread 0x000001c0ff207f80 nmethod 1367 0x000001c080252410 code [0x000001c0802525c0, 0x000001c080252740]
Event: 3.363 Thread 0x000001c0ff207f80 1369       3       java.io.File::getAbsolutePath (8 bytes)
Event: 3.363 Thread 0x000001c0ff207f80 nmethod 1369 0x000001c080252810 code [0x000001c0802529c0, 0x000001c080252b10]

GC Heap History (2 events):
Event: 2.858 GC heap before
{Heap before GC invocations=1 (full 0):
 PSYoungGen      total 29696K, used 25600K [0x00000000eab00000, 0x00000000ecc00000, 0x0000000100000000)
  eden space 25600K, 100% used [0x00000000eab00000,0x00000000ec400000,0x00000000ec400000)
  from space 4096K, 0% used [0x00000000ec800000,0x00000000ec800000,0x00000000ecc00000)
  to   space 4096K, 0% used [0x00000000ec400000,0x00000000ec400000,0x00000000ec800000)
 ParOldGen       total 68608K, used 0K [0x00000000c0000000, 0x00000000c4300000, 0x00000000eab00000)
  object space 68608K, 0% used [0x00000000c0000000,0x00000000c0000000,0x00000000c4300000)
 Metaspace       used 4533K, committed 4800K, reserved 1114112K
  class space    used 453K, committed 576K, reserved 1048576K
}
Event: 2.867 GC heap after
{Heap after GC invocations=1 (full 0):
 PSYoungGen      total 29696K, used 3190K [0x00000000eab00000, 0x00000000ecc00000, 0x0000000100000000)
  eden space 25600K, 0% used [0x00000000eab00000,0x00000000eab00000,0x00000000ec400000)
  from space 4096K, 77% used [0x00000000ec400000,0x00000000ec71d860,0x00000000ec800000)
  to   space 4096K, 0% used [0x00000000ec800000,0x00000000ec800000,0x00000000ecc00000)
 ParOldGen       total 68608K, used 8K [0x00000000c0000000, 0x00000000c4300000, 0x00000000eab00000)
  object space 68608K, 0% used [0x00000000c0000000,0x00000000c0002000,0x00000000c4300000)
 Metaspace       used 4533K, committed 4800K, reserved 1114112K
  class space    used 453K, committed 576K, reserved 1048576K
}

Dll operation events (8 events):
Event: 0.143 Loaded shared library c:\Users\adil\.vscode\extensions\redhat.java-1.39.0-win32-x64\jre\21.0.5-win32-x86_64\bin\java.dll
Event: 0.521 Loaded shared library c:\Users\adil\.vscode\extensions\redhat.java-1.39.0-win32-x64\jre\21.0.5-win32-x86_64\bin\zip.dll
Event: 0.626 Loaded shared library C:\Users\adil\.vscode\extensions\redhat.java-1.39.0-win32-x64\jre\21.0.5-win32-x86_64\bin\instrument.dll
Event: 0.644 Loaded shared library C:\Users\adil\.vscode\extensions\redhat.java-1.39.0-win32-x64\jre\21.0.5-win32-x86_64\bin\net.dll
Event: 0.647 Loaded shared library C:\Users\adil\.vscode\extensions\redhat.java-1.39.0-win32-x64\jre\21.0.5-win32-x86_64\bin\nio.dll
Event: 0.653 Loaded shared library C:\Users\adil\.vscode\extensions\redhat.java-1.39.0-win32-x64\jre\21.0.5-win32-x86_64\bin\zip.dll
Event: 0.729 Loaded shared library C:\Users\adil\.vscode\extensions\redhat.java-1.39.0-win32-x64\jre\21.0.5-win32-x86_64\bin\jimage.dll
Event: 1.115 Loaded shared library c:\Users\adil\.vscode\extensions\redhat.java-1.39.0-win32-x64\jre\21.0.5-win32-x86_64\bin\verify.dll

Deoptimization events (20 events):
Event: 2.968 Thread 0x000001c0f628bf40 Uncommon trap: trap_request=0xffffffde fr.pc=0x000001c087b31e4c relative=0x000000000000096c
Event: 2.968 Thread 0x000001c0f628bf40 Uncommon trap: reason=class_check action=maybe_recompile pc=0x000001c087b31e4c method=java.util.HashMap.putVal(ILjava/lang/Object;Ljava/lang/Object;ZZ)Ljava/lang/Object; @ 253 c2
Event: 2.968 Thread 0x000001c0f628bf40 DEOPT PACKING pc=0x000001c087b31e4c sp=0x00000025784fcd30
Event: 2.968 Thread 0x000001c0f628bf40 DEOPT UNPACKING pc=0x000001c087583aa2 sp=0x00000025784fccc0 mode 2
Event: 3.247 Thread 0x000001c0f628bf40 Uncommon trap: trap_request=0xffffff45 fr.pc=0x000001c087b17644 relative=0x0000000000000f84
Event: 3.247 Thread 0x000001c0f628bf40 Uncommon trap: reason=unstable_if action=reinterpret pc=0x000001c087b17644 method=lombok.patcher.PatchScript.classMatches(Ljava/lang/String;Ljava/util/Collection;)Z @ 25 c2
Event: 3.247 Thread 0x000001c0f628bf40 DEOPT PACKING pc=0x000001c087b17644 sp=0x00000025784f8930
Event: 3.247 Thread 0x000001c0f628bf40 DEOPT UNPACKING pc=0x000001c087583aa2 sp=0x00000025784f88f0 mode 2
Event: 3.247 Thread 0x000001c0f628bf40 Uncommon trap: trap_request=0xffffff45 fr.pc=0x000001c087b1bf28 relative=0x0000000000000088
Event: 3.247 Thread 0x000001c0f628bf40 Uncommon trap: reason=unstable_if action=reinterpret pc=0x000001c087b1bf28 method=lombok.patcher.scripts.MethodLevelPatchScript.patch(Ljava/lang/String;[BLlombok/patcher/TransplantMapper;)[B @ 8 c2
Event: 3.247 Thread 0x000001c0f628bf40 DEOPT PACKING pc=0x000001c087b1bf28 sp=0x00000025784f89a0
Event: 3.247 Thread 0x000001c0f628bf40 DEOPT UNPACKING pc=0x000001c087583aa2 sp=0x00000025784f8930 mode 2
Event: 3.250 Thread 0x000001c0f628bf40 DEOPT PACKING pc=0x000001c0800adf8d sp=0x00000025784f7d60
Event: 3.250 Thread 0x000001c0f628bf40 DEOPT UNPACKING pc=0x000001c087584242 sp=0x00000025784f7210 mode 0
Event: 3.272 Thread 0x000001c0f628bf40 DEOPT PACKING pc=0x000001c0800adf8d sp=0x00000025784f41b0
Event: 3.272 Thread 0x000001c0f628bf40 DEOPT UNPACKING pc=0x000001c087584242 sp=0x00000025784f3660 mode 0
Event: 3.304 Thread 0x000001c0f628bf40 DEOPT PACKING pc=0x000001c0800adf8d sp=0x00000025784f41b0
Event: 3.304 Thread 0x000001c0f628bf40 DEOPT UNPACKING pc=0x000001c087584242 sp=0x00000025784f3660 mode 0
Event: 3.310 Thread 0x000001c0f628bf40 DEOPT PACKING pc=0x000001c0800adf8d sp=0x00000025784f41b0
Event: 3.310 Thread 0x000001c0f628bf40 DEOPT UNPACKING pc=0x000001c087584242 sp=0x00000025784f3660 mode 0

Classes loaded (20 events):
Event: 3.066 Loading class java/util/concurrent/LinkedTransferQueue$DualNode
Event: 3.066 Loading class java/util/concurrent/LinkedTransferQueue$DualNode done
Event: 3.067 Loading class java/util/concurrent/RejectedExecutionHandler
Event: 3.067 Loading class java/util/concurrent/RejectedExecutionHandler done
Event: 3.067 Loading class java/util/concurrent/LinkedBlockingQueue
Event: 3.068 Loading class java/util/concurrent/LinkedBlockingQueue done
Event: 3.068 Loading class java/util/concurrent/LinkedBlockingQueue$Node
Event: 3.068 Loading class java/util/concurrent/LinkedBlockingQueue$Node done
Event: 3.109 Loading class java/util/concurrent/Semaphore$NonfairSync
Event: 3.109 Loading class java/util/concurrent/Semaphore$Sync
Event: 3.109 Loading class java/util/concurrent/Semaphore$Sync done
Event: 3.109 Loading class java/util/concurrent/Semaphore$NonfairSync done
Event: 3.136 Loading class java/lang/reflect/TypeVariable
Event: 3.136 Loading class java/lang/reflect/TypeVariable done
Event: 3.137 Loading class java/lang/reflect/AnnotatedType
Event: 3.137 Loading class java/lang/reflect/AnnotatedType done
Event: 3.163 Loading class java/util/ComparableTimSort
Event: 3.164 Loading class java/util/ComparableTimSort done
Event: 3.263 Loading class java/lang/TypeNotPresentException
Event: 3.263 Loading class java/lang/TypeNotPresentException done

Classes unloaded (0 events):
No events

Classes redefined (0 events):
No events

Internal exceptions (20 events):
Event: 2.590 Thread 0x000001c0f628bf40 Exception <a 'java/lang/NoSuchMethodError'{0x00000000ebec8280}: 'java.lang.ClassLoader java.lang.ClassLoader.getPlatformClassLoader(java.lang.Class)'> (0x00000000ebec8280) 
thrown [s\src\hotspot\share\interpreter\linkResolver.cpp, line 773]
Event: 2.722 Thread 0x000001c0f628bf40 Exception <a 'java/lang/ClassNotFoundException'{0x00000000ec2cb258}: sun/net/www/protocol/c/Handler> (0x00000000ec2cb258) 
thrown [s\src\hotspot\share\classfile\systemDictionary.cpp, line 312]
Event: 2.722 Thread 0x000001c0f628bf40 Exception <a 'java/lang/ClassNotFoundException'{0x00000000ec2cc5b8}: sun/net/www/protocol/c/Handler> (0x00000000ec2cc5b8) 
thrown [s\src\hotspot\share\classfile\systemDictionary.cpp, line 312]
Event: 2.722 Thread 0x000001c0f628bf40 Exception <a 'java/lang/ClassNotFoundException'{0x00000000ec2cd730}: sun/net/www/protocol/c/Handler> (0x00000000ec2cd730) 
thrown [s\src\hotspot\share\classfile\systemDictionary.cpp, line 312]
Event: 2.736 Thread 0x000001c0f628bf40 Exception <a 'java/io/FileNotFoundException'{0x00000000ec2f46f8}> (0x00000000ec2f46f8) 
thrown [s\src\hotspot\share\prims\jni.cpp, line 520]
Event: 2.871 Thread 0x000001c0f628bf40 Implicit null exception at 0x000001c087b1f6c9 to 0x000001c087b2009c
Event: 2.872 Thread 0x000001c0f628bf40 Implicit null exception at 0x000001c087b33040 to 0x000001c087b3330c
Event: 2.872 Thread 0x000001c0f628bf40 Implicit null exception at 0x000001c087b20bc0 to 0x000001c087b20e94
Event: 2.872 Thread 0x000001c0f628bf40 Implicit null exception at 0x000001c087b32940 to 0x000001c087b329c5
Event: 2.979 Thread 0x000001c0f628bf40 Exception <a 'java/lang/NoSuchMethodError'{0x00000000ead4a680}: 'long java.lang.invoke.DirectMethodHandle$Holder.invokeStatic(java.lang.Object, java.lang.Object, int)'> (0x00000000ead4a680) 
thrown [s\src\hotspot\share\interpreter\linkResolver.cpp, line 773]
Event: 2.980 Thread 0x000001c0f628bf40 Exception <a 'java/lang/NoSuchMethodError'{0x00000000ead521e8}: 'java.lang.Object java.lang.invoke.DirectMethodHandle$Holder.invokeSpecial(java.lang.Object, java.lang.Object, java.lang.Object, java.lang.Object, long)'> (0x00000000ead521e8) 
thrown [s\src\hotspot\share\interpreter\linkResolver.cpp, line 773]
Event: 2.982 Thread 0x000001c0f628bf40 Exception <a 'java/lang/NoSuchMethodError'{0x00000000ead5fbe0}: 'java.lang.Object java.lang.invoke.DirectMethodHandle$Holder.invokeSpecial(java.lang.Object, java.lang.Object, java.lang.Object, int, java.lang.Object)'> (0x00000000ead5fbe0) 
thrown [s\src\hotspot\share\interpreter\linkResolver.cpp, line 773]
Event: 2.986 Thread 0x000001c0f628bf40 Exception <a 'java/lang/NoSuchMethodError'{0x00000000ead79888}: 'java.lang.Object java.lang.invoke.Invokers$Holder.invokeExact_MT(java.lang.Object, java.lang.Object, java.lang.Object, java.lang.Object, java.lang.Object, java.lang.Object)'> (0x00000000ead79888) 
thrown [s\src\hotspot\share\interpreter\linkResolver.cpp, line 773]
Event: 2.991 Thread 0x000001c0f628bf40 Exception <a 'java/lang/NoSuchMethodError'{0x00000000ead92ff8}: 'int java.lang.invoke.DirectMethodHandle$Holder.invokeStaticInit(java.lang.Object, java.lang.Object, java.lang.Object, java.lang.Object)'> (0x00000000ead92ff8) 
thrown [s\src\hotspot\share\interpreter\linkResolver.cpp, line 773]
Event: 2.992 Thread 0x000001c0f628bf40 Exception <a 'java/lang/NoSuchMethodError'{0x00000000ead9ba48}: 'java.lang.Object java.lang.invoke.DirectMethodHandle$Holder.invokeInterface(java.lang.Object, java.lang.Object)'> (0x00000000ead9ba48) 
thrown [s\src\hotspot\share\interpreter\linkResolver.cpp, line 773]
Event: 2.993 Thread 0x000001c0f628bf40 Exception <a 'java/lang/IncompatibleClassChangeError'{0x00000000ead9ef80}: Found class java.lang.Object, but interface was expected> (0x00000000ead9ef80) 
thrown [s\src\hotspot\share\interpreter\linkResolver.cpp, line 840]
Event: 2.993 Thread 0x000001c0f628bf40 Exception <a 'java/lang/NoSuchMethodError'{0x00000000eada3138}: 'void java.lang.invoke.DirectMethodHandle$Holder.invokeStatic(java.lang.Object, java.lang.Object)'> (0x00000000eada3138) 
thrown [s\src\hotspot\share\interpreter\linkResolver.cpp, line 773]
Event: 2.994 Thread 0x000001c0f628bf40 Exception <a 'java/lang/NoSuchMethodError'{0x00000000eada64e0}: 'void java.lang.invoke.DirectMethodHandle$Holder.invokeStaticInit(java.lang.Object, java.lang.Object)'> (0x00000000eada64e0) 
thrown [s\src\hotspot\share\interpreter\linkResolver.cpp, line 773]
Event: 2.997 Thread 0x000001c0f628bf40 Exception <a 'java/lang/NoSuchMethodError'{0x00000000eadad540}: 'int java.lang.invoke.DirectMethodHandle$Holder.invokeStaticInit(java.lang.Object, java.lang.Object)'> (0x00000000eadad540) 
thrown [s\src\hotspot\share\interpreter\linkResolver.cpp, line 773]
Event: 3.140 Thread 0x000001c0f628bf40 Exception <a 'java/lang/NoSuchMethodError'{0x00000000eb06a5b0}: 'int java.lang.invoke.DirectMethodHandle$Holder.invokeVirtual(java.lang.Object, java.lang.Object)'> (0x00000000eb06a5b0) 
thrown [s\src\hotspot\share\interpreter\linkResolver.cpp, line 773]

ZGC Phase Switch (0 events):
No events

VM Operations (14 events):
Event: 0.507 Executing VM operation: HandshakeAllThreads (Deoptimize)
Event: 0.507 Executing VM operation: HandshakeAllThreads (Deoptimize) done
Event: 0.794 Executing VM operation: HandshakeAllThreads (Deoptimize)
Event: 0.794 Executing VM operation: HandshakeAllThreads (Deoptimize) done
Event: 1.807 Executing VM operation: Cleanup
Event: 1.808 Executing VM operation: Cleanup done
Event: 1.893 Executing VM operation: HandshakeAllThreads (Deoptimize)
Event: 1.893 Executing VM operation: HandshakeAllThreads (Deoptimize) done
Event: 1.910 Executing VM operation: HandshakeAllThreads (Deoptimize)
Event: 1.910 Executing VM operation: HandshakeAllThreads (Deoptimize) done
Event: 2.687 Executing VM operation: HandshakeAllThreads (Deoptimize)
Event: 2.687 Executing VM operation: HandshakeAllThreads (Deoptimize) done
Event: 2.857 Executing VM operation: ParallelGCFailedAllocation (Allocation Failure)
Event: 2.867 Executing VM operation: ParallelGCFailedAllocation (Allocation Failure) done

Memory protections (0 events):
No events

Nmethod flushes (0 events):
No events

Events (13 events):
Event: 0.264 Thread 0x000001c0f628bf40 Thread added: 0x000001c0f628bf40
Event: 0.321 Thread 0x000001c0f628bf40 Thread added: 0x000001c0fd6eba60
Event: 0.322 Thread 0x000001c0f628bf40 Thread added: 0x000001c0fd6ed430
Event: 0.325 Thread 0x000001c0f628bf40 Thread added: 0x000001c0fd6f1090
Event: 0.325 Thread 0x000001c0f628bf40 Thread added: 0x000001c0fd6f2cf0
Event: 0.326 Thread 0x000001c0f628bf40 Thread added: 0x000001c0fd6f3940
Event: 0.326 Thread 0x000001c0f628bf40 Thread added: 0x000001c0fd6f4590
Event: 0.326 Thread 0x000001c0f628bf40 Thread added: 0x000001c0fd6f73d0
Event: 0.337 Thread 0x000001c0f628bf40 Thread added: 0x000001c0ff207f80
Event: 0.399 Thread 0x000001c0f628bf40 Thread added: 0x000001c0ff2650c0
Event: 1.386 Thread 0x000001c0f628bf40 Thread added: 0x000001c0ff4b5f20
Event: 2.643 Thread 0x000001c0ff207f80 Thread added: 0x000001c0ff50c710
Event: 2.899 Thread 0x000001c0ff50c710 Thread exited: 0x000001c0ff50c710


Dynamic libraries:
0x00007ff6a7790000 - 0x00007ff6a779e000 	c:\Users\adil\.vscode\extensions\redhat.java-1.39.0-win32-x64\jre\21.0.5-win32-x86_64\bin\java.exe
0x00007ffe7a7b0000 - 0x00007ffe7a9c7000 	C:\WINDOWS\SYSTEM32\ntdll.dll
0x00007ffe78f70000 - 0x00007ffe79034000 	C:\WINDOWS\System32\KERNEL32.DLL
0x00007ffe77df0000 - 0x00007ffe781c0000 	C:\WINDOWS\System32\KERNELBASE.dll
0x00007ffe77b10000 - 0x00007ffe77c21000 	C:\WINDOWS\System32\ucrtbase.dll
0x00007ffe66c90000 - 0x00007ffe66ca8000 	c:\Users\adil\.vscode\extensions\redhat.java-1.39.0-win32-x64\jre\21.0.5-win32-x86_64\bin\jli.dll
0x00007ffe7a390000 - 0x00007ffe7a53e000 	C:\WINDOWS\System32\USER32.dll
0x00007ffe77a60000 - 0x00007ffe77a86000 	C:\WINDOWS\System32\win32u.dll
0x00007ffe7a5d0000 - 0x00007ffe7a5f9000 	C:\WINDOWS\System32\GDI32.dll
0x00007ffe77cd0000 - 0x00007ffe77deb000 	C:\WINDOWS\System32\gdi32full.dll
0x00007ffe77c30000 - 0x00007ffe77cca000 	C:\WINDOWS\System32\msvcp_win.dll
0x00007ffe66a90000 - 0x00007ffe66aae000 	c:\Users\adil\.vscode\extensions\redhat.java-1.39.0-win32-x64\jre\21.0.5-win32-x86_64\bin\VCRUNTIME140.dll
0x00007ffe635f0000 - 0x00007ffe63882000 	C:\WINDOWS\WinSxS\amd64_microsoft.windows.common-controls_6595b64144ccf1df_6.0.22621.4830_none_270fe7d773858e80\COMCTL32.dll
0x00007ffe7a230000 - 0x00007ffe7a2d7000 	C:\WINDOWS\System32\msvcrt.dll
0x00007ffe78f30000 - 0x00007ffe78f61000 	C:\WINDOWS\System32\IMM32.DLL
0x00007ffe74840000 - 0x00007ffe7484c000 	c:\Users\adil\.vscode\extensions\redhat.java-1.39.0-win32-x64\jre\21.0.5-win32-x86_64\bin\vcruntime140_1.dll
0x00007ffe66350000 - 0x00007ffe663dd000 	c:\Users\adil\.vscode\extensions\redhat.java-1.39.0-win32-x64\jre\21.0.5-win32-x86_64\bin\msvcp140.dll
0x00007ffe16250000 - 0x00007ffe16fdf000 	c:\Users\adil\.vscode\extensions\redhat.java-1.39.0-win32-x64\jre\21.0.5-win32-x86_64\bin\server\jvm.dll
0x00007ffe794f0000 - 0x00007ffe795a1000 	C:\WINDOWS\System32\ADVAPI32.dll
0x00007ffe7a2e0000 - 0x00007ffe7a387000 	C:\WINDOWS\System32\sechost.dll
0x00007ffe78280000 - 0x00007ffe782a8000 	C:\WINDOWS\System32\bcrypt.dll
0x00007ffe78630000 - 0x00007ffe78744000 	C:\WINDOWS\System32\RPCRT4.dll
0x00007ffe796c0000 - 0x00007ffe79731000 	C:\WINDOWS\System32\WS2_32.dll
0x00007ffe768c0000 - 0x00007ffe7690d000 	C:\WINDOWS\SYSTEM32\POWRPROF.dll
0x00007ffe722e0000 - 0x00007ffe72314000 	C:\WINDOWS\SYSTEM32\WINMM.dll
0x00007ffe6f6f0000 - 0x00007ffe6f6fa000 	C:\WINDOWS\SYSTEM32\VERSION.dll
0x00007ffe768a0000 - 0x00007ffe768b3000 	C:\WINDOWS\SYSTEM32\UMPDC.dll
0x00007ffe76af0000 - 0x00007ffe76b08000 	C:\WINDOWS\SYSTEM32\kernel.appcore.dll
0x00007ffe72390000 - 0x00007ffe7239a000 	c:\Users\adil\.vscode\extensions\redhat.java-1.39.0-win32-x64\jre\21.0.5-win32-x86_64\bin\jimage.dll
0x00007ffe75340000 - 0x00007ffe75572000 	C:\WINDOWS\SYSTEM32\DBGHELP.DLL
0x00007ffe79140000 - 0x00007ffe794d0000 	C:\WINDOWS\System32\combase.dll
0x00007ffe78820000 - 0x00007ffe788f7000 	C:\WINDOWS\System32\OLEAUT32.dll
0x00007ffe64690000 - 0x00007ffe646c2000 	C:\WINDOWS\SYSTEM32\dbgcore.DLL
0x00007ffe78420000 - 0x00007ffe7849b000 	C:\WINDOWS\System32\bcryptPrimitives.dll
0x00007ffe6fcf0000 - 0x00007ffe6fcff000 	c:\Users\adil\.vscode\extensions\redhat.java-1.39.0-win32-x64\jre\21.0.5-win32-x86_64\bin\instrument.dll
0x00007ffe66a70000 - 0x00007ffe66a8f000 	c:\Users\adil\.vscode\extensions\redhat.java-1.39.0-win32-x64\jre\21.0.5-win32-x86_64\bin\java.dll
0x00007ffe799b0000 - 0x00007ffe7a228000 	C:\WINDOWS\System32\SHELL32.dll
0x00007ffe75970000 - 0x00007ffe76280000 	C:\WINDOWS\SYSTEM32\windows.storage.dll
0x00007ffe75830000 - 0x00007ffe7596f000 	C:\WINDOWS\SYSTEM32\wintypes.dll
0x00007ffe795b0000 - 0x00007ffe796ba000 	C:\WINDOWS\System32\SHCORE.dll
0x00007ffe790e0000 - 0x00007ffe7913e000 	C:\WINDOWS\System32\shlwapi.dll
0x00007ffe77990000 - 0x00007ffe779bb000 	C:\WINDOWS\SYSTEM32\profapi.dll
0x00007ffe66a50000 - 0x00007ffe66a68000 	c:\Users\adil\.vscode\extensions\redhat.java-1.39.0-win32-x64\jre\21.0.5-win32-x86_64\bin\zip.dll
0x00007ffe71150000 - 0x00007ffe71160000 	C:\Users\adil\.vscode\extensions\redhat.java-1.39.0-win32-x64\jre\21.0.5-win32-x86_64\bin\net.dll
0x00007ffe72c60000 - 0x00007ffe72d8c000 	C:\WINDOWS\SYSTEM32\WINHTTP.dll
0x00007ffe76fd0000 - 0x00007ffe77039000 	C:\WINDOWS\system32\mswsock.dll
0x00007ffe66330000 - 0x00007ffe66346000 	C:\Users\adil\.vscode\extensions\redhat.java-1.39.0-win32-x64\jre\21.0.5-win32-x86_64\bin\nio.dll
0x00007ffe6fd30000 - 0x00007ffe6fd40000 	c:\Users\adil\.vscode\extensions\redhat.java-1.39.0-win32-x64\jre\21.0.5-win32-x86_64\bin\verify.dll

dbghelp: loaded successfully - version: 4.0.5 - missing functions: none
symbol engine: initialized successfully - sym options: 0x614 - pdb path: .;c:\Users\adil\.vscode\extensions\redhat.java-1.39.0-win32-x64\jre\21.0.5-win32-x86_64\bin;C:\WINDOWS\SYSTEM32;C:\WINDOWS\WinSxS\amd64_microsoft.windows.common-controls_6595b64144ccf1df_6.0.22621.4830_none_270fe7d773858e80;c:\Users\adil\.vscode\extensions\redhat.java-1.39.0-win32-x64\jre\21.0.5-win32-x86_64\bin\server

VM Arguments:
jvm_args: --add-modules=ALL-SYSTEM --add-opens=java.base/java.util=ALL-UNNAMED --add-opens=java.base/java.lang=ALL-UNNAMED --add-opens=java.base/sun.nio.fs=ALL-UNNAMED -Declipse.application=org.eclipse.jdt.ls.core.id1 -Dosgi.bundles.defaultStartLevel=4 -Declipse.product=org.eclipse.jdt.ls.core.product -Djava.import.generatesMetadataFilesAtProjectRoot=false -DDetectVMInstallationsJob.disabled=true -Dfile.encoding=utf8 -XX:+UseParallelGC -XX:GCTimeRatio=4 -XX:AdaptiveSizePolicyWeight=90 -Dsun.zip.disableMemoryMapping=true -Xmx1G -Xms100m -Xlog:disable -javaagent:c:\Users\adil\.vscode\extensions\redhat.java-1.39.0-win32-x64\lombok\lombok-1.18.34.jar -XX:+HeapDumpOnOutOfMemoryError -XX:HeapDumpPath=c:\Users\adil\AppData\Roaming\Code\User\workspaceStorage\c56f5ae5a7d1f17bf360b57006ca7415\redhat.java -Daether.dependencyCollector.impl=bf 
java_command: c:\Users\adil\.vscode\extensions\redhat.java-1.39.0-win32-x64\server\plugins\org.eclipse.equinox.launcher_1.6.900.v20240613-2009.jar -configuration c:\Users\adil\AppData\Roaming\Code\User\globalStorage\redhat.java\1.39.0\config_win -data c:\Users\adil\AppData\Roaming\Code\User\workspaceStorage\c56f5ae5a7d1f17bf360b57006ca7415\redhat.java\jdt_ws --pipe=\\.\pipe\lsp-0f103dafd96d652a3e6c6a86bb0498e7-sock
java_class_path (initial): c:\Users\adil\.vscode\extensions\redhat.java-1.39.0-win32-x64\server\plugins\org.eclipse.equinox.launcher_1.6.900.v20240613-2009.jar
Launcher Type: SUN_STANDARD

[Global flags]
    uintx AdaptiveSizePolicyWeight                 = 90                                        {product} {command line}
     intx CICompilerCount                          = 4                                         {product} {ergonomic}
    uintx GCTimeRatio                              = 4                                         {product} {command line}
     bool HeapDumpOnOutOfMemoryError               = true                                   {manageable} {command line}
    ccstr HeapDumpPath                             = c:\Users\adil\AppData\Roaming\Code\User\workspaceStorage\c56f5ae5a7d1f17bf360b57006ca7415\redhat.java         {manageable} {command line}
   size_t InitialHeapSize                          = 104857600                                 {product} {command line}
   size_t MaxHeapSize                              = 1073741824                                {product} {command line}
   size_t MaxNewSize                               = 357564416                                 {product} {ergonomic}
   size_t MinHeapDeltaBytes                        = 524288                                    {product} {ergonomic}
   size_t MinHeapSize                              = 104857600                                 {product} {command line}
   size_t NewSize                                  = 34603008                                  {product} {ergonomic}
    uintx NonNMethodCodeHeapSize                   = 5839372                                {pd product} {ergonomic}
    uintx NonProfiledCodeHeapSize                  = 122909434                              {pd product} {ergonomic}
   size_t OldSize                                  = 70254592                                  {product} {ergonomic}
    uintx ProfiledCodeHeapSize                     = 122909434                              {pd product} {ergonomic}
    uintx ReservedCodeCacheSize                    = 251658240                              {pd product} {ergonomic}
     bool SegmentedCodeCache                       = true                                      {product} {ergonomic}
   size_t SoftMaxHeapSize                          = 1073741824                             {manageable} {ergonomic}
     bool UseCompressedOops                        = true                           {product lp64_product} {ergonomic}
     bool UseLargePagesIndividualAllocation        = false                                  {pd product} {ergonomic}
     bool UseParallelGC                            = true                                      {product} {command line}

Logging:
Log output configuration:
 #0: stdout all=off uptime,level,tags foldmultilines=false
 #1: stderr all=off uptime,level,tags foldmultilines=false

Environment Variables:
JAVA_HOME=C:\Program Files\Java\jdk-17
PATH=C:\Program Files\Java\jdk-17\bin;C:\Program Files\Python311\Scripts\;C:\Program Files\Python311\;C:\Windows\system32;C:\Windows;C:\Windows\System32\Wbem;C:\Windows\System32\WindowsPowerShell\v1.0\;C:\Windows\System32\OpenSSH\;C:\Program Files (x86)\NVIDIA Corporation\PhysX\Common;C:\Program Files\NVIDIA Corporation\NVIDIA NvDLISR;C:\Program Files\Git\cmd;C:\WINDOWS\system32;C:\WINDOWS;C:\WINDOWS\System32\Wbem;C:\WINDOWS\System32\WindowsPowerShell\v1.0\;C:\WINDOWS\System32\OpenSSH\;C:\Users\adil\AppData\Local\Microsoft\WindowsApps;C:\Users\adil\AppData\Local\Programs\Microsoft VS Code\bin;C:\Users\adil\OneDrive\Documents\flutter_windows_3.3.10-stable\flutter\bin;C:\Users\adil\AppData\Local\GitHubDesktop\bin
USERNAME=adil
OS=Windows_NT
PROCESSOR_IDENTIFIER=Intel64 Family 6 Model 165 Stepping 2, GenuineIntel
TMP=C:\Users\adil\AppData\Local\Temp
TEMP=C:\Users\adil\AppData\Local\Temp




Periodic native trim disabled

---------------  S Y S T E M  ---------------

OS:
 Windows 11 , 64 bit Build 22621 (10.0.22621.4830)
OS uptime: 5 days 22:04 hours
Hyper-V role detected

CPU: total 8 (initial active 8) (4 cores per cpu, 2 threads per core) family 6 model 165 stepping 2 microcode 0xe0, cx8, cmov, fxsr, ht, mmx, 3dnowpref, sse, sse2, sse3, ssse3, sse4.1, sse4.2, popcnt, lzcnt, tsc, tscinvbit, avx, avx2, aes, erms, clmul, bmi1, bmi2, adx, fma, vzeroupper, clflush, clflushopt, hv, rdtscp, f16c
Processor Information for all 8 processors :
  Max Mhz: 2496, Current Mhz: 2496, Mhz Limit: 2496

Memory: 4k page, system-wide physical 8029M (337M free)
TotalPageFile size 32605M (AvailPageFile size 1M)
current process WorkingSet (physical memory assigned to process): 81M, peak: 82M
current process commit charge ("private bytes"): 200M, peak: 201M

vm_info: OpenJDK 64-Bit Server VM (21.0.5+11-LTS) for windows-amd64 JRE (21.0.5+11-LTS), built on 2024-10-15T00:00:00Z by "admin" with MS VC++ 17.7 (VS2022)

END.
