#
# There is insufficient memory for the Java Runtime Environment to continue.
# Native memory allocation (malloc) failed to allocate 1048576 bytes. Error detail: AllocateHeap
# Possible reasons:
#   The system is out of physical RAM or swap space
#   This process is running with CompressedOops enabled, and the Java Heap may be blocking the growth of the native heap
# Possible solutions:
#   Reduce memory load on the system
#   Increase physical memory or swap space
#   Check if swap backing store is full
#   Decrease Java heap size (-Xmx/-Xms)
#   Decrease number of Java threads
#   Decrease Java thread stack sizes (-Xss)
#   Set larger code cache with -XX:ReservedCodeCacheSize=
#   JVM is running with Unscaled Compressed Oops mode in which the Java heap is
#     placed in the first 4GB address space. The Java Heap base address is the
#     maximum limit for the native heap growth. Please use -XX:HeapBaseMinAddress
#     to set the Java Heap base and to place the Java Heap above 4GB virtual address.
# This output file may be truncated or incomplete.
#
#  Out of Memory Error (allocation.cpp:44), pid=2580, tid=9804
#
# JRE version:  (21.0.5+11) (build )
# Java VM: OpenJDK 64-Bit Server VM (21.0.5+11-LTS, mixed mode, sharing, tiered, compressed oops, compressed class ptrs, parallel gc, windows-amd64)
# No core dump will be written. Minidumps are not enabled by default on client versions of Windows
#

---------------  S U M M A R Y ------------

Command Line: --add-modules=ALL-SYSTEM --add-opens=java.base/java.util=ALL-UNNAMED --add-opens=java.base/java.lang=ALL-UNNAMED --add-opens=java.base/sun.nio.fs=ALL-UNNAMED -Declipse.application=org.eclipse.jdt.ls.core.id1 -Dosgi.bundles.defaultStartLevel=4 -Declipse.product=org.eclipse.jdt.ls.core.product -Djava.import.generatesMetadataFilesAtProjectRoot=false -DDetectVMInstallationsJob.disabled=true -Dfile.encoding=utf8 -XX:+UseParallelGC -XX:GCTimeRatio=4 -XX:AdaptiveSizePolicyWeight=90 -Dsun.zip.disableMemoryMapping=true -Xmx1G -Xms100m -Xlog:disable -javaagent:c:\Users\adil\.vscode\extensions\redhat.java-1.39.0-win32-x64\lombok\lombok-1.18.34.jar c:\Users\adil\.vscode\extensions\redhat.java-1.39.0-win32-x64\server\plugins\org.eclipse.equinox.launcher_1.6.900.v20240613-2009.jar -configuration c:\Users\adil\AppData\Roaming\Code\User\globalStorage\redhat.java\1.39.0\config_ss_win -data c:\Users\adil\AppData\Roaming\Code\User\workspaceStorage\c56f5ae5a7d1f17bf360b57006ca7415\redhat.java\ss_ws --pipe=\\.\pipe\lsp-1a8cb3b62c139c207d43031a57a3a87d-sock

Host: Intel(R) Core(TM) i5-10300H CPU @ 2.50GHz, 8 cores, 7G,  Windows 11 , 64 bit Build 22621 (10.0.22621.4830)
Time: Wed Feb 26 22:04:35 2025 India Standard Time elapsed time: 0.375764 seconds (0d 0h 0m 0s)

---------------  T H R E A D  ---------------

Current thread (0x000002941312dea0):  JavaThread "Unknown thread" [_thread_in_vm, id=9804, stack(0x000000ea06200000,0x000000ea06300000) (1024K)]

Stack: [0x000000ea06200000,0x000000ea06300000]
Native frames: (J=compiled Java code, j=interpreted, Vv=VM code, C=native code)
V  [jvm.dll+0x6cd4e9]
V  [jvm.dll+0x8a7941]
V  [jvm.dll+0x8a9e6e]
V  [jvm.dll+0x8aa543]
V  [jvm.dll+0x27f6d6]
V  [jvm.dll+0xbfb37]
V  [jvm.dll+0x70ad2d]
V  [jvm.dll+0x70b3ec]
V  [jvm.dll+0x6dc1a8]
V  [jvm.dll+0x87124c]
V  [jvm.dll+0x3bc15c]
V  [jvm.dll+0x859dd8]
V  [jvm.dll+0x4504ee]
V  [jvm.dll+0x452131]
C  [jli.dll+0x5278]
C  [ucrtbase.dll+0x29333]
C  [KERNEL32.DLL+0x1259d]
C  [ntdll.dll+0x5af38]


---------------  P R O C E S S  ---------------

Threads class SMR info:
_java_thread_list=0x0000029413197690, length=1, elements={
0x000002941312dea0
}

Java Threads: ( => current thread )
=>0x000002941312dea0 JavaThread "Unknown thread"             [_thread_in_vm, id=9804, stack(0x000000ea06200000,0x000000ea06300000) (1024K)]
Total: 1

Other Threads:
  0x0000029413198080 WatcherThread "VM Periodic Task Thread"        [id=22448, stack(0x000000ea06400000,0x000000ea06500000) (1024K)]
  0x000002941314b410 WorkerThread "GC Thread#0"                     [id=24024, stack(0x000000ea06300000,0x000000ea06400000) (1024K)]
Total: 2

Threads with active compile tasks:
Total: 0

VM state: not at safepoint (normal execution)

VM Mutex/Monitor currently owned by a thread: None

Heap address: 0x00000000c0000000, size: 1024 MB, Compressed Oops mode: 32-bit

CDS archive(s) mapped at: [0x0000029428000000-0x0000029428ba0000-0x0000029428ba0000), size 12189696, SharedBaseAddress: 0x0000029428000000, ArchiveRelocationMode: 1.
Compressed class space mapped at: 0x0000029429000000-0x0000029469000000, reserved size: 1073741824
Narrow klass base: 0x0000029428000000, Narrow klass shift: 0, Narrow klass range: 0x100000000

GC Precious Log:
 CardTable entry size: 512
 CPUs: 8 total, 8 available
 Memory: 8029M
 Large Page Support: Disabled
 NUMA Support: Disabled
 Compressed Oops: Enabled (32-bit)
 Alignments: Space 512K, Generation 512K, Heap 2M
 Heap Min Capacity: 100M
 Heap Initial Capacity: 100M
 Heap Max Capacity: 1G
 Pre-touch: Disabled
 Parallel Workers: 8

Heap:
 PSYoungGen      total 29696K, used 512K [0x00000000eab00000, 0x00000000ecc00000, 0x0000000100000000)
  eden space 25600K, 2% used [0x00000000eab00000,0x00000000eab80020,0x00000000ec400000)
  from space 4096K, 0% used [0x00000000ec800000,0x00000000ec800000,0x00000000ecc00000)
  to   space 4096K, 0% used [0x00000000ec400000,0x00000000ec400000,0x00000000ec800000)
 ParOldGen       total 68608K, used 0K [0x00000000c0000000, 0x00000000c4300000, 0x00000000eab00000)
  object space 68608K, 0% used [0x00000000c0000000,0x00000000c0000000,0x00000000c4300000)
 Metaspace       used 0K, committed 0K, reserved 1048576K
  class space    used 0K, committed 0K, reserved 1048576K

Card table byte_map: [0x0000029412ad0000,0x0000029412ce0000] _byte_map_base: 0x00000294124d0000

Marking Bits: (ParMarkBitMap*) 0x00007ffe16f02250
 Begin Bits: [0x0000029425480000, 0x0000029426480000)
 End Bits:   [0x0000029426480000, 0x0000029427480000)

Polling page: 0x0000029411050000

Metaspace:

Usage:
  Non-class:      0 bytes used.
      Class:      0 bytes used.
       Both:      0 bytes used.

Virtual space:
  Non-class space:        0 bytes reserved,       0 bytes (  ?%) committed,  0 nodes.
      Class space:        1.00 GB reserved,       0 bytes (  0%) committed,  1 nodes.
             Both:        1.00 GB reserved,       0 bytes (  0%) committed. 

Chunk freelists:
   Non-Class:  0 bytes
       Class:  16.00 MB
        Both:  16.00 MB

MaxMetaspaceSize: unlimited
CompressedClassSpaceSize: 1.00 GB
Initial GC threshold: 21.00 MB
Current GC threshold: 17179869184.00 GB
CDS: on
 - commit_granule_bytes: 65536.
 - commit_granule_words: 8192.
 - virtual_space_node_default_size: 8388608.
 - enlarge_chunks_in_place: 1.
 - use_allocation_guard: 0.


Internal statistics:

num_allocs_failed_limit: 0.
num_arena_births: 0.
num_arena_deaths: 0.
num_vsnodes_births: 1.
num_vsnodes_deaths: 0.
num_space_committed: 0.
num_space_uncommitted: 0.
num_chunks_returned_to_freelist: 0.
num_chunks_taken_from_freelist: 1.
num_chunk_merges: 0.
num_chunk_splits: 1.
num_chunks_enlarged: 0.
num_inconsistent_stats: 0.

CodeHeap 'non-profiled nmethods': size=120000Kb used=0Kb max_used=0Kb free=120000Kb
 bounds [0x000002941df50000, 0x000002941e1c0000, 0x0000029425480000]
CodeHeap 'profiled nmethods': size=120000Kb used=0Kb max_used=0Kb free=120000Kb
 bounds [0x0000029416480000, 0x00000294166f0000, 0x000002941d9b0000]
CodeHeap 'non-nmethods': size=5760Kb used=194Kb max_used=342Kb free=5565Kb
 bounds [0x000002941d9b0000, 0x000002941dc20000, 0x000002941df50000]
 total_blobs=70 nmethods=0 adapters=48
 compilation: enabled
              stopped_count=0, restarted_count=0
 full_count=0

Compilation events (0 events):
No events

GC Heap History (0 events):
No events

Dll operation events (1 events):
Event: 0.072 Loaded shared library c:\Users\adil\.vscode\extensions\redhat.java-1.39.0-win32-x64\jre\21.0.5-win32-x86_64\bin\java.dll

Deoptimization events (0 events):
No events

Classes loaded (0 events):
No events

Classes unloaded (0 events):
No events

Classes redefined (0 events):
No events

Internal exceptions (0 events):
No events

ZGC Phase Switch (0 events):
No events

VM Operations (0 events):
No events

Memory protections (0 events):
No events

Nmethod flushes (0 events):
No events

Events (1 events):
Event: 0.361 Thread 0x000002941312dea0 Thread added: 0x000002941312dea0


Dynamic libraries:
0x00007ff6a7790000 - 0x00007ff6a779e000 	c:\Users\adil\.vscode\extensions\redhat.java-1.39.0-win32-x64\jre\21.0.5-win32-x86_64\bin\java.exe
0x00007ffe7a7b0000 - 0x00007ffe7a9c7000 	C:\WINDOWS\SYSTEM32\ntdll.dll
0x00007ffe78f70000 - 0x00007ffe79034000 	C:\WINDOWS\System32\KERNEL32.DLL
0x00007ffe77df0000 - 0x00007ffe781c0000 	C:\WINDOWS\System32\KERNELBASE.dll
0x00007ffe77b10000 - 0x00007ffe77c21000 	C:\WINDOWS\System32\ucrtbase.dll
0x00007ffe6fbc0000 - 0x00007ffe6fbd8000 	c:\Users\adil\.vscode\extensions\redhat.java-1.39.0-win32-x64\jre\21.0.5-win32-x86_64\bin\jli.dll
0x00007ffe7a390000 - 0x00007ffe7a53e000 	C:\WINDOWS\System32\USER32.dll
0x00007ffe77a60000 - 0x00007ffe77a86000 	C:\WINDOWS\System32\win32u.dll
0x00007ffe7a5d0000 - 0x00007ffe7a5f9000 	C:\WINDOWS\System32\GDI32.dll
0x00007ffe77cd0000 - 0x00007ffe77deb000 	C:\WINDOWS\System32\gdi32full.dll
0x00007ffe77c30000 - 0x00007ffe77cca000 	C:\WINDOWS\System32\msvcp_win.dll
0x00007ffe635f0000 - 0x00007ffe63882000 	C:\WINDOWS\WinSxS\amd64_microsoft.windows.common-controls_6595b64144ccf1df_6.0.22621.4830_none_270fe7d773858e80\COMCTL32.dll
0x00007ffe7a230000 - 0x00007ffe7a2d7000 	C:\WINDOWS\System32\msvcrt.dll
0x00007ffe66c90000 - 0x00007ffe66cae000 	c:\Users\adil\.vscode\extensions\redhat.java-1.39.0-win32-x64\jre\21.0.5-win32-x86_64\bin\VCRUNTIME140.dll
0x00007ffe78f30000 - 0x00007ffe78f61000 	C:\WINDOWS\System32\IMM32.DLL
0x00007ffe74840000 - 0x00007ffe7484c000 	c:\Users\adil\.vscode\extensions\redhat.java-1.39.0-win32-x64\jre\21.0.5-win32-x86_64\bin\vcruntime140_1.dll
0x00007ffe66350000 - 0x00007ffe663dd000 	c:\Users\adil\.vscode\extensions\redhat.java-1.39.0-win32-x64\jre\21.0.5-win32-x86_64\bin\msvcp140.dll
0x00007ffe16250000 - 0x00007ffe16fdf000 	c:\Users\adil\.vscode\extensions\redhat.java-1.39.0-win32-x64\jre\21.0.5-win32-x86_64\bin\server\jvm.dll
0x00007ffe794f0000 - 0x00007ffe795a1000 	C:\WINDOWS\System32\ADVAPI32.dll
0x00007ffe7a2e0000 - 0x00007ffe7a387000 	C:\WINDOWS\System32\sechost.dll
0x00007ffe78280000 - 0x00007ffe782a8000 	C:\WINDOWS\System32\bcrypt.dll
0x00007ffe78630000 - 0x00007ffe78744000 	C:\WINDOWS\System32\RPCRT4.dll
0x00007ffe796c0000 - 0x00007ffe79731000 	C:\WINDOWS\System32\WS2_32.dll
0x00007ffe768c0000 - 0x00007ffe7690d000 	C:\WINDOWS\SYSTEM32\POWRPROF.dll
0x00007ffe6f6f0000 - 0x00007ffe6f6fa000 	C:\WINDOWS\SYSTEM32\VERSION.dll
0x00007ffe722e0000 - 0x00007ffe72314000 	C:\WINDOWS\SYSTEM32\WINMM.dll
0x00007ffe768a0000 - 0x00007ffe768b3000 	C:\WINDOWS\SYSTEM32\UMPDC.dll
0x00007ffe76af0000 - 0x00007ffe76b08000 	C:\WINDOWS\SYSTEM32\kernel.appcore.dll
0x00007ffe72390000 - 0x00007ffe7239a000 	c:\Users\adil\.vscode\extensions\redhat.java-1.39.0-win32-x64\jre\21.0.5-win32-x86_64\bin\jimage.dll
0x00007ffe75340000 - 0x00007ffe75572000 	C:\WINDOWS\SYSTEM32\DBGHELP.DLL
0x00007ffe79140000 - 0x00007ffe794d0000 	C:\WINDOWS\System32\combase.dll
0x00007ffe78820000 - 0x00007ffe788f7000 	C:\WINDOWS\System32\OLEAUT32.dll
0x00007ffe64690000 - 0x00007ffe646c2000 	C:\WINDOWS\SYSTEM32\dbgcore.DLL
0x00007ffe78420000 - 0x00007ffe7849b000 	C:\WINDOWS\System32\bcryptPrimitives.dll
0x00007ffe71150000 - 0x00007ffe7115f000 	c:\Users\adil\.vscode\extensions\redhat.java-1.39.0-win32-x64\jre\21.0.5-win32-x86_64\bin\instrument.dll
0x00007ffe66a90000 - 0x00007ffe66aaf000 	c:\Users\adil\.vscode\extensions\redhat.java-1.39.0-win32-x64\jre\21.0.5-win32-x86_64\bin\java.dll

dbghelp: loaded successfully - version: 4.0.5 - missing functions: none
symbol engine: initialized successfully - sym options: 0x614 - pdb path: .;c:\Users\adil\.vscode\extensions\redhat.java-1.39.0-win32-x64\jre\21.0.5-win32-x86_64\bin;C:\WINDOWS\SYSTEM32;C:\WINDOWS\WinSxS\amd64_microsoft.windows.common-controls_6595b64144ccf1df_6.0.22621.4830_none_270fe7d773858e80;c:\Users\adil\.vscode\extensions\redhat.java-1.39.0-win32-x64\jre\21.0.5-win32-x86_64\bin\server

VM Arguments:
jvm_args: --add-modules=ALL-SYSTEM --add-opens=java.base/java.util=ALL-UNNAMED --add-opens=java.base/java.lang=ALL-UNNAMED --add-opens=java.base/sun.nio.fs=ALL-UNNAMED -Declipse.application=org.eclipse.jdt.ls.core.id1 -Dosgi.bundles.defaultStartLevel=4 -Declipse.product=org.eclipse.jdt.ls.core.product -Djava.import.generatesMetadataFilesAtProjectRoot=false -DDetectVMInstallationsJob.disabled=true -Dfile.encoding=utf8 -XX:+UseParallelGC -XX:GCTimeRatio=4 -XX:AdaptiveSizePolicyWeight=90 -Dsun.zip.disableMemoryMapping=true -Xmx1G -Xms100m -Xlog:disable -javaagent:c:\Users\adil\.vscode\extensions\redhat.java-1.39.0-win32-x64\lombok\lombok-1.18.34.jar 
java_command: c:\Users\adil\.vscode\extensions\redhat.java-1.39.0-win32-x64\server\plugins\org.eclipse.equinox.launcher_1.6.900.v20240613-2009.jar -configuration c:\Users\adil\AppData\Roaming\Code\User\globalStorage\redhat.java\1.39.0\config_ss_win -data c:\Users\adil\AppData\Roaming\Code\User\workspaceStorage\c56f5ae5a7d1f17bf360b57006ca7415\redhat.java\ss_ws --pipe=\\.\pipe\lsp-1a8cb3b62c139c207d43031a57a3a87d-sock
java_class_path (initial): c:\Users\adil\.vscode\extensions\redhat.java-1.39.0-win32-x64\server\plugins\org.eclipse.equinox.launcher_1.6.900.v20240613-2009.jar
Launcher Type: SUN_STANDARD

[Global flags]
    uintx AdaptiveSizePolicyWeight                 = 90                                        {product} {command line}
     intx CICompilerCount                          = 4                                         {product} {ergonomic}
    uintx GCTimeRatio                              = 4                                         {product} {command line}
   size_t InitialHeapSize                          = 104857600                                 {product} {command line}
   size_t MaxHeapSize                              = 1073741824                                {product} {command line}
   size_t MaxNewSize                               = 357564416                                 {product} {ergonomic}
   size_t MinHeapDeltaBytes                        = 524288                                    {product} {ergonomic}
   size_t MinHeapSize                              = 104857600                                 {product} {command line}
   size_t NewSize                                  = 34603008                                  {product} {ergonomic}
    uintx NonNMethodCodeHeapSize                   = 5839372                                {pd product} {ergonomic}
    uintx NonProfiledCodeHeapSize                  = 122909434                              {pd product} {ergonomic}
   size_t OldSize                                  = 70254592                                  {product} {ergonomic}
    uintx ProfiledCodeHeapSize                     = 122909434                              {pd product} {ergonomic}
    uintx ReservedCodeCacheSize                    = 251658240                              {pd product} {ergonomic}
     bool SegmentedCodeCache                       = true                                      {product} {ergonomic}
   size_t SoftMaxHeapSize                          = 1073741824                             {manageable} {ergonomic}
     bool UseCompressedOops                        = true                           {product lp64_product} {ergonomic}
     bool UseLargePagesIndividualAllocation        = false                                  {pd product} {ergonomic}
     bool UseParallelGC                            = true                                      {product} {command line}

Logging:
Log output configuration:
 #0: stdout all=off uptime,level,tags foldmultilines=false
 #1: stderr all=off uptime,level,tags foldmultilines=false

Environment Variables:
JAVA_HOME=C:\Program Files\Java\jdk-17
PATH=C:\Program Files\Java\jdk-17\bin;C:\Program Files\Python311\Scripts\;C:\Program Files\Python311\;C:\Windows\system32;C:\Windows;C:\Windows\System32\Wbem;C:\Windows\System32\WindowsPowerShell\v1.0\;C:\Windows\System32\OpenSSH\;C:\Program Files (x86)\NVIDIA Corporation\PhysX\Common;C:\Program Files\NVIDIA Corporation\NVIDIA NvDLISR;C:\Program Files\Git\cmd;C:\WINDOWS\system32;C:\WINDOWS;C:\WINDOWS\System32\Wbem;C:\WINDOWS\System32\WindowsPowerShell\v1.0\;C:\WINDOWS\System32\OpenSSH\;C:\Users\adil\AppData\Local\Microsoft\WindowsApps;C:\Users\adil\AppData\Local\Programs\Microsoft VS Code\bin;C:\Users\adil\OneDrive\Documents\flutter_windows_3.3.10-stable\flutter\bin;C:\Users\adil\AppData\Local\GitHubDesktop\bin
USERNAME=adil
OS=Windows_NT
PROCESSOR_IDENTIFIER=Intel64 Family 6 Model 165 Stepping 2, GenuineIntel
TMP=C:\Users\adil\AppData\Local\Temp
TEMP=C:\Users\adil\AppData\Local\Temp




Periodic native trim disabled

---------------  S Y S T E M  ---------------

OS:
 Windows 11 , 64 bit Build 22621 (10.0.22621.4830)
OS uptime: 5 days 22:04 hours
Hyper-V role detected

CPU: total 8 (initial active 8) (4 cores per cpu, 2 threads per core) family 6 model 165 stepping 2 microcode 0xe0, cx8, cmov, fxsr, ht, mmx, 3dnowpref, sse, sse2, sse3, ssse3, sse4.1, sse4.2, popcnt, lzcnt, tsc, tscinvbit, avx, avx2, aes, erms, clmul, bmi1, bmi2, adx, fma, vzeroupper, clflush, clflushopt, hv, rdtscp, f16c
Processor Information for all 8 processors :
  Max Mhz: 2496, Current Mhz: 2496, Mhz Limit: 2496

Memory: 4k page, system-wide physical 8029M (421M free)
TotalPageFile size 32605M (AvailPageFile size 4M)
current process WorkingSet (physical memory assigned to process): 25M, peak: 25M
current process commit charge ("private bytes"): 175M, peak: 176M

vm_info: OpenJDK 64-Bit Server VM (21.0.5+11-LTS) for windows-amd64 JRE (21.0.5+11-LTS), built on 2024-10-15T00:00:00Z by "admin" with MS VC++ 17.7 (VS2022)

END.
