#
# There is insufficient memory for the Java Runtime Environment to continue.
# Native memory allocation (mmap) failed to map 293601280 bytes for G1 virtual space
# Possible reasons:
#   The system is out of physical RAM or swap space
#   The process is running with CompressedOops enabled, and the Java Heap may be blocking the growth of the native heap
# Possible solutions:
#   Reduce memory load on the system
#   Increase physical memory or swap space
#   Check if swap backing store is full
#   Decrease Java heap size (-Xmx/-Xms)
#   Decrease number of Java threads
#   Decrease Java thread stack sizes (-Xss)
#   Set larger code cache with -XX:ReservedCodeCacheSize=
#   JVM is running with Zero Based Compressed Oops mode in which the Java heap is
#     placed in the first 32GB address space. The Java Heap base address is the
#     maximum limit for the native heap growth. Please use -XX:HeapBaseMinAddress
#     to set the Java Heap base and to place the Java Heap above 32GB virtual address.
# This output file may be truncated or incomplete.
#
#  Out of Memory Error (os_windows.cpp:3548), pid=50008, tid=56080
#
# JRE version: Java(TM) SE Runtime Environment (17.0.12+8) (build 17.0.12+8-LTS-286)
# Java VM: Java HotSpot(TM) 64-Bit Server VM (17.0.12+8-LTS-286, mixed mode, sharing, tiered, compressed oops, compressed class ptrs, g1 gc, windows-amd64)
# No core dump will be written. Minidumps are not enabled by default on client versions of Windows
#

---------------  S U M M A R Y ------------

Command Line: -XX:MaxMetaspaceSize=4G -XX:ReservedCodeCacheSize=512m -XX:+HeapDumpOnOutOfMemoryError --add-opens=java.base/java.util=ALL-UNNAMED --add-opens=java.base/java.lang=ALL-UNNAMED --add-opens=java.base/java.lang.invoke=ALL-UNNAMED --add-opens=java.prefs/java.util.prefs=ALL-UNNAMED --add-exports=jdk.compiler/com.sun.tools.javac.api=ALL-UNNAMED --add-exports=jdk.compiler/com.sun.tools.javac.util=ALL-UNNAMED --add-opens=java.base/java.nio.charset=ALL-UNNAMED --add-opens=java.base/java.net=ALL-UNNAMED --add-opens=java.base/java.util.concurrent.atomic=ALL-UNNAMED -Xmx8G -Dfile.encoding=utf8 -Duser.country=IN -Duser.language=en -Duser.variant -javaagent:C:\Users\adil\.gradle\wrapper\dists\gradle-8.10.2-all\7iv73wktx1xtkvlq19urqw1wm\gradle-8.10.2\lib\agents\gradle-instrumentation-agent-8.10.2.jar org.gradle.launcher.daemon.bootstrap.GradleDaemon 8.10.2

Host: Intel(R) Core(TM) i5-10300H CPU @ 2.50GHz, 8 cores, 7G,  Windows 11 , 64 bit Build 22621 (10.0.22621.4830)
Time: Thu Mar  6 18:45:54 2025 India Standard Time elapsed time: 169.144687 seconds (0d 0h 2m 49s)

---------------  T H R E A D  ---------------

Current thread (0x00000203111d1940):  VMThread "VM Thread" [stack: 0x0000004eda200000,0x0000004eda300000] [id=56080]

Stack: [0x0000004eda200000,0x0000004eda300000]
Native frames: (J=compiled Java code, j=interpreted, Vv=VM code, C=native code)
V  [jvm.dll+0x67a04a]
V  [jvm.dll+0x7da4ed]
V  [jvm.dll+0x7dbe33]
V  [jvm.dll+0x7dc4a3]
V  [jvm.dll+0x24508f]
V  [jvm.dll+0x677089]
V  [jvm.dll+0x66bd32]
V  [jvm.dll+0x301fa6]
V  [jvm.dll+0x309546]
V  [jvm.dll+0x359d2e]
V  [jvm.dll+0x359f5f]
V  [jvm.dll+0x2d9078]
V  [jvm.dll+0x2d74ad]
V  [jvm.dll+0x2d6afc]
V  [jvm.dll+0x31a65b]
V  [jvm.dll+0x7e0d9b]
V  [jvm.dll+0x7e1ad4]
V  [jvm.dll+0x7e1fed]
V  [jvm.dll+0x7e23c4]
V  [jvm.dll+0x7e2490]
V  [jvm.dll+0x78abea]
V  [jvm.dll+0x678f35]
C  [ucrtbase.dll+0x29333]
C  [KERNEL32.DLL+0x1259d]
C  [ntdll.dll+0x5af38]

VM_Operation (0x0000004edbaff320): G1CollectForAllocation, mode: safepoint, requested by thread 0x00000203c9417330


---------------  P R O C E S S  ---------------

Threads class SMR info:
_java_thread_list=0x00000203ca0809a0, length=44, elements={
0x00000203541a5d90, 0x00000203111da0b0, 0x00000203111dac70, 0x00000203111f2270,
0x00000203111f2d40, 0x00000203111f3700, 0x00000203111f40c0, 0x00000203111f5dc0,
0x00000203c5110e90, 0x00000203c51318a0, 0x00000203c51e3bf0, 0x00000203c536c5c0,
0x00000203c73d5070, 0x00000203c735daa0, 0x00000203c74f5aa0, 0x00000203c6502670,
0x00000203c745c9e0, 0x00000203c745fc80, 0x00000203c745d400, 0x00000203c745d910,
0x00000203c745e840, 0x00000203c745ed50, 0x00000203c7ade9e0, 0x00000203c7adfe20,
0x00000203c7ae0840, 0x00000203c7ae0330, 0x00000203c7ae2190, 0x00000203c7ae30c0,
0x00000203c7ae4a10, 0x00000203c7adeef0, 0x00000203c7add5a0, 0x00000203c9343b90,
0x00000203c94103d0, 0x00000203c9411d20, 0x00000203c9414090, 0x00000203c9414fc0,
0x00000203c9410df0, 0x00000203c94108e0, 0x00000203c9411300, 0x00000203c9416e20,
0x00000203c940f9b0, 0x00000203c9417330, 0x00000203c6c36bc0, 0x00000203c745f770
}

Java Threads: ( => current thread )
  0x00000203541a5d90 JavaThread "main" [_thread_blocked, id=55364, stack(0x0000004ed9c00000,0x0000004ed9d00000)]
  0x00000203111da0b0 JavaThread "Reference Handler" daemon [_thread_blocked, id=54576, stack(0x0000004eda300000,0x0000004eda400000)]
  0x00000203111dac70 JavaThread "Finalizer" daemon [_thread_blocked, id=53016, stack(0x0000004eda400000,0x0000004eda500000)]
  0x00000203111f2270 JavaThread "Signal Dispatcher" daemon [_thread_blocked, id=53752, stack(0x0000004eda500000,0x0000004eda600000)]
  0x00000203111f2d40 JavaThread "Attach Listener" daemon [_thread_blocked, id=57676, stack(0x0000004eda600000,0x0000004eda700000)]
  0x00000203111f3700 JavaThread "Service Thread" daemon [_thread_blocked, id=55372, stack(0x0000004eda700000,0x0000004eda800000)]
  0x00000203111f40c0 JavaThread "Monitor Deflation Thread" daemon [_thread_blocked, id=15100, stack(0x0000004eda800000,0x0000004eda900000)]
  0x00000203111f5dc0 JavaThread "C2 CompilerThread0" daemon [_thread_blocked, id=54280, stack(0x0000004eda900000,0x0000004edaa00000)]
  0x00000203c5110e90 JavaThread "C1 CompilerThread0" daemon [_thread_blocked, id=48328, stack(0x0000004edaa00000,0x0000004edab00000)]
  0x00000203c51318a0 JavaThread "Sweeper thread" daemon [_thread_blocked, id=58744, stack(0x0000004edab00000,0x0000004edac00000)]
  0x00000203c51e3bf0 JavaThread "Common-Cleaner" daemon [_thread_blocked, id=17256, stack(0x0000004edac00000,0x0000004edad00000)]
  0x00000203c536c5c0 JavaThread "Notification Thread" daemon [_thread_blocked, id=21564, stack(0x0000004edad00000,0x0000004edae00000)]
  0x00000203c73d5070 JavaThread "Daemon health stats" [_thread_blocked, id=55732, stack(0x0000004edb300000,0x0000004edb400000)]
  0x00000203c735daa0 JavaThread "Incoming local TCP Connector on port 52721" [_thread_in_native, id=54156, stack(0x0000004edb400000,0x0000004edb500000)]
  0x00000203c74f5aa0 JavaThread "Daemon periodic checks" [_thread_blocked, id=37656, stack(0x0000004edb500000,0x0000004edb600000)]
  0x00000203c6502670 JavaThread "Daemon" [_thread_blocked, id=57876, stack(0x0000004edb600000,0x0000004edb700000)]
  0x00000203c745c9e0 JavaThread "Daemon worker" [_thread_blocked, id=55172, stack(0x0000004edb900000,0x0000004edba00000)]
  0x00000203c745fc80 JavaThread "Cache worker for journal cache (C:\Users\adil\.gradle\caches\journal-1)" [_thread_blocked, id=56636, stack(0x0000004edbd00000,0x0000004edbe00000)]
  0x00000203c745d400 JavaThread "File lock request listener" [_thread_in_native, id=40740, stack(0x0000004edbe00000,0x0000004edbf00000)]
  0x00000203c745d910 JavaThread "Cache worker for file hash cache (C:\Users\adil\.gradle\caches\8.10.2\fileHashes)" [_thread_blocked, id=56220, stack(0x0000004edbf00000,0x0000004edc000000)]
  0x00000203c745e840 JavaThread "File watcher server" daemon [_thread_in_native, id=57672, stack(0x0000004edc800000,0x0000004edc900000)]
  0x00000203c745ed50 JavaThread "File watcher consumer" daemon [_thread_blocked, id=58096, stack(0x0000004edc900000,0x0000004edca00000)]
  0x00000203c7ade9e0 JavaThread "jar transforms" [_thread_blocked, id=56808, stack(0x0000004edca00000,0x0000004edcb00000)]
  0x00000203c7adfe20 JavaThread "jar transforms Thread 2" [_thread_blocked, id=34920, stack(0x0000004edcb00000,0x0000004edcc00000)]
  0x00000203c7ae0840 JavaThread "jar transforms Thread 3" [_thread_blocked, id=51440, stack(0x0000004edcc00000,0x0000004edcd00000)]
  0x00000203c7ae0330 JavaThread "Cache worker for file content cache (C:\Users\adil\.gradle\caches\8.10.2\fileContent)" [_thread_blocked, id=58232, stack(0x0000004edcd00000,0x0000004edce00000)]
  0x00000203c7ae2190 JavaThread "jar transforms Thread 4" [_thread_blocked, id=58204, stack(0x0000004edd000000,0x0000004edd100000)]
  0x00000203c7ae30c0 JavaThread "jar transforms Thread 5" [_thread_blocked, id=55788, stack(0x0000004edd100000,0x0000004edd200000)]
  0x00000203c7ae4a10 JavaThread "jar transforms Thread 6" [_thread_blocked, id=57180, stack(0x0000004edd400000,0x0000004edd500000)]
  0x00000203c7adeef0 JavaThread "jar transforms Thread 7" [_thread_blocked, id=57684, stack(0x0000004edd500000,0x0000004edd600000)]
  0x00000203c7add5a0 JavaThread "jar transforms Thread 8" [_thread_blocked, id=56260, stack(0x0000004edd600000,0x0000004edd700000)]
  0x00000203c9343b90 JavaThread "Memory manager" [_thread_blocked, id=47844, stack(0x0000004eded00000,0x0000004edee00000)]
  0x00000203c94103d0 JavaThread "pool-3-thread-1" [_thread_blocked, id=52616, stack(0x0000004ee3400000,0x0000004ee3500000)]
  0x00000203c9411d20 JavaThread "Exec process" [_thread_blocked, id=52604, stack(0x0000004ee3600000,0x0000004ee3700000)]
  0x00000203c9414090 JavaThread "Exec process Thread 2" [_thread_blocked, id=57976, stack(0x0000004ee3700000,0x0000004ee3800000)]
  0x00000203c9414fc0 JavaThread "Exec process Thread 3" [_thread_blocked, id=5600, stack(0x0000004ee3800000,0x0000004ee3900000)]
  0x00000203c9410df0 JavaThread "VFS cleanup" [_thread_blocked, id=30472, stack(0x0000004ed9900000,0x0000004ed9a00000)]
  0x00000203c94108e0 JavaThread "Handler for socket connection from /127.0.0.1:52721 to /127.0.0.1:52817" [_thread_in_native, id=58292, stack(0x0000004ed9a00000,0x0000004ed9b00000)]
  0x00000203c9411300 JavaThread "Cancel handler" [_thread_blocked, id=50364, stack(0x0000004ed9b00000,0x0000004ed9c00000)]
  0x00000203c9416e20 JavaThread "Asynchronous log dispatcher for DefaultDaemonConnection: socket connection from /127.0.0.1:52721 to /127.0.0.1:52817" [_thread_blocked, id=56656, stack(0x0000004edb700000,0x0000004edb800000)]
  0x00000203c940f9b0 JavaThread "Stdin handler" [_thread_blocked, id=55400, stack(0x0000004edb800000,0x0000004edb900000)]
  0x00000203c9417330 JavaThread "Daemon client event forwarder" [_thread_blocked, id=17836, stack(0x0000004edba00000,0x0000004edbb00000)]
  0x00000203c6c36bc0 JavaThread "included builds" [_thread_blocked, id=48340, stack(0x0000004ede300000,0x0000004ede400000)]
  0x00000203c745f770 JavaThread "pool-6-thread-1" [_thread_blocked, id=52936, stack(0x0000004ee3000000,0x0000004ee3100000)]

Other Threads:
=>0x00000203111d1940 VMThread "VM Thread" [stack: 0x0000004eda200000,0x0000004eda300000] [id=56080]
  0x00000203111e1320 WatcherThread [stack: 0x0000004edae00000,0x0000004edaf00000] [id=54996]
  0x0000020354264370 GCTaskThread "GC Thread#0" [stack: 0x0000004ed9d00000,0x0000004ed9e00000] [id=56600]
  0x00000203c53b4270 GCTaskThread "GC Thread#1" [stack: 0x0000004edb100000,0x0000004edb200000] [id=56532]
  0x00000203c58a94a0 GCTaskThread "GC Thread#2" [stack: 0x0000004edb200000,0x0000004edb300000] [id=54164]
  0x00000203c5dc5f20 GCTaskThread "GC Thread#3" [stack: 0x0000004edaf00000,0x0000004edb000000] [id=56844]
  0x00000203c66cb0b0 GCTaskThread "GC Thread#4" [stack: 0x0000004edb000000,0x0000004edb100000] [id=55340]
  0x00000203c6e5a8e0 GCTaskThread "GC Thread#5" [stack: 0x0000004edc100000,0x0000004edc200000] [id=58748]
  0x00000203c79fba40 GCTaskThread "GC Thread#6" [stack: 0x0000004edc200000,0x0000004edc300000] [id=58640]
  0x00000203c79fbd00 GCTaskThread "GC Thread#7" [stack: 0x0000004edc300000,0x0000004edc400000] [id=32304]
  0x000002035426d140 ConcurrentGCThread "G1 Main Marker" [stack: 0x0000004ed9e00000,0x0000004ed9f00000] [id=57004]
  0x000002035426e190 ConcurrentGCThread "G1 Conc#0" [stack: 0x0000004ed9f00000,0x0000004eda000000] [id=54512]
  0x00000203ca8dfc20 ConcurrentGCThread "G1 Conc#1" [stack: 0x0000004edc700000,0x0000004edc800000] [id=58160]
  0x0000020311092450 ConcurrentGCThread "G1 Refine#0" [stack: 0x0000004eda000000,0x0000004eda100000] [id=55252]
  0x00000203c94888a0 ConcurrentGCThread "G1 Refine#1" [stack: 0x0000004edd300000,0x0000004edd400000] [id=54836]
  0x0000020311092c30 ConcurrentGCThread "G1 Service" [stack: 0x0000004eda100000,0x0000004eda200000] [id=56984]

Threads with active compile tasks:

VM state: at safepoint (normal execution)

VM Mutex/Monitor currently owned by a thread:  ([mutex/lock_event])
[0x000002035419ff50] Threads_lock - owner thread: 0x00000203111d1940
[0x000002035419fb60] Heap_lock - owner thread: 0x00000203c9417330

Heap address: 0x0000000600000000, size: 8192 MB, Compressed Oops mode: Zero based, Oop shift amount: 3

CDS archive(s) mapped at: [0x0000020380000000-0x0000020380bd0000-0x0000020380bd0000), size 12386304, SharedBaseAddress: 0x0000020380000000, ArchiveRelocationMode: 1.
Compressed class space mapped at: 0x0000020381000000-0x00000203c1000000, reserved size: 1073741824
Narrow klass base: 0x0000020380000000, Narrow klass shift: 0, Narrow klass range: 0x100000000

GC Precious Log:
 CPUs: 8 total, 8 available
 Memory: 8029M
 Large Page Support: Disabled
 NUMA Support: Disabled
 Compressed Oops: Enabled (Zero based)
 Heap Region Size: 4M
 Heap Min Capacity: 8M
 Heap Initial Capacity: 128M
 Heap Max Capacity: 8G
 Pre-touch: Disabled
 Parallel Workers: 8
 Concurrent Workers: 2
 Concurrent Refinement Workers: 8
 Periodic GC: Disabled

Heap:
 garbage-first heap   total 548864K, used 380970K [0x0000000600000000, 0x0000000800000000)
  region size 4096K, 1 young (4096K), 1 survivors (4096K)
 Metaspace       used 128501K, committed 130368K, reserved 1179648K
  class space    used 17376K, committed 18240K, reserved 1048576K

Heap Regions: E=young(eden), S=young(survivor), O=old, HS=humongous(starts), HC=humongous(continues), CS=collection set, F=free, OA=open archive, CA=closed archive, TAMS=top-at-mark-start (previous, next)
|   0|0x0000000600000000, 0x0000000600400000, 0x0000000600400000|100%|HS|  |TAMS 0x0000000600400000, 0x0000000600000000| Complete 
|   1|0x0000000600400000, 0x0000000600800000, 0x0000000600800000|100%| O|  |TAMS 0x0000000600800000, 0x0000000600400000| Untracked 
|   2|0x0000000600800000, 0x0000000600c00000, 0x0000000600c00000|100%| O|  |TAMS 0x0000000600c00000, 0x0000000600800000| Untracked 
|   3|0x0000000600c00000, 0x0000000600ff3200, 0x0000000601000000| 98%| O|  |TAMS 0x0000000600ff3200, 0x0000000600c00000| Untracked 
|   4|0x0000000601000000, 0x0000000601400000, 0x0000000601400000|100%| O|  |TAMS 0x0000000601400000, 0x0000000601000000| Untracked 
|   5|0x0000000601400000, 0x0000000601800000, 0x0000000601800000|100%| O|  |TAMS 0x0000000601800000, 0x0000000601400000| Untracked 
|   6|0x0000000601800000, 0x0000000601c00000, 0x0000000601c00000|100%| O|  |TAMS 0x0000000601c00000, 0x0000000601800000| Untracked 
|   7|0x0000000601c00000, 0x0000000602000000, 0x0000000602000000|100%| O|  |TAMS 0x0000000602000000, 0x0000000601c00000| Untracked 
|   8|0x0000000602000000, 0x0000000602400000, 0x0000000602400000|100%| O|  |TAMS 0x0000000602400000, 0x0000000602000000| Untracked 
|   9|0x0000000602400000, 0x0000000602800000, 0x0000000602800000|100%| O|  |TAMS 0x0000000602800000, 0x0000000602400000| Untracked 
|  10|0x0000000602800000, 0x0000000602c00000, 0x0000000602c00000|100%| O|  |TAMS 0x0000000602c00000, 0x0000000602800000| Untracked 
|  11|0x0000000602c00000, 0x0000000603000000, 0x0000000603000000|100%| O|  |TAMS 0x0000000603000000, 0x0000000602c00000| Untracked 
|  12|0x0000000603000000, 0x0000000603400000, 0x0000000603400000|100%| O|  |TAMS 0x0000000603400000, 0x0000000603000000| Untracked 
|  13|0x0000000603400000, 0x0000000603800000, 0x0000000603800000|100%| O|  |TAMS 0x0000000603800000, 0x0000000603400000| Untracked 
|  14|0x0000000603800000, 0x0000000603c00000, 0x0000000603c00000|100%|HS|  |TAMS 0x0000000603c00000, 0x0000000603800000| Complete 
|  15|0x0000000603c00000, 0x0000000604000000, 0x0000000604000000|100%|HS|  |TAMS 0x0000000604000000, 0x0000000603c00000| Complete 
|  16|0x0000000604000000, 0x0000000604400000, 0x0000000604400000|100%| O|  |TAMS 0x0000000604400000, 0x0000000604000000| Untracked 
|  17|0x0000000604400000, 0x0000000604800000, 0x0000000604800000|100%| O|  |TAMS 0x0000000604800000, 0x0000000604400000| Untracked 
|  18|0x0000000604800000, 0x0000000604c00000, 0x0000000604c00000|100%| O|  |TAMS 0x0000000604c00000, 0x0000000604800000| Untracked 
|  19|0x0000000604c00000, 0x0000000605000000, 0x0000000605000000|100%| O|  |TAMS 0x0000000605000000, 0x0000000604c00000| Untracked 
|  20|0x0000000605000000, 0x0000000605400000, 0x0000000605400000|100%| O|  |TAMS 0x0000000605400000, 0x0000000605000000| Untracked 
|  21|0x0000000605400000, 0x0000000605800000, 0x0000000605800000|100%| O|  |TAMS 0x0000000605400000, 0x0000000605400000| Untracked 
|  22|0x0000000605800000, 0x0000000605c00000, 0x0000000605c00000|100%| O|  |TAMS 0x0000000605c00000, 0x0000000605800000| Untracked 
|  23|0x0000000605c00000, 0x0000000606000000, 0x0000000606000000|100%| O|  |TAMS 0x0000000606000000, 0x0000000605c00000| Untracked 
|  24|0x0000000606000000, 0x0000000606400000, 0x0000000606400000|100%| O|  |TAMS 0x0000000606400000, 0x0000000606000000| Untracked 
|  25|0x0000000606400000, 0x0000000606800000, 0x0000000606800000|100%| O|  |TAMS 0x0000000606800000, 0x0000000606400000| Untracked 
|  26|0x0000000606800000, 0x0000000606c00000, 0x0000000606c00000|100%| O|  |TAMS 0x0000000606c00000, 0x0000000606800000| Untracked 
|  27|0x0000000606c00000, 0x0000000607000000, 0x0000000607000000|100%| O|  |TAMS 0x0000000607000000, 0x0000000606c00000| Untracked 
|  28|0x0000000607000000, 0x0000000607400000, 0x0000000607400000|100%| O|  |TAMS 0x0000000607400000, 0x0000000607000000| Untracked 
|  29|0x0000000607400000, 0x0000000607800000, 0x0000000607800000|100%| O|  |TAMS 0x0000000607800000, 0x0000000607400000| Untracked 
|  30|0x0000000607800000, 0x0000000607c00000, 0x0000000607c00000|100%| O|  |TAMS 0x0000000607b62400, 0x0000000607800000| Untracked 
|  31|0x0000000607c00000, 0x0000000608000000, 0x0000000608000000|100%| O|  |TAMS 0x0000000607c00000, 0x0000000607c00000| Untracked 
|  32|0x0000000608000000, 0x0000000608400000, 0x0000000608400000|100%|HS|  |TAMS 0x0000000608000000, 0x0000000608000000| Complete 
|  33|0x0000000608400000, 0x0000000608800000, 0x0000000608800000|100%| O|  |TAMS 0x0000000608400000, 0x0000000608400000| Untracked 
|  34|0x0000000608800000, 0x0000000608c00000, 0x0000000608c00000|100%| O|  |TAMS 0x0000000608800000, 0x0000000608800000| Untracked 
|  35|0x0000000608c00000, 0x0000000609000000, 0x0000000609000000|100%| O|  |TAMS 0x0000000608c00000, 0x0000000608c00000| Untracked 
|  36|0x0000000609000000, 0x0000000609400000, 0x0000000609400000|100%| O|  |TAMS 0x0000000609000000, 0x0000000609000000| Untracked 
|  37|0x0000000609400000, 0x0000000609800000, 0x0000000609800000|100%| O|  |TAMS 0x0000000609400000, 0x0000000609400000| Untracked 
|  38|0x0000000609800000, 0x0000000609c00000, 0x0000000609c00000|100%| O|  |TAMS 0x0000000609800000, 0x0000000609800000| Untracked 
|  39|0x0000000609c00000, 0x000000060a000000, 0x000000060a000000|100%| O|  |TAMS 0x0000000609c00000, 0x0000000609c00000| Untracked 
|  40|0x000000060a000000, 0x000000060a400000, 0x000000060a400000|100%| O|  |TAMS 0x000000060a000000, 0x000000060a000000| Untracked 
|  41|0x000000060a400000, 0x000000060a800000, 0x000000060a800000|100%| O|  |TAMS 0x000000060a400000, 0x000000060a400000| Untracked 
|  42|0x000000060a800000, 0x000000060ac00000, 0x000000060ac00000|100%| O|  |TAMS 0x000000060a800000, 0x000000060a800000| Untracked 
|  43|0x000000060ac00000, 0x000000060b000000, 0x000000060b000000|100%| O|  |TAMS 0x000000060ac00000, 0x000000060ac00000| Untracked 
|  44|0x000000060b000000, 0x000000060b400000, 0x000000060b400000|100%| O|  |TAMS 0x000000060b000000, 0x000000060b000000| Untracked 
|  45|0x000000060b400000, 0x000000060b800000, 0x000000060b800000|100%| O|  |TAMS 0x000000060b400000, 0x000000060b400000| Untracked 
|  46|0x000000060b800000, 0x000000060bc00000, 0x000000060bc00000|100%| O|  |TAMS 0x000000060b800000, 0x000000060b800000| Untracked 
|  47|0x000000060bc00000, 0x000000060c000000, 0x000000060c000000|100%| O|  |TAMS 0x000000060bc00000, 0x000000060bc00000| Untracked 
|  48|0x000000060c000000, 0x000000060c400000, 0x000000060c400000|100%| O|  |TAMS 0x000000060c000000, 0x000000060c000000| Untracked 
|  49|0x000000060c400000, 0x000000060c800000, 0x000000060c800000|100%| O|  |TAMS 0x000000060c400000, 0x000000060c400000| Untracked 
|  50|0x000000060c800000, 0x000000060cc00000, 0x000000060cc00000|100%| O|  |TAMS 0x000000060c800000, 0x000000060c800000| Untracked 
|  51|0x000000060cc00000, 0x000000060d000000, 0x000000060d000000|100%| O|  |TAMS 0x000000060cc00000, 0x000000060cc00000| Untracked 
|  52|0x000000060d000000, 0x000000060d400000, 0x000000060d400000|100%| O|  |TAMS 0x000000060d000000, 0x000000060d000000| Untracked 
|  53|0x000000060d400000, 0x000000060d800000, 0x000000060d800000|100%| O|  |TAMS 0x000000060d400000, 0x000000060d400000| Untracked 
|  54|0x000000060d800000, 0x000000060dc00000, 0x000000060dc00000|100%| O|  |TAMS 0x000000060d800000, 0x000000060d800000| Untracked 
|  55|0x000000060dc00000, 0x000000060e000000, 0x000000060e000000|100%| O|  |TAMS 0x000000060dc00000, 0x000000060dc00000| Untracked 
|  56|0x000000060e000000, 0x000000060e400000, 0x000000060e400000|100%| O|  |TAMS 0x000000060e000000, 0x000000060e000000| Untracked 
|  57|0x000000060e400000, 0x000000060e800000, 0x000000060e800000|100%| O|  |TAMS 0x000000060e400000, 0x000000060e400000| Untracked 
|  58|0x000000060e800000, 0x000000060ec00000, 0x000000060ec00000|100%| O|  |TAMS 0x000000060e800000, 0x000000060e800000| Untracked 
|  59|0x000000060ec00000, 0x000000060f000000, 0x000000060f000000|100%| O|  |TAMS 0x000000060ec00000, 0x000000060ec00000| Untracked 
|  60|0x000000060f000000, 0x000000060f400000, 0x000000060f400000|100%| O|  |TAMS 0x000000060f000000, 0x000000060f000000| Untracked 
|  61|0x000000060f400000, 0x000000060f800000, 0x000000060f800000|100%| O|  |TAMS 0x000000060f400000, 0x000000060f400000| Untracked 
|  62|0x000000060f800000, 0x000000060fc00000, 0x000000060fc00000|100%| O|  |TAMS 0x000000060f800000, 0x000000060f800000| Untracked 
|  63|0x000000060fc00000, 0x0000000610000000, 0x0000000610000000|100%| O|  |TAMS 0x000000060fc00000, 0x000000060fc00000| Untracked 
|  64|0x0000000610000000, 0x0000000610400000, 0x0000000610400000|100%| O|  |TAMS 0x0000000610000000, 0x0000000610000000| Untracked 
|  65|0x0000000610400000, 0x0000000610800000, 0x0000000610800000|100%| O|  |TAMS 0x0000000610400000, 0x0000000610400000| Untracked 
|  66|0x0000000610800000, 0x0000000610c00000, 0x0000000610c00000|100%| O|  |TAMS 0x0000000610800000, 0x0000000610800000| Untracked 
|  67|0x0000000610c00000, 0x0000000611000000, 0x0000000611000000|100%| O|  |TAMS 0x0000000610c00000, 0x0000000610c00000| Untracked 
|  68|0x0000000611000000, 0x0000000611400000, 0x0000000611400000|100%| O|  |TAMS 0x0000000611000000, 0x0000000611000000| Untracked 
|  69|0x0000000611400000, 0x0000000611800000, 0x0000000611800000|100%| O|  |TAMS 0x0000000611400000, 0x0000000611400000| Untracked 
|  70|0x0000000611800000, 0x0000000611c00000, 0x0000000611c00000|100%| O|  |TAMS 0x0000000611800000, 0x0000000611800000| Untracked 
|  71|0x0000000611c00000, 0x0000000612000000, 0x0000000612000000|100%| O|  |TAMS 0x0000000611c00000, 0x0000000611c00000| Untracked 
|  72|0x0000000612000000, 0x0000000612400000, 0x0000000612400000|100%| O|  |TAMS 0x0000000612000000, 0x0000000612000000| Untracked 
|  73|0x0000000612400000, 0x0000000612800000, 0x0000000612800000|100%| O|  |TAMS 0x0000000612400000, 0x0000000612400000| Untracked 
|  74|0x0000000612800000, 0x0000000612c00000, 0x0000000612c00000|100%| O|  |TAMS 0x0000000612800000, 0x0000000612800000| Untracked 
|  75|0x0000000612c00000, 0x0000000613000000, 0x0000000613000000|100%| O|  |TAMS 0x0000000612c00000, 0x0000000612c00000| Untracked 
|  76|0x0000000613000000, 0x0000000613400000, 0x0000000613400000|100%| O|  |TAMS 0x0000000613000000, 0x0000000613000000| Untracked 
|  77|0x0000000613400000, 0x0000000613800000, 0x0000000613800000|100%| O|  |TAMS 0x0000000613400000, 0x0000000613400000| Untracked 
|  78|0x0000000613800000, 0x0000000613c00000, 0x0000000613c00000|100%| O|  |TAMS 0x0000000613800000, 0x0000000613800000| Untracked 
|  79|0x0000000613c00000, 0x0000000614000000, 0x0000000614000000|100%| O|  |TAMS 0x0000000613c00000, 0x0000000613c00000| Untracked 
|  80|0x0000000614000000, 0x0000000614400000, 0x0000000614400000|100%| O|  |TAMS 0x0000000614000000, 0x0000000614000000| Untracked 
|  81|0x0000000614400000, 0x0000000614800000, 0x0000000614800000|100%| O|  |TAMS 0x0000000614400000, 0x0000000614400000| Untracked 
|  82|0x0000000614800000, 0x0000000614c00000, 0x0000000614c00000|100%| O|  |TAMS 0x0000000614800000, 0x0000000614800000| Untracked 
|  83|0x0000000614c00000, 0x0000000615000000, 0x0000000615000000|100%| O|  |TAMS 0x0000000614c00000, 0x0000000614c00000| Untracked 
|  84|0x0000000615000000, 0x0000000615400000, 0x0000000615400000|100%| O|  |TAMS 0x0000000615000000, 0x0000000615000000| Untracked 
|  85|0x0000000615400000, 0x0000000615800000, 0x0000000615800000|100%| O|  |TAMS 0x0000000615400000, 0x0000000615400000| Untracked 
|  86|0x0000000615800000, 0x0000000615c00000, 0x0000000615c00000|100%| O|  |TAMS 0x0000000615800000, 0x0000000615800000| Untracked 
|  87|0x0000000615c00000, 0x0000000616000000, 0x0000000616000000|100%| O|  |TAMS 0x0000000615c00000, 0x0000000615c00000| Untracked 
|  88|0x0000000616000000, 0x0000000616400000, 0x0000000616400000|100%| O|  |TAMS 0x0000000616000000, 0x0000000616000000| Untracked 
|  89|0x0000000616400000, 0x0000000616800000, 0x0000000616800000|100%| O|  |TAMS 0x0000000616400000, 0x0000000616400000| Untracked 
|  90|0x0000000616800000, 0x0000000616c00000, 0x0000000616c00000|100%| O|  |TAMS 0x0000000616800000, 0x0000000616800000| Untracked 
|  91|0x0000000616c00000, 0x0000000617000000, 0x0000000617000000|100%| O|  |TAMS 0x0000000616c00000, 0x0000000616c00000| Untracked 
|  92|0x0000000617000000, 0x00000006170b8000, 0x0000000617400000| 17%| O|  |TAMS 0x0000000617000000, 0x0000000617000000| Untracked 
|  93|0x0000000617400000, 0x0000000617400000, 0x0000000617800000|  0%| F|  |TAMS 0x0000000617400000, 0x0000000617400000| Untracked 
|  94|0x0000000617800000, 0x0000000617800000, 0x0000000617c00000|  0%| F|  |TAMS 0x0000000617800000, 0x0000000617800000| Untracked 
|  95|0x0000000617c00000, 0x0000000617c00000, 0x0000000618000000|  0%| F|  |TAMS 0x0000000617c00000, 0x0000000617c00000| Untracked 
|  96|0x0000000618000000, 0x0000000618000000, 0x0000000618400000|  0%| F|  |TAMS 0x0000000618000000, 0x0000000618000000| Untracked 
|  97|0x0000000618400000, 0x0000000618400000, 0x0000000618800000|  0%| F|  |TAMS 0x0000000618400000, 0x0000000618400000| Untracked 
|  98|0x0000000618800000, 0x0000000618800000, 0x0000000618c00000|  0%| F|  |TAMS 0x0000000618800000, 0x0000000618800000| Untracked 
|  99|0x0000000618c00000, 0x0000000618c00000, 0x0000000619000000|  0%| F|  |TAMS 0x0000000618c00000, 0x0000000618c00000| Untracked 
| 100|0x0000000619000000, 0x0000000619000000, 0x0000000619400000|  0%| F|  |TAMS 0x0000000619000000, 0x0000000619000000| Untracked 
| 101|0x0000000619400000, 0x0000000619400000, 0x0000000619800000|  0%| F|  |TAMS 0x0000000619400000, 0x0000000619400000| Untracked 
| 102|0x0000000619800000, 0x0000000619800000, 0x0000000619c00000|  0%| F|  |TAMS 0x0000000619800000, 0x0000000619800000| Untracked 
| 103|0x0000000619c00000, 0x0000000619c00000, 0x000000061a000000|  0%| F|  |TAMS 0x0000000619c00000, 0x0000000619c00000| Untracked 
| 104|0x000000061a000000, 0x000000061a000000, 0x000000061a400000|  0%| F|  |TAMS 0x000000061a000000, 0x000000061a000000| Untracked 
| 105|0x000000061a400000, 0x000000061a400000, 0x000000061a800000|  0%| F|  |TAMS 0x000000061a400000, 0x000000061a400000| Untracked 
| 106|0x000000061a800000, 0x000000061a800000, 0x000000061ac00000|  0%| F|  |TAMS 0x000000061a800000, 0x000000061a800000| Untracked 
| 107|0x000000061ac00000, 0x000000061ac00000, 0x000000061b000000|  0%| F|  |TAMS 0x000000061ac00000, 0x000000061ac00000| Untracked 
| 108|0x000000061b000000, 0x000000061b000000, 0x000000061b400000|  0%| F|  |TAMS 0x000000061b000000, 0x000000061b000000| Untracked 
| 109|0x000000061b400000, 0x000000061b400000, 0x000000061b800000|  0%| F|  |TAMS 0x000000061b400000, 0x000000061b400000| Untracked 
| 110|0x000000061b800000, 0x000000061b800000, 0x000000061bc00000|  0%| F|  |TAMS 0x000000061b800000, 0x000000061b800000| Untracked 
| 111|0x000000061bc00000, 0x000000061bc00000, 0x000000061c000000|  0%| F|  |TAMS 0x000000061bc00000, 0x000000061bc00000| Untracked 
| 112|0x000000061c000000, 0x000000061c000000, 0x000000061c400000|  0%| F|  |TAMS 0x000000061c000000, 0x000000061c000000| Untracked 
| 113|0x000000061c400000, 0x000000061c400000, 0x000000061c800000|  0%| F|  |TAMS 0x000000061c400000, 0x000000061c400000| Untracked 
| 114|0x000000061c800000, 0x000000061c800000, 0x000000061cc00000|  0%| F|  |TAMS 0x000000061c800000, 0x000000061c800000| Untracked 
| 115|0x000000061cc00000, 0x000000061cf5f900, 0x000000061d000000| 84%| S|CS|TAMS 0x000000061cc00000, 0x000000061cc00000| Complete 
| 116|0x000000061d000000, 0x000000061d000000, 0x000000061d400000|  0%| F|  |TAMS 0x000000061d000000, 0x000000061d000000| Untracked 
| 117|0x000000061d400000, 0x000000061d400000, 0x000000061d800000|  0%| F|  |TAMS 0x000000061d400000, 0x000000061d400000| Untracked 
| 118|0x000000061d800000, 0x000000061d800000, 0x000000061dc00000|  0%| F|  |TAMS 0x000000061d800000, 0x000000061d800000| Untracked 
| 119|0x000000061dc00000, 0x000000061dc00000, 0x000000061e000000|  0%| F|  |TAMS 0x000000061dc00000, 0x000000061dc00000| Untracked 
| 120|0x000000061e000000, 0x000000061e000000, 0x000000061e400000|  0%| F|  |TAMS 0x000000061e000000, 0x000000061e000000| Untracked 
| 121|0x000000061e400000, 0x000000061e400000, 0x000000061e800000|  0%| F|  |TAMS 0x000000061e400000, 0x000000061e400000| Untracked 
| 122|0x000000061e800000, 0x000000061e800000, 0x000000061ec00000|  0%| F|  |TAMS 0x000000061e800000, 0x000000061e800000| Untracked 
| 123|0x000000061ec00000, 0x000000061ec00000, 0x000000061f000000|  0%| F|  |TAMS 0x000000061ec00000, 0x000000061ec00000| Untracked 
| 124|0x000000061f000000, 0x000000061f000000, 0x000000061f400000|  0%| F|  |TAMS 0x000000061f000000, 0x000000061f000000| Untracked 
| 125|0x000000061f400000, 0x000000061f400000, 0x000000061f800000|  0%| F|  |TAMS 0x000000061f400000, 0x000000061f400000| Untracked 
| 126|0x000000061f800000, 0x000000061f800000, 0x000000061fc00000|  0%| F|  |TAMS 0x000000061f800000, 0x000000061f800000| Untracked 
| 127|0x000000061fc00000, 0x000000061fc00000, 0x0000000620000000|  0%| F|  |TAMS 0x000000061fc00000, 0x000000061fc00000| Untracked 
| 128|0x0000000620000000, 0x0000000620000000, 0x0000000620400000|  0%| F|  |TAMS 0x0000000620000000, 0x0000000620000000| Untracked 
| 129|0x0000000620400000, 0x0000000620400000, 0x0000000620800000|  0%| F|  |TAMS 0x0000000620400000, 0x0000000620400000| Untracked 
| 130|0x0000000620800000, 0x0000000620800000, 0x0000000620c00000|  0%| F|  |TAMS 0x0000000620800000, 0x0000000620800000| Untracked 
| 131|0x0000000620c00000, 0x0000000620c00000, 0x0000000621000000|  0%| F|  |TAMS 0x0000000620c00000, 0x0000000620c00000| Untracked 
| 132|0x0000000621000000, 0x0000000621000000, 0x0000000621400000|  0%| F|  |TAMS 0x0000000621000000, 0x0000000621000000| Untracked 
| 133|0x0000000621400000, 0x0000000621400000, 0x0000000621800000|  0%| F|  |TAMS 0x0000000621400000, 0x0000000621400000| Untracked 

Card table byte_map: [0x000002037eee0000,0x000002037fee0000] _byte_map_base: 0x000002037bee0000

Marking Bits (Prev, Next): (CMBitMap*) 0x0000020354264870, (CMBitMap*) 0x0000020354264830
 Prev Bits: [0x0000020309000000, 0x0000020311000000)
 Next Bits: [0x0000020301000000, 0x0000020309000000)

Polling page: 0x0000020354270000

Metaspace:

Usage:
  Non-class:    108.52 MB used.
      Class:     16.97 MB used.
       Both:    125.49 MB used.

Virtual space:
  Non-class space:      128.00 MB reserved,     109.50 MB ( 86%) committed,  2 nodes.
      Class space:        1.00 GB reserved,      17.81 MB (  2%) committed,  1 nodes.
             Both:        1.12 GB reserved,     127.31 MB ( 11%) committed. 

Chunk freelists:
   Non-Class:  1.86 MB
       Class:  14.15 MB
        Both:  16.01 MB

MaxMetaspaceSize: 4.00 GB
CompressedClassSpaceSize: 1.00 GB
Initial GC threshold: 21.00 MB
Current GC threshold: 140.88 MB
CDS: on
MetaspaceReclaimPolicy: balanced
 - commit_granule_bytes: 65536.
 - commit_granule_words: 8192.
 - virtual_space_node_default_size: 8388608.
 - enlarge_chunks_in_place: 1.
 - new_chunks_are_fully_committed: 0.
 - uncommit_free_chunks: 1.
 - use_allocation_guard: 0.
 - handle_deallocations: 1.


Internal statistics:

num_allocs_failed_limit: 6.
num_arena_births: 2748.
num_arena_deaths: 0.
num_vsnodes_births: 3.
num_vsnodes_deaths: 0.
num_space_committed: 2035.
num_space_uncommitted: 0.
num_chunks_returned_to_freelist: 6.
num_chunks_taken_from_freelist: 9149.
num_chunk_merges: 6.
num_chunk_splits: 5599.
num_chunks_enlarged: 3138.
num_inconsistent_stats: 0.

CodeHeap 'non-profiled nmethods': size=259264Kb used=13609Kb max_used=13609Kb free=245654Kb
 bounds [0x000002036d520000, 0x000002036e270000, 0x000002037d250000]
CodeHeap 'profiled nmethods': size=259264Kb used=35223Kb max_used=35452Kb free=224040Kb
 bounds [0x000002035d250000, 0x000002035f500000, 0x000002036cf80000]
CodeHeap 'non-nmethods': size=5760Kb used=2469Kb max_used=2553Kb free=3290Kb
 bounds [0x000002036cf80000, 0x000002036d210000, 0x000002036d520000]
 total_blobs=18677 nmethods=17668 adapters=918
 compilation: enabled
              stopped_count=0, restarted_count=0
 full_count=0

Compilation events (20 events):
Event: 168.905 Thread 0x00000203111f5dc0 21318       4       org.gradle.internal.logging.slf4j.BuildOperationAwareLogger::log (22 bytes)
Event: 168.937 Thread 0x00000203111f5dc0 nmethod 21318 0x000002036e260210 code [0x000002036e2604a0, 0x000002036e262010]
Event: 168.937 Thread 0x00000203111f5dc0 21326  s    4       java.lang.StringBuffer::toString (59 bytes)
Event: 168.942 Thread 0x00000203111f5dc0 nmethod 21326 0x000002036e158f90 code [0x000002036e159120, 0x000002036e1598d8]
Event: 168.942 Thread 0x00000203111f5dc0 21327       4       java.util.concurrent.LinkedBlockingQueue::size (8 bytes)
Event: 168.942 Thread 0x00000203111f5dc0 nmethod 21327 0x000002036d786090 code [0x000002036d786200, 0x000002036d786298]
Event: 168.942 Thread 0x00000203111f5dc0 21328       4       org.gradle.internal.logging.text.AbstractStyledTextOutput::println (13 bytes)
Event: 168.952 Thread 0x00000203111f5dc0 nmethod 21328 0x000002036d794710 code [0x000002036d7948e0, 0x000002036d794fa8]
Event: 168.952 Thread 0x00000203111f5dc0 21330       4       java.text.DateFormat::format (19 bytes)
Event: 168.958 Thread 0x00000203111f5dc0 nmethod 21330 0x000002036e263090 code [0x000002036e263240, 0x000002036e263c08]
Event: 168.958 Thread 0x00000203111f5dc0 21332       4       org.gradle.launcher.daemon.protocol.BuildEvent::toString (38 bytes)
Event: 168.989 Thread 0x00000203111f5dc0 nmethod 21332 0x000002036e263f90 code [0x000002036e264200, 0x000002036e2664d0]
Event: 168.989 Thread 0x00000203111f5dc0 21333       4       org.gradle.internal.logging.events.LogEvent::render (37 bytes)
Event: 168.999 Thread 0x00000203111f5dc0 nmethod 21333 0x000002036e267390 code [0x000002036e267580, 0x000002036e267d48]
Event: 168.999 Thread 0x00000203111f5dc0 21329       4       org.gradle.internal.logging.slf4j.BuildOperationAwareLogger::log (14 bytes)
Event: 169.013 Thread 0x00000203111f5dc0 nmethod 21329 0x000002036e268310 code [0x000002036e268520, 0x000002036e269230]
Event: 169.013 Thread 0x00000203111f5dc0 21331       4       org.gradle.internal.logging.slf4j.BuildOperationAwareLogger::log (36 bytes)
Event: 169.029 Thread 0x00000203111f5dc0 nmethod 21331 0x000002036e269910 code [0x000002036e269b20, 0x000002036e26aa80]
Event: 169.029 Thread 0x00000203111f5dc0 21334       4       java.lang.Object::toString (36 bytes)
Event: 169.067 Thread 0x00000203111f5dc0 nmethod 21334 0x000002036e26b410 code [0x000002036e26b660, 0x000002036e26d630]

GC Heap History (20 events):
Event: 45.408 GC heap after
{Heap after GC invocations=70 (full 0):
 garbage-first heap   total 454656K, used 276480K [0x0000000600000000, 0x0000000800000000)
  region size 4096K, 5 young (20480K), 5 survivors (20480K)
 Metaspace       used 119757K, committed 121344K, reserved 1179648K
  class space    used 16494K, committed 17216K, reserved 1048576K
}
Event: 152.604 GC heap before
{Heap before GC invocations=70 (full 0):
 garbage-first heap   total 454656K, used 366592K [0x0000000600000000, 0x0000000800000000)
  region size 4096K, 27 young (110592K), 5 survivors (20480K)
 Metaspace       used 122096K, committed 123712K, reserved 1179648K
  class space    used 16735K, committed 17472K, reserved 1048576K
}
Event: 152.760 GC heap after
{Heap after GC invocations=71 (full 0):
 garbage-first heap   total 454656K, used 281875K [0x0000000600000000, 0x0000000800000000)
  region size 4096K, 1 young (4096K), 1 survivors (4096K)
 Metaspace       used 122096K, committed 123712K, reserved 1179648K
  class space    used 16735K, committed 17472K, reserved 1048576K
}
Event: 157.042 GC heap before
{Heap before GC invocations=71 (full 0):
 garbage-first heap   total 454656K, used 367891K [0x0000000600000000, 0x0000000800000000)
  region size 4096K, 23 young (94208K), 1 survivors (4096K)
 Metaspace       used 125818K, committed 127424K, reserved 1179648K
  class space    used 17107K, committed 17856K, reserved 1048576K
}
Event: 157.060 GC heap after
{Heap after GC invocations=72 (full 0):
 garbage-first heap   total 454656K, used 284899K [0x0000000600000000, 0x0000000800000000)
  region size 4096K, 2 young (8192K), 2 survivors (8192K)
 Metaspace       used 125818K, committed 127424K, reserved 1179648K
  class space    used 17107K, committed 17856K, reserved 1048576K
}
Event: 159.557 GC heap before
{Heap before GC invocations=72 (full 0):
 garbage-first heap   total 454656K, used 370915K [0x0000000600000000, 0x0000000800000000)
  region size 4096K, 24 young (98304K), 2 survivors (8192K)
 Metaspace       used 126936K, committed 128576K, reserved 1179648K
  class space    used 17245K, committed 17984K, reserved 1048576K
}
Event: 159.577 GC heap after
{Heap after GC invocations=73 (full 0):
 garbage-first heap   total 454656K, used 292768K [0x0000000600000000, 0x0000000800000000)
  region size 4096K, 3 young (12288K), 3 survivors (12288K)
 Metaspace       used 126936K, committed 128576K, reserved 1179648K
  class space    used 17245K, committed 17984K, reserved 1048576K
}
Event: 160.965 GC heap before
{Heap before GC invocations=73 (full 0):
 garbage-first heap   total 454656K, used 374688K [0x0000000600000000, 0x0000000800000000)
  region size 4096K, 23 young (94208K), 3 survivors (12288K)
 Metaspace       used 127092K, committed 128704K, reserved 1179648K
  class space    used 17255K, committed 17984K, reserved 1048576K
}
Event: 160.989 GC heap after
{Heap after GC invocations=74 (full 0):
 garbage-first heap   total 454656K, used 296839K [0x0000000600000000, 0x0000000800000000)
  region size 4096K, 2 young (8192K), 2 survivors (8192K)
 Metaspace       used 127092K, committed 128704K, reserved 1179648K
  class space    used 17255K, committed 17984K, reserved 1048576K
}
Event: 161.496 GC heap before
{Heap before GC invocations=74 (full 0):
 garbage-first heap   total 454656K, used 374663K [0x0000000600000000, 0x0000000800000000)
  region size 4096K, 21 young (86016K), 2 survivors (8192K)
 Metaspace       used 127427K, committed 129216K, reserved 1179648K
  class space    used 17299K, committed 18112K, reserved 1048576K
}
Event: 161.508 GC heap after
{Heap after GC invocations=75 (full 0):
 garbage-first heap   total 548864K, used 306595K [0x0000000600000000, 0x0000000800000000)
  region size 4096K, 3 young (12288K), 3 survivors (12288K)
 Metaspace       used 127427K, committed 129216K, reserved 1179648K
  class space    used 17299K, committed 18112K, reserved 1048576K
}
Event: 162.145 GC heap before
{Heap before GC invocations=75 (full 0):
 garbage-first heap   total 548864K, used 449955K [0x0000000600000000, 0x0000000800000000)
  region size 4096K, 38 young (155648K), 3 survivors (12288K)
 Metaspace       used 127687K, committed 129536K, reserved 1179648K
  class space    used 17343K, committed 18176K, reserved 1048576K
}
Event: 162.162 GC heap after
{Heap after GC invocations=76 (full 0):
 garbage-first heap   total 548864K, used 316555K [0x0000000600000000, 0x0000000800000000)
  region size 4096K, 5 young (20480K), 5 survivors (20480K)
 Metaspace       used 127687K, committed 129536K, reserved 1179648K
  class space    used 17343K, committed 18176K, reserved 1048576K
}
Event: 162.725 GC heap before
{Heap before GC invocations=76 (full 0):
 garbage-first heap   total 548864K, used 451723K [0x0000000600000000, 0x0000000800000000)
  region size 4096K, 38 young (155648K), 5 survivors (20480K)
 Metaspace       used 127823K, committed 129664K, reserved 1179648K
  class space    used 17349K, committed 18176K, reserved 1048576K
}
Event: 162.769 GC heap after
{Heap after GC invocations=77 (full 0):
 garbage-first heap   total 548864K, used 327593K [0x0000000600000000, 0x0000000800000000)
  region size 4096K, 5 young (20480K), 5 survivors (20480K)
 Metaspace       used 127823K, committed 129664K, reserved 1179648K
  class space    used 17349K, committed 18176K, reserved 1048576K
}
Event: 166.726 GC heap before
{Heap before GC invocations=77 (full 0):
 garbage-first heap   total 548864K, used 454569K [0x0000000600000000, 0x0000000800000000)
  region size 4096K, 36 young (147456K), 5 survivors (20480K)
 Metaspace       used 128236K, committed 130112K, reserved 1179648K
  class space    used 17373K, committed 18240K, reserved 1048576K
}
Event: 166.760 GC heap after
{Heap after GC invocations=78 (full 0):
 garbage-first heap   total 548864K, used 343377K [0x0000000600000000, 0x0000000800000000)
  region size 4096K, 5 young (20480K), 5 survivors (20480K)
 Metaspace       used 128236K, committed 130112K, reserved 1179648K
  class space    used 17373K, committed 18240K, reserved 1048576K
}
Event: 167.815 GC heap before
{Heap before GC invocations=78 (full 0):
 garbage-first heap   total 548864K, used 453969K [0x0000000600000000, 0x0000000800000000)
  region size 4096K, 32 young (131072K), 5 survivors (20480K)
 Metaspace       used 128410K, committed 130240K, reserved 1179648K
  class space    used 17374K, committed 18240K, reserved 1048576K
}
Event: 167.906 GC heap after
{Heap after GC invocations=79 (full 0):
 garbage-first heap   total 548864K, used 375932K [0x0000000600000000, 0x0000000800000000)
  region size 4096K, 4 young (16384K), 4 survivors (16384K)
 Metaspace       used 128410K, committed 130240K, reserved 1179648K
  class space    used 17374K, committed 18240K, reserved 1048576K
}
Event: 169.130 GC heap before
{Heap before GC invocations=79 (full 0):
 garbage-first heap   total 548864K, used 449660K [0x0000000600000000, 0x0000000800000000)
  region size 4096K, 22 young (90112K), 4 survivors (16384K)
 Metaspace       used 128501K, committed 130368K, reserved 1179648K
  class space    used 17376K, committed 18240K, reserved 1048576K
}

Deoptimization events (20 events):
Event: 167.745 Thread 0x00000203c9340e00 Uncommon trap: trap_request=0xffffff45 fr.pc=0x000002036d5cb508 relative=0x0000000000000348
Event: 167.745 Thread 0x00000203c9340e00 Uncommon trap: reason=unstable_if action=reinterpret pc=0x000002036d5cb508 method=java.lang.ThreadLocal.get()Ljava/lang/Object; @ 11 c2
Event: 167.745 Thread 0x00000203c9340e00 DEOPT PACKING pc=0x000002036d5cb508 sp=0x0000004ede2fe780
Event: 167.745 Thread 0x00000203c9340e00 DEOPT UNPACKING pc=0x000002036cfd23a3 sp=0x0000004ede2fe6c0 mode 2
Event: 167.746 Thread 0x00000203c745c9e0 Uncommon trap: trap_request=0xffffffc6 fr.pc=0x000002036ddc0e48 relative=0x0000000000000de8
Event: 167.746 Thread 0x00000203c745c9e0 Uncommon trap: reason=bimorphic_or_optimized_type_check action=maybe_recompile pc=0x000002036ddc0e48 method=org.gradle.internal.buildoption.DefaultInternalOptions.getOption(Lorg/gradle/internal/buildoption/InternalOption;)Lorg/gradle/internal/buildoption/
Event: 167.746 Thread 0x00000203c745c9e0 DEOPT PACKING pc=0x000002036ddc0e48 sp=0x0000004edb9fd1c0
Event: 167.746 Thread 0x00000203c745c9e0 DEOPT UNPACKING pc=0x000002036cfd23a3 sp=0x0000004edb9fd188 mode 2
Event: 167.802 Thread 0x00000203c745c9e0 Uncommon trap: trap_request=0xffffff45 fr.pc=0x000002036de4bb34 relative=0x00000000000009f4
Event: 167.802 Thread 0x00000203c745c9e0 Uncommon trap: reason=unstable_if action=reinterpret pc=0x000002036de4bb34 method=java.util.HashMap.removeNode(ILjava/lang/Object;Ljava/lang/Object;ZZ)Ljava/util/HashMap$Node; @ 133 c2
Event: 167.802 Thread 0x00000203c745c9e0 DEOPT PACKING pc=0x000002036de4bb34 sp=0x0000004edb9fbdd0
Event: 167.802 Thread 0x00000203c745c9e0 DEOPT UNPACKING pc=0x000002036cfd23a3 sp=0x0000004edb9fbd58 mode 2
Event: 167.949 Thread 0x00000203c745c9e0 Uncommon trap: trap_request=0xffffff45 fr.pc=0x000002036e0cc66c relative=0x000000000000060c
Event: 167.949 Thread 0x00000203c745c9e0 Uncommon trap: reason=unstable_if action=reinterpret pc=0x000002036e0cc66c method=java.io.ObjectOutputStream$BlockDataOutputStream.write([BIIZ)V @ 2 c2
Event: 167.951 Thread 0x00000203c745c9e0 DEOPT PACKING pc=0x000002036e0cc66c sp=0x0000004edb9fd630
Event: 167.951 Thread 0x00000203c745c9e0 DEOPT UNPACKING pc=0x000002036cfd23a3 sp=0x0000004edb9fd628 mode 2
Event: 168.467 Thread 0x00000203c9417330 Uncommon trap: trap_request=0xffffff3d fr.pc=0x000002036e233824 relative=0x0000000000005e64
Event: 168.467 Thread 0x00000203c9417330 Uncommon trap: reason=unstable_fused_if action=reinterpret pc=0x000002036e233824 method=java.text.SimpleDateFormat.zeroPaddingNumber(IIILjava/lang/StringBuffer;)V @ 36 c2
Event: 168.467 Thread 0x00000203c9417330 DEOPT PACKING pc=0x000002036e233824 sp=0x0000004edbafedf0
Event: 168.467 Thread 0x00000203c9417330 DEOPT UNPACKING pc=0x000002036cfd23a3 sp=0x0000004edbafed48 mode 2

Classes unloaded (0 events):
No events

Classes redefined (0 events):
No events

Internal exceptions (20 events):
Event: 155.925 Thread 0x00000203c745c9e0 Exception <a 'sun/nio/fs/WindowsException'{0x0000000618607998}> (0x0000000618607998) 
thrown [s\open\src\hotspot\share\prims\jni.cpp, line 516]
Event: 156.004 Thread 0x00000203c745c9e0 Exception <a 'sun/nio/fs/WindowsException'{0x0000000618721450}> (0x0000000618721450) 
thrown [s\open\src\hotspot\share\prims\jni.cpp, line 516]
Event: 156.005 Thread 0x00000203c745c9e0 Exception <a 'sun/nio/fs/WindowsException'{0x0000000618723188}> (0x0000000618723188) 
thrown [s\open\src\hotspot\share\prims\jni.cpp, line 516]
Event: 156.006 Thread 0x00000203c745c9e0 Exception <a 'sun/nio/fs/WindowsException'{0x0000000618724ec0}> (0x0000000618724ec0) 
thrown [s\open\src\hotspot\share\prims\jni.cpp, line 516]
Event: 156.007 Thread 0x00000203c745c9e0 Exception <a 'sun/nio/fs/WindowsException'{0x0000000618726be8}> (0x0000000618726be8) 
thrown [s\open\src\hotspot\share\prims\jni.cpp, line 516]
Event: 156.953 Thread 0x00000203c745c9e0 Implicit null exception at 0x000002036dabdee7 to 0x000002036dabdfa0
Event: 157.394 Thread 0x00000203c6c2fc60 Exception <a 'sun/nio/fs/WindowsException'{0x000000061aa1a2e0}> (0x000000061aa1a2e0) 
thrown [s\open\src\hotspot\share\prims\jni.cpp, line 516]
Event: 157.395 Thread 0x00000203c6c2fc60 Exception <a 'sun/nio/fs/WindowsException'{0x000000061aa3f5e0}> (0x000000061aa3f5e0) 
thrown [s\open\src\hotspot\share\prims\jni.cpp, line 516]
Event: 157.395 Thread 0x00000203c6c2fc60 Exception <a 'sun/nio/fs/WindowsException'{0x000000061aa41b50}> (0x000000061aa41b50) 
thrown [s\open\src\hotspot\share\prims\jni.cpp, line 516]
Event: 157.395 Thread 0x00000203c6c2fc60 Exception <a 'sun/nio/fs/WindowsException'{0x000000061aa43d28}> (0x000000061aa43d28) 
thrown [s\open\src\hotspot\share\prims\jni.cpp, line 516]
Event: 157.399 Thread 0x00000203c6c30170 Exception <a 'sun/nio/fs/WindowsException'{0x000000061ac734a8}> (0x000000061ac734a8) 
thrown [s\open\src\hotspot\share\prims\jni.cpp, line 516]
Event: 159.349 Thread 0x00000203c745c9e0 Exception <a 'sun/nio/fs/WindowsException'{0x0000000616a37ae0}> (0x0000000616a37ae0) 
thrown [s\open\src\hotspot\share\prims\jni.cpp, line 516]
Event: 160.288 Thread 0x00000203c745c9e0 Exception <a 'sun/nio/fs/WindowsException'{0x0000000618e49580}> (0x0000000618e49580) 
thrown [s\open\src\hotspot\share\prims\jni.cpp, line 516]
Event: 160.998 Thread 0x00000203c745c9e0 Exception <a 'java/lang/reflect/InvocationTargetException'{0x000000061b8889b8}> (0x000000061b8889b8) 
thrown [s\open\src\hotspot\share\runtime\reflection.cpp, line 1121]
Event: 162.983 Thread 0x00000203c745c9e0 Exception <a 'sun/nio/fs/WindowsException'{0x000000061ee72280}> (0x000000061ee72280) 
thrown [s\open\src\hotspot\share\prims\jni.cpp, line 516]
Event: 167.612 Thread 0x00000203c745c9e0 Exception <a 'java/lang/reflect/InvocationTargetException'{0x000000061b894fa8}> (0x000000061b894fa8) 
thrown [s\open\src\hotspot\share\runtime\reflection.cpp, line 1121]
Event: 167.612 Thread 0x00000203c745c9e0 Exception <a 'java/lang/reflect/InvocationTargetException'{0x000000061b896268}> (0x000000061b896268) 
thrown [s\open\src\hotspot\share\runtime\reflection.cpp, line 1121]
Event: 167.612 Thread 0x00000203c745c9e0 Exception <a 'java/lang/reflect/InvocationTargetException'{0x000000061b897280}> (0x000000061b897280) 
thrown [s\open\src\hotspot\share\runtime\reflection.cpp, line 1121]
Event: 167.745 Thread 0x00000203c9340e00 Implicit null exception at 0x000002036d5cb200 to 0x000002036d5cb4f0
Event: 167.745 Thread 0x00000203c9340e00 Exception <a 'sun/nio/fs/WindowsException'{0x000000061b519210}> (0x000000061b519210) 
thrown [s\open\src\hotspot\share\prims\jni.cpp, line 516]

VM Operations (20 events):
Event: 161.508 Executing VM operation: G1CollectForAllocation done
Event: 162.145 Executing VM operation: G1CollectForAllocation
Event: 162.163 Executing VM operation: G1CollectForAllocation done
Event: 162.725 Executing VM operation: G1CollectForAllocation
Event: 162.769 Executing VM operation: G1CollectForAllocation done
Event: 163.782 Executing VM operation: Cleanup
Event: 163.782 Executing VM operation: Cleanup done
Event: 164.795 Executing VM operation: Cleanup
Event: 164.795 Executing VM operation: Cleanup done
Event: 166.665 Executing VM operation: ICBufferFull
Event: 166.665 Executing VM operation: ICBufferFull done
Event: 166.725 Executing VM operation: G1CollectForAllocation
Event: 166.760 Executing VM operation: G1CollectForAllocation done
Event: 167.768 Executing VM operation: Cleanup
Event: 167.768 Executing VM operation: Cleanup done
Event: 167.815 Executing VM operation: G1CollectForAllocation
Event: 167.906 Executing VM operation: G1CollectForAllocation done
Event: 168.816 Executing VM operation: HandshakeAllThreads
Event: 168.816 Executing VM operation: HandshakeAllThreads done
Event: 169.130 Executing VM operation: G1CollectForAllocation

Events (20 events):
Event: 168.832 Thread 0x00000203c51318a0 flushing nmethod 0x000002035e434590
Event: 168.832 Thread 0x00000203c51318a0 flushing nmethod 0x000002035e436e10
Event: 168.832 Thread 0x00000203c51318a0 flushing nmethod 0x000002035e43be90
Event: 168.835 Thread 0x00000203c51318a0 flushing nmethod 0x000002035e954c10
Event: 168.835 Thread 0x00000203c51318a0 flushing nmethod 0x000002035e9e0d90
Event: 168.839 Thread 0x00000203c51318a0 flushing nmethod 0x000002035ef6f010
Event: 168.839 Thread 0x00000203c51318a0 flushing nmethod 0x000002035f020790
Event: 168.839 Thread 0x00000203c51318a0 flushing nmethod 0x000002035f03d010
Event: 168.839 Thread 0x00000203c51318a0 flushing nmethod 0x000002035f049890
Event: 168.839 Thread 0x00000203c51318a0 flushing nmethod 0x000002035f04d190
Event: 168.840 Thread 0x00000203c51318a0 flushing nmethod 0x000002035f0e9d90
Event: 168.840 Thread 0x00000203c51318a0 flushing nmethod 0x000002035f0f3c10
Event: 168.840 Thread 0x00000203c51318a0 flushing nmethod 0x000002035f0f4390
Event: 168.840 Thread 0x00000203c51318a0 flushing nmethod 0x000002035f0f8610
Event: 168.840 Thread 0x00000203c51318a0 flushing nmethod 0x000002035f0f8c90
Event: 168.840 Thread 0x00000203c51318a0 flushing nmethod 0x000002035f0fef90
Event: 168.840 Thread 0x00000203c51318a0 flushing nmethod 0x000002035f130d10
Event: 168.840 Thread 0x00000203c51318a0 flushing nmethod 0x000002035f136210
Event: 168.840 Thread 0x00000203c51318a0 flushing nmethod 0x000002035f155310
Event: 168.840 Thread 0x00000203c51318a0 flushing nmethod 0x000002035f166710


Dynamic libraries:
0x00007ff7013f0000 - 0x00007ff701400000 	C:\Program Files\Java\jdk-17\bin\java.exe
0x00007ffe7a7b0000 - 0x00007ffe7a9c7000 	C:\WINDOWS\SYSTEM32\ntdll.dll
0x00007ffe78f70000 - 0x00007ffe79034000 	C:\WINDOWS\System32\KERNEL32.DLL
0x00007ffe77df0000 - 0x00007ffe781c0000 	C:\WINDOWS\System32\KERNELBASE.dll
0x00007ffe77b10000 - 0x00007ffe77c21000 	C:\WINDOWS\System32\ucrtbase.dll
0x00007ffe5e290000 - 0x00007ffe5e2a9000 	C:\Program Files\Java\jdk-17\bin\jli.dll
0x00007ffe46a90000 - 0x00007ffe46aab000 	C:\Program Files\Java\jdk-17\bin\VCRUNTIME140.dll
0x00007ffe794f0000 - 0x00007ffe795a1000 	C:\WINDOWS\System32\ADVAPI32.dll
0x00007ffe7a230000 - 0x00007ffe7a2d7000 	C:\WINDOWS\System32\msvcrt.dll
0x00007ffe7a2e0000 - 0x00007ffe7a387000 	C:\WINDOWS\System32\sechost.dll
0x00007ffe78280000 - 0x00007ffe782a8000 	C:\WINDOWS\System32\bcrypt.dll
0x00007ffe78630000 - 0x00007ffe78744000 	C:\WINDOWS\System32\RPCRT4.dll
0x00007ffe7a390000 - 0x00007ffe7a53e000 	C:\WINDOWS\System32\USER32.dll
0x00007ffe77a60000 - 0x00007ffe77a86000 	C:\WINDOWS\System32\win32u.dll
0x00007ffe635f0000 - 0x00007ffe63882000 	C:\WINDOWS\WinSxS\amd64_microsoft.windows.common-controls_6595b64144ccf1df_6.0.22621.4830_none_270fe7d773858e80\COMCTL32.dll
0x00007ffe7a5d0000 - 0x00007ffe7a5f9000 	C:\WINDOWS\System32\GDI32.dll
0x00007ffe77cd0000 - 0x00007ffe77deb000 	C:\WINDOWS\System32\gdi32full.dll
0x00007ffe77c30000 - 0x00007ffe77cca000 	C:\WINDOWS\System32\msvcp_win.dll
0x00007ffe6f6f0000 - 0x00007ffe6f6fa000 	C:\WINDOWS\SYSTEM32\VERSION.dll
0x00007ffe78f30000 - 0x00007ffe78f61000 	C:\WINDOWS\System32\IMM32.DLL
0x00007ffe71ac0000 - 0x00007ffe71acc000 	C:\Program Files\Java\jdk-17\bin\vcruntime140_1.dll
0x00007ffe38f60000 - 0x00007ffe38fee000 	C:\Program Files\Java\jdk-17\bin\msvcp140.dll
0x00007ffe05950000 - 0x00007ffe06530000 	C:\Program Files\Java\jdk-17\bin\server\jvm.dll
0x00007ffe790d0000 - 0x00007ffe790d8000 	C:\WINDOWS\System32\PSAPI.DLL
0x00007ffe722e0000 - 0x00007ffe72314000 	C:\WINDOWS\SYSTEM32\WINMM.dll
0x00007ffe71a70000 - 0x00007ffe71a79000 	C:\WINDOWS\SYSTEM32\WSOCK32.dll
0x00007ffe796c0000 - 0x00007ffe79731000 	C:\WINDOWS\System32\WS2_32.dll
0x00007ffe76af0000 - 0x00007ffe76b08000 	C:\WINDOWS\SYSTEM32\kernel.appcore.dll
0x00007ffe711b0000 - 0x00007ffe711ba000 	C:\Program Files\Java\jdk-17\bin\jimage.dll
0x00007ffe75340000 - 0x00007ffe75572000 	C:\WINDOWS\SYSTEM32\DBGHELP.DLL
0x00007ffe79140000 - 0x00007ffe794d0000 	C:\WINDOWS\System32\combase.dll
0x00007ffe78820000 - 0x00007ffe788f7000 	C:\WINDOWS\System32\OLEAUT32.dll
0x00007ffe64690000 - 0x00007ffe646c2000 	C:\WINDOWS\SYSTEM32\dbgcore.DLL
0x00007ffe78420000 - 0x00007ffe7849b000 	C:\WINDOWS\System32\bcryptPrimitives.dll
0x00007ffe66380000 - 0x00007ffe6638e000 	C:\Program Files\Java\jdk-17\bin\instrument.dll
0x00007ffe41a40000 - 0x00007ffe41a65000 	C:\Program Files\Java\jdk-17\bin\java.dll
0x00007ffe32850000 - 0x00007ffe32927000 	C:\Program Files\Java\jdk-17\bin\jsvml.dll
0x00007ffe799b0000 - 0x00007ffe7a228000 	C:\WINDOWS\System32\SHELL32.dll
0x00007ffe75970000 - 0x00007ffe76280000 	C:\WINDOWS\SYSTEM32\windows.storage.dll
0x00007ffe75830000 - 0x00007ffe7596f000 	C:\WINDOWS\SYSTEM32\wintypes.dll
0x00007ffe795b0000 - 0x00007ffe796ba000 	C:\WINDOWS\System32\SHCORE.dll
0x00007ffe790e0000 - 0x00007ffe7913e000 	C:\WINDOWS\System32\shlwapi.dll
0x00007ffe77990000 - 0x00007ffe779bb000 	C:\WINDOWS\SYSTEM32\profapi.dll
0x00007ffe45cc0000 - 0x00007ffe45cd8000 	C:\Program Files\Java\jdk-17\bin\zip.dll
0x00007ffe41830000 - 0x00007ffe41849000 	C:\Program Files\Java\jdk-17\bin\net.dll
0x00007ffe72c60000 - 0x00007ffe72d8c000 	C:\WINDOWS\SYSTEM32\WINHTTP.dll
0x00007ffe76fd0000 - 0x00007ffe77039000 	C:\WINDOWS\system32\mswsock.dll
0x00007ffe41810000 - 0x00007ffe41826000 	C:\Program Files\Java\jdk-17\bin\nio.dll
0x00007ffe60560000 - 0x00007ffe60570000 	C:\Program Files\Java\jdk-17\bin\verify.dll
0x00007ffe2c980000 - 0x00007ffe2c9a7000 	C:\Users\adil\.gradle\native\c067742578af261105cb4f569cf0c3c89f3d7b1fecec35dd04571415982c5e48\windows-amd64\native-platform.dll
0x00007ffe1d560000 - 0x00007ffe1d6a4000 	C:\Users\adil\.gradle\native\100fb08df4bc3b14c8652ba06237920a3bd2aa13389f12d3474272988ae205f9\windows-amd64\native-platform-file-events.dll
0x00007ffe5e280000 - 0x00007ffe5e28a000 	C:\Program Files\Java\jdk-17\bin\management.dll
0x00007ffe5e150000 - 0x00007ffe5e15b000 	C:\Program Files\Java\jdk-17\bin\management_ext.dll
0x00007ffe77200000 - 0x00007ffe7721b000 	C:\WINDOWS\SYSTEM32\CRYPTSP.dll
0x00007ffe76ab0000 - 0x00007ffe76ae5000 	C:\WINDOWS\system32\rsaenh.dll
0x00007ffe77090000 - 0x00007ffe770b8000 	C:\WINDOWS\SYSTEM32\USERENV.dll
0x00007ffe771f0000 - 0x00007ffe771fc000 	C:\WINDOWS\SYSTEM32\CRYPTBASE.dll
0x00007ffe76590000 - 0x00007ffe765bd000 	C:\WINDOWS\SYSTEM32\IPHLPAPI.DLL
0x00007ffe794e0000 - 0x00007ffe794e9000 	C:\WINDOWS\System32\NSI.dll
0x00007ffe72b90000 - 0x00007ffe72ba9000 	C:\WINDOWS\SYSTEM32\dhcpcsvc6.DLL
0x00007ffe72b30000 - 0x00007ffe72b4f000 	C:\WINDOWS\SYSTEM32\dhcpcsvc.DLL
0x00007ffe765c0000 - 0x00007ffe766c2000 	C:\WINDOWS\SYSTEM32\DNSAPI.dll
0x00007ffe5e0c0000 - 0x00007ffe5e0ce000 	C:\Program Files\Java\jdk-17\bin\sunmscapi.dll
0x00007ffe782b0000 - 0x00007ffe78416000 	C:\WINDOWS\System32\CRYPT32.dll
0x00007ffe77400000 - 0x00007ffe7742d000 	C:\WINDOWS\SYSTEM32\ncrypt.dll
0x00007ffe773c0000 - 0x00007ffe773f7000 	C:\WINDOWS\SYSTEM32\NTASN1.dll
0x00007ffe64ee0000 - 0x00007ffe64ee8000 	C:\WINDOWS\system32\wshunix.dll
0x00007ffe5e1a0000 - 0x00007ffe5e1b7000 	C:\WINDOWS\system32\napinsp.dll
0x00007ffe5b5e0000 - 0x00007ffe5b5fb000 	C:\WINDOWS\system32\pnrpnsp.dll
0x00007ffe5b480000 - 0x00007ffe5b491000 	C:\WINDOWS\System32\winrnr.dll
0x00007ffe716c0000 - 0x00007ffe716d5000 	C:\WINDOWS\system32\wshbth.dll
0x00007ffe4e1f0000 - 0x00007ffe4e217000 	C:\WINDOWS\system32\nlansp_c.dll
0x00007ffe6f0c0000 - 0x00007ffe6f0ca000 	C:\Windows\System32\rasadhlp.dll
0x00007ffe71b30000 - 0x00007ffe71bb3000 	C:\WINDOWS\System32\fwpuclnt.dll

dbghelp: loaded successfully - version: 4.0.5 - missing functions: none
symbol engine: initialized successfully - sym options: 0x614 - pdb path: .;C:\Program Files\Java\jdk-17\bin;C:\WINDOWS\SYSTEM32;C:\WINDOWS\WinSxS\amd64_microsoft.windows.common-controls_6595b64144ccf1df_6.0.22621.4830_none_270fe7d773858e80;C:\Program Files\Java\jdk-17\bin\server;C:\Users\adil\.gradle\native\c067742578af261105cb4f569cf0c3c89f3d7b1fecec35dd04571415982c5e48\windows-amd64;C:\Users\adil\.gradle\native\100fb08df4bc3b14c8652ba06237920a3bd2aa13389f12d3474272988ae205f9\windows-amd64

VM Arguments:
jvm_args: -XX:MaxMetaspaceSize=4G -XX:ReservedCodeCacheSize=512m -XX:+HeapDumpOnOutOfMemoryError --add-opens=java.base/java.util=ALL-UNNAMED --add-opens=java.base/java.lang=ALL-UNNAMED --add-opens=java.base/java.lang.invoke=ALL-UNNAMED --add-opens=java.prefs/java.util.prefs=ALL-UNNAMED --add-exports=jdk.compiler/com.sun.tools.javac.api=ALL-UNNAMED --add-exports=jdk.compiler/com.sun.tools.javac.util=ALL-UNNAMED --add-opens=java.base/java.nio.charset=ALL-UNNAMED --add-opens=java.base/java.net=ALL-UNNAMED --add-opens=java.base/java.util.concurrent.atomic=ALL-UNNAMED -Xmx8G -Dfile.encoding=utf8 -Duser.country=IN -Duser.language=en -Duser.variant -javaagent:C:\Users\adil\.gradle\wrapper\dists\gradle-8.10.2-all\7iv73wktx1xtkvlq19urqw1wm\gradle-8.10.2\lib\agents\gradle-instrumentation-agent-8.10.2.jar 
java_command: org.gradle.launcher.daemon.bootstrap.GradleDaemon 8.10.2
java_class_path (initial): C:\Users\adil\.gradle\wrapper\dists\gradle-8.10.2-all\7iv73wktx1xtkvlq19urqw1wm\gradle-8.10.2\lib\gradle-daemon-main-8.10.2.jar
Launcher Type: SUN_STANDARD

[Global flags]
     intx CICompilerCount                          = 4                                         {product} {ergonomic}
     uint ConcGCThreads                            = 2                                         {product} {ergonomic}
     uint G1ConcRefinementThreads                  = 8                                         {product} {ergonomic}
   size_t G1HeapRegionSize                         = 4194304                                   {product} {ergonomic}
    uintx GCDrainStackTargetSize                   = 64                                        {product} {ergonomic}
     bool HeapDumpOnOutOfMemoryError               = true                                   {manageable} {command line}
   size_t InitialHeapSize                          = 134217728                                 {product} {ergonomic}
   size_t MarkStackSize                            = 4194304                                   {product} {ergonomic}
   size_t MaxHeapSize                              = 8589934592                                {product} {command line}
   size_t MaxMetaspaceSize                         = 4294967296                                {product} {command line}
   size_t MaxNewSize                               = 5150605312                                {product} {ergonomic}
   size_t MinHeapDeltaBytes                        = 4194304                                   {product} {ergonomic}
   size_t MinHeapSize                              = 8388608                                   {product} {ergonomic}
    uintx NonNMethodCodeHeapSize                   = 5839372                                {pd product} {ergonomic}
    uintx NonProfiledCodeHeapSize                  = 265515770                              {pd product} {ergonomic}
    uintx ProfiledCodeHeapSize                     = 265515770                              {pd product} {ergonomic}
    uintx ReservedCodeCacheSize                    = 536870912                              {pd product} {command line}
     bool SegmentedCodeCache                       = true                                      {product} {ergonomic}
   size_t SoftMaxHeapSize                          = 8589934592                             {manageable} {ergonomic}
   double SweeperThreshold                         = 0.234375                                  {product} {ergonomic}
     bool UseCompressedClassPointers               = true                           {product lp64_product} {ergonomic}
     bool UseCompressedOops                        = true                           {product lp64_product} {ergonomic}
     bool UseG1GC                                  = true                                      {product} {ergonomic}
     bool UseLargePagesIndividualAllocation        = false                                  {pd product} {ergonomic}

Logging:
Log output configuration:
 #0: stdout all=warning uptime,level,tags
 #1: stderr all=off uptime,level,tags

Environment Variables:
JAVA_HOME=C:\Program Files\Java\jdk-17
PATH=C:\Program Files\Java\jdk-17\bin;C:\Program Files\Python311\Scripts\;C:\Program Files\Python311\;C:\Windows\system32;C:\Windows;C:\Windows\System32\Wbem;C:\Windows\System32\WindowsPowerShell\v1.0\;C:\Windows\System32\OpenSSH\;C:\Program Files (x86)\NVIDIA Corporation\PhysX\Common;C:\Program Files\NVIDIA Corporation\NVIDIA NvDLISR;C:\Program Files\Git\cmd;C:\WINDOWS\system32;C:\WINDOWS;C:\WINDOWS\System32\Wbem;C:\WINDOWS\System32\WindowsPowerShell\v1.0\;C:\WINDOWS\System32\OpenSSH\;C:\Users\adil\AppData\Local\Microsoft\WindowsApps;C:\Users\adil\AppData\Local\Programs\Microsoft VS Code\bin;C:\Users\adil\OneDrive\Documents\flutter_windows_3.3.10-stable\flutter\bin;C:\Users\adil\AppData\Local\GitHubDesktop\bin
USERNAME=adil
OS=Windows_NT
PROCESSOR_IDENTIFIER=Intel64 Family 6 Model 165 Stepping 2, GenuineIntel



---------------  S Y S T E M  ---------------

OS:
 Windows 11 , 64 bit Build 22621 (10.0.22621.4830)
OS uptime: 13 days 18:45 hours
Hyper-V role detected

CPU: total 8 (initial active 8) (4 cores per cpu, 2 threads per core) family 6 model 165 stepping 2 microcode 0xe0, cx8, cmov, fxsr, ht, mmx, 3dnowpref, sse, sse2, sse3, ssse3, sse4.1, sse4.2, popcnt, lzcnt, tsc, tscinvbit, avx, avx2, aes, erms, clmul, bmi1, bmi2, adx, fma, vzeroupper, clflush, clflushopt, hv

Memory: 4k page, system-wide physical 8029M (301M free)
TotalPageFile size 32605M (AvailPageFile size 79M)
current process WorkingSet (physical memory assigned to process): 595M, peak: 701M
current process commit charge ("private bytes"): 940M, peak: 1220M

vm_info: Java HotSpot(TM) 64-Bit Server VM (17.0.12+8-LTS-286) for windows-amd64 JRE (17.0.12+8-LTS-286), built on Jun  5 2024 06:46:59 by "mach5one" with MS VC++ 17.6 (VS2022)

END.
