#
# There is insufficient memory for the Java Runtime Environment to continue.
# Native memory allocation (malloc) failed to allocate 101056 bytes for Chunk::new
# Possible reasons:
#   The system is out of physical RAM or swap space
#   The process is running with CompressedOops enabled, and the Java Heap may be blocking the growth of the native heap
# Possible solutions:
#   Reduce memory load on the system
#   Increase physical memory or swap space
#   Check if swap backing store is full
#   Decrease Java heap size (-Xmx/-Xms)
#   Decrease number of Java threads
#   Decrease Java thread stack sizes (-Xss)
#   Set larger code cache with -XX:ReservedCodeCacheSize=
#   JVM is running with Unscaled Compressed Oops mode in which the Java heap is
#     placed in the first 4GB address space. The Java Heap base address is the
#     maximum limit for the native heap growth. Please use -XX:HeapBaseMinAddress
#     to set the Java Heap base and to place the Java Heap above 4GB virtual address.
# This output file may be truncated or incomplete.
#
#  Out of Memory Error (arena.cpp:189), pid=58520, tid=58584
#
# JRE version: Java(TM) SE Runtime Environment (17.0.12+8) (build 17.0.12+8-LTS-286)
# Java VM: Java HotSpot(TM) 64-Bit Server VM (17.0.12+8-LTS-286, mixed mode, sharing, tiered, compressed oops, compressed class ptrs, g1 gc, windows-amd64)
# No core dump will be written. Minidumps are not enabled by default on client versions of Windows
#

---------------  S U M M A R Y ------------

Command Line: -Dorg.gradle.appname=gradlew org.gradle.wrapper.GradleWrapperMain :cloud_firestore:dependencies --write-locks

Host: Intel(R) Core(TM) i5-10300H CPU @ 2.50GHz, 8 cores, 7G,  Windows 11 , 64 bit Build 22621 (10.0.22621.4830)
Time: Thu Mar  6 18:47:15 2025 India Standard Time elapsed time: 6.153396 seconds (0d 0h 0m 6s)

---------------  T H R E A D  ---------------

Current thread (0x000001b6a0c84b60):  JavaThread "C2 CompilerThread0" daemon [_thread_in_native, id=58584, stack(0x000000a34ac00000,0x000000a34ad00000)]


Current CompileTask:
C2:   6153 1409       4       com.esotericsoftware.kryo.io.Input::readUtf8 (90 bytes)

Stack: [0x000000a34ac00000,0x000000a34ad00000]
Native frames: (J=compiled Java code, j=interpreted, Vv=VM code, C=native code)
V  [jvm.dll+0x67a04a]
V  [jvm.dll+0x7da4ed]
V  [jvm.dll+0x7dbe33]
V  [jvm.dll+0x7dc4a3]
V  [jvm.dll+0x24508f]
V  [jvm.dll+0xab773]
V  [jvm.dll+0xabd3c]
V  [jvm.dll+0x2aa52f]
V  [jvm.dll+0x581eb9]
V  [jvm.dll+0x21f422]
V  [jvm.dll+0x21f81f]
V  [jvm.dll+0x218aa0]
V  [jvm.dll+0x215b65]
V  [jvm.dll+0x1a2960]
V  [jvm.dll+0x22610b]
V  [jvm.dll+0x2242ab]
V  [jvm.dll+0x79075c]
V  [jvm.dll+0x78abea]
V  [jvm.dll+0x678f35]
C  [ucrtbase.dll+0x29333]
C  [KERNEL32.DLL+0x1259d]
C  [ntdll.dll+0x5af38]


---------------  P R O C E S S  ---------------

Threads class SMR info:
_java_thread_list=0x000001b6e6bdb5c0, length=13, elements={
0x000001b682bf11a0, 0x000001b6a0c67ec0, 0x000001b6a0c68c50, 0x000001b6a0c82440,
0x000001b6a0c82d10, 0x000001b6a0c835e0, 0x000001b6a0c83eb0, 0x000001b6a0c84b60,
0x000001b6a0c8af40, 0x000001b6a0c95880, 0x000001b6e60c7d70, 0x000001b6e60d2290,
0x000001b6e6c920c0
}

Java Threads: ( => current thread )
  0x000001b682bf11a0 JavaThread "main" [_thread_in_native, id=58836, stack(0x000000a349f00000,0x000000a34a000000)]
  0x000001b6a0c67ec0 JavaThread "Reference Handler" daemon [_thread_blocked, id=55416, stack(0x000000a34a600000,0x000000a34a700000)]
  0x000001b6a0c68c50 JavaThread "Finalizer" daemon [_thread_blocked, id=16328, stack(0x000000a34a700000,0x000000a34a800000)]
  0x000001b6a0c82440 JavaThread "Signal Dispatcher" daemon [_thread_blocked, id=22500, stack(0x000000a34a800000,0x000000a34a900000)]
  0x000001b6a0c82d10 JavaThread "Attach Listener" daemon [_thread_blocked, id=55504, stack(0x000000a34a900000,0x000000a34aa00000)]
  0x000001b6a0c835e0 JavaThread "Service Thread" daemon [_thread_blocked, id=55920, stack(0x000000a34aa00000,0x000000a34ab00000)]
  0x000001b6a0c83eb0 JavaThread "Monitor Deflation Thread" daemon [_thread_blocked, id=51632, stack(0x000000a34ab00000,0x000000a34ac00000)]
=>0x000001b6a0c84b60 JavaThread "C2 CompilerThread0" daemon [_thread_in_native, id=58584, stack(0x000000a34ac00000,0x000000a34ad00000)]
  0x000001b6a0c8af40 JavaThread "C1 CompilerThread0" daemon [_thread_blocked, id=54316, stack(0x000000a34ad00000,0x000000a34ae00000)]
  0x000001b6a0c95880 JavaThread "Sweeper thread" daemon [_thread_blocked, id=57628, stack(0x000000a34ae00000,0x000000a34af00000)]
  0x000001b6e60c7d70 JavaThread "Notification Thread" daemon [_thread_blocked, id=34960, stack(0x000000a34af00000,0x000000a34b000000)]
  0x000001b6e60d2290 JavaThread "Common-Cleaner" daemon [_thread_blocked, id=12776, stack(0x000000a34b100000,0x000000a34b200000)]
  0x000001b6e6c920c0 JavaThread "pool-1-thread-1" [_thread_blocked, id=54440, stack(0x000000a34b500000,0x000000a34b600000)]

Other Threads:
  0x000001b6a0c64370 VMThread "VM Thread" [stack: 0x000000a34a500000,0x000000a34a600000] [id=57768]
  0x000001b682c77070 WatcherThread [stack: 0x000000a34b000000,0x000000a34b100000] [id=52956]
  0x000001b682c4b900 GCTaskThread "GC Thread#0" [stack: 0x000000a34a000000,0x000000a34a100000] [id=58284]
  0x000001b6e6841340 GCTaskThread "GC Thread#1" [stack: 0x000000a34b200000,0x000000a34b300000] [id=32540]
  0x000001b6e62b4fd0 GCTaskThread "GC Thread#2" [stack: 0x000000a34b300000,0x000000a34b400000] [id=53536]
  0x000001b6e6637ba0 GCTaskThread "GC Thread#3" [stack: 0x000000a34b400000,0x000000a34b500000] [id=54352]
  0x000001b682c5c350 ConcurrentGCThread "G1 Main Marker" [stack: 0x000000a34a100000,0x000000a34a200000] [id=57252]
  0x000001b682c5cd60 ConcurrentGCThread "G1 Conc#0" [stack: 0x000000a34a200000,0x000000a34a300000] [id=23716]
  0x000001b6a0b220c0 ConcurrentGCThread "G1 Refine#0" [stack: 0x000000a34a300000,0x000000a34a400000] [id=58416]
  0x000001b6a0b23a10 ConcurrentGCThread "G1 Service" [stack: 0x000000a34a400000,0x000000a34a500000] [id=20892]

Threads with active compile tasks:
C2 CompilerThread0     6176 1409       4       com.esotericsoftware.kryo.io.Input::readUtf8 (90 bytes)

VM state: not at safepoint (normal execution)

VM Mutex/Monitor currently owned by a thread: None

Heap address: 0x0000000082800000, size: 2008 MB, Compressed Oops mode: 32-bit

CDS archive(s) mapped at: [0x000001b6a1000000-0x000001b6a1bd0000-0x000001b6a1bd0000), size 12386304, SharedBaseAddress: 0x000001b6a1000000, ArchiveRelocationMode: 1.
Compressed class space mapped at: 0x000001b6a2000000-0x000001b6e2000000, reserved size: 1073741824
Narrow klass base: 0x000001b6a1000000, Narrow klass shift: 0, Narrow klass range: 0x100000000

GC Precious Log:
 CPUs: 8 total, 8 available
 Memory: 8029M
 Large Page Support: Disabled
 NUMA Support: Disabled
 Compressed Oops: Enabled (32-bit)
 Heap Region Size: 1M
 Heap Min Capacity: 8M
 Heap Initial Capacity: 126M
 Heap Max Capacity: 2008M
 Pre-touch: Disabled
 Parallel Workers: 8
 Concurrent Workers: 2
 Concurrent Refinement Workers: 8
 Periodic GC: Disabled

Heap:
 garbage-first heap   total 129024K, used 38165K [0x0000000082800000, 0x0000000100000000)
  region size 1024K, 33 young (33792K), 3 survivors (3072K)
 Metaspace       used 9265K, committed 9472K, reserved 1114112K
  class space    used 1238K, committed 1344K, reserved 1048576K

Heap Regions: E=young(eden), S=young(survivor), O=old, HS=humongous(starts), HC=humongous(continues), CS=collection set, F=free, OA=open archive, CA=closed archive, TAMS=top-at-mark-start (previous, next)
|   0|0x0000000082800000, 0x0000000082900000, 0x0000000082900000|100%| O|  |TAMS 0x0000000082800000, 0x0000000082800000| Untracked 
|   1|0x0000000082900000, 0x0000000082945600, 0x0000000082a00000| 27%| O|  |TAMS 0x0000000082900000, 0x0000000082900000| Untracked 
|   2|0x0000000082a00000, 0x0000000082b00000, 0x0000000082b00000|100%|HS|  |TAMS 0x0000000082a00000, 0x0000000082a00000| Complete 
|   3|0x0000000082b00000, 0x0000000082c00000, 0x0000000082c00000|100%|HC|  |TAMS 0x0000000082b00000, 0x0000000082b00000| Complete 
|   4|0x0000000082c00000, 0x0000000082d00000, 0x0000000082d00000|100%|HC|  |TAMS 0x0000000082c00000, 0x0000000082c00000| Complete 
|   5|0x0000000082d00000, 0x0000000082e00000, 0x0000000082e00000|100%|HC|  |TAMS 0x0000000082d00000, 0x0000000082d00000| Complete 
|   6|0x0000000082e00000, 0x0000000082e00000, 0x0000000082f00000|  0%| F|  |TAMS 0x0000000082e00000, 0x0000000082e00000| Untracked 
|   7|0x0000000082f00000, 0x0000000082f00000, 0x0000000083000000|  0%| F|  |TAMS 0x0000000082f00000, 0x0000000082f00000| Untracked 
|   8|0x0000000083000000, 0x0000000083000000, 0x0000000083100000|  0%| F|  |TAMS 0x0000000083000000, 0x0000000083000000| Untracked 
|   9|0x0000000083100000, 0x0000000083100000, 0x0000000083200000|  0%| F|  |TAMS 0x0000000083100000, 0x0000000083100000| Untracked 
|  10|0x0000000083200000, 0x0000000083200000, 0x0000000083300000|  0%| F|  |TAMS 0x0000000083200000, 0x0000000083200000| Untracked 
|  11|0x0000000083300000, 0x0000000083300000, 0x0000000083400000|  0%| F|  |TAMS 0x0000000083300000, 0x0000000083300000| Untracked 
|  12|0x0000000083400000, 0x0000000083400000, 0x0000000083500000|  0%| F|  |TAMS 0x0000000083400000, 0x0000000083400000| Untracked 
|  13|0x0000000083500000, 0x0000000083500000, 0x0000000083600000|  0%| F|  |TAMS 0x0000000083500000, 0x0000000083500000| Untracked 
|  14|0x0000000083600000, 0x0000000083600000, 0x0000000083700000|  0%| F|  |TAMS 0x0000000083600000, 0x0000000083600000| Untracked 
|  15|0x0000000083700000, 0x0000000083700000, 0x0000000083800000|  0%| F|  |TAMS 0x0000000083700000, 0x0000000083700000| Untracked 
|  16|0x0000000083800000, 0x0000000083800000, 0x0000000083900000|  0%| F|  |TAMS 0x0000000083800000, 0x0000000083800000| Untracked 
|  17|0x0000000083900000, 0x0000000083900000, 0x0000000083a00000|  0%| F|  |TAMS 0x0000000083900000, 0x0000000083900000| Untracked 
|  18|0x0000000083a00000, 0x0000000083a00000, 0x0000000083b00000|  0%| F|  |TAMS 0x0000000083a00000, 0x0000000083a00000| Untracked 
|  19|0x0000000083b00000, 0x0000000083b00000, 0x0000000083c00000|  0%| F|  |TAMS 0x0000000083b00000, 0x0000000083b00000| Untracked 
|  20|0x0000000083c00000, 0x0000000083c00000, 0x0000000083d00000|  0%| F|  |TAMS 0x0000000083c00000, 0x0000000083c00000| Untracked 
|  21|0x0000000083d00000, 0x0000000083d00000, 0x0000000083e00000|  0%| F|  |TAMS 0x0000000083d00000, 0x0000000083d00000| Untracked 
|  22|0x0000000083e00000, 0x0000000083e00000, 0x0000000083f00000|  0%| F|  |TAMS 0x0000000083e00000, 0x0000000083e00000| Untracked 
|  23|0x0000000083f00000, 0x0000000083f00000, 0x0000000084000000|  0%| F|  |TAMS 0x0000000083f00000, 0x0000000083f00000| Untracked 
|  24|0x0000000084000000, 0x0000000084000000, 0x0000000084100000|  0%| F|  |TAMS 0x0000000084000000, 0x0000000084000000| Untracked 
|  25|0x0000000084100000, 0x0000000084100000, 0x0000000084200000|  0%| F|  |TAMS 0x0000000084100000, 0x0000000084100000| Untracked 
|  26|0x0000000084200000, 0x0000000084200000, 0x0000000084300000|  0%| F|  |TAMS 0x0000000084200000, 0x0000000084200000| Untracked 
|  27|0x0000000084300000, 0x0000000084300000, 0x0000000084400000|  0%| F|  |TAMS 0x0000000084300000, 0x0000000084300000| Untracked 
|  28|0x0000000084400000, 0x0000000084400000, 0x0000000084500000|  0%| F|  |TAMS 0x0000000084400000, 0x0000000084400000| Untracked 
|  29|0x0000000084500000, 0x0000000084500000, 0x0000000084600000|  0%| F|  |TAMS 0x0000000084500000, 0x0000000084500000| Untracked 
|  30|0x0000000084600000, 0x0000000084600000, 0x0000000084700000|  0%| F|  |TAMS 0x0000000084600000, 0x0000000084600000| Untracked 
|  31|0x0000000084700000, 0x0000000084700000, 0x0000000084800000|  0%| F|  |TAMS 0x0000000084700000, 0x0000000084700000| Untracked 
|  32|0x0000000084800000, 0x0000000084800000, 0x0000000084900000|  0%| F|  |TAMS 0x0000000084800000, 0x0000000084800000| Untracked 
|  33|0x0000000084900000, 0x0000000084900000, 0x0000000084a00000|  0%| F|  |TAMS 0x0000000084900000, 0x0000000084900000| Untracked 
|  34|0x0000000084a00000, 0x0000000084a00000, 0x0000000084b00000|  0%| F|  |TAMS 0x0000000084a00000, 0x0000000084a00000| Untracked 
|  35|0x0000000084b00000, 0x0000000084b00000, 0x0000000084c00000|  0%| F|  |TAMS 0x0000000084b00000, 0x0000000084b00000| Untracked 
|  36|0x0000000084c00000, 0x0000000084c00000, 0x0000000084d00000|  0%| F|  |TAMS 0x0000000084c00000, 0x0000000084c00000| Untracked 
|  37|0x0000000084d00000, 0x0000000084d00000, 0x0000000084e00000|  0%| F|  |TAMS 0x0000000084d00000, 0x0000000084d00000| Untracked 
|  38|0x0000000084e00000, 0x0000000084e00000, 0x0000000084f00000|  0%| F|  |TAMS 0x0000000084e00000, 0x0000000084e00000| Untracked 
|  39|0x0000000084f00000, 0x0000000084f00000, 0x0000000085000000|  0%| F|  |TAMS 0x0000000084f00000, 0x0000000084f00000| Untracked 
|  40|0x0000000085000000, 0x0000000085000000, 0x0000000085100000|  0%| F|  |TAMS 0x0000000085000000, 0x0000000085000000| Untracked 
|  41|0x0000000085100000, 0x0000000085100000, 0x0000000085200000|  0%| F|  |TAMS 0x0000000085100000, 0x0000000085100000| Untracked 
|  42|0x0000000085200000, 0x0000000085200000, 0x0000000085300000|  0%| F|  |TAMS 0x0000000085200000, 0x0000000085200000| Untracked 
|  43|0x0000000085300000, 0x0000000085300000, 0x0000000085400000|  0%| F|  |TAMS 0x0000000085300000, 0x0000000085300000| Untracked 
|  44|0x0000000085400000, 0x0000000085400000, 0x0000000085500000|  0%| F|  |TAMS 0x0000000085400000, 0x0000000085400000| Untracked 
|  45|0x0000000085500000, 0x0000000085500000, 0x0000000085600000|  0%| F|  |TAMS 0x0000000085500000, 0x0000000085500000| Untracked 
|  46|0x0000000085600000, 0x0000000085600000, 0x0000000085700000|  0%| F|  |TAMS 0x0000000085600000, 0x0000000085600000| Untracked 
|  47|0x0000000085700000, 0x0000000085700000, 0x0000000085800000|  0%| F|  |TAMS 0x0000000085700000, 0x0000000085700000| Untracked 
|  48|0x0000000085800000, 0x0000000085800000, 0x0000000085900000|  0%| F|  |TAMS 0x0000000085800000, 0x0000000085800000| Untracked 
|  49|0x0000000085900000, 0x0000000085900000, 0x0000000085a00000|  0%| F|  |TAMS 0x0000000085900000, 0x0000000085900000| Untracked 
|  50|0x0000000085a00000, 0x0000000085a00000, 0x0000000085b00000|  0%| F|  |TAMS 0x0000000085a00000, 0x0000000085a00000| Untracked 
|  51|0x0000000085b00000, 0x0000000085b00000, 0x0000000085c00000|  0%| F|  |TAMS 0x0000000085b00000, 0x0000000085b00000| Untracked 
|  52|0x0000000085c00000, 0x0000000085c00000, 0x0000000085d00000|  0%| F|  |TAMS 0x0000000085c00000, 0x0000000085c00000| Untracked 
|  53|0x0000000085d00000, 0x0000000085d00000, 0x0000000085e00000|  0%| F|  |TAMS 0x0000000085d00000, 0x0000000085d00000| Untracked 
|  54|0x0000000085e00000, 0x0000000085e00000, 0x0000000085f00000|  0%| F|  |TAMS 0x0000000085e00000, 0x0000000085e00000| Untracked 
|  55|0x0000000085f00000, 0x0000000085f00000, 0x0000000086000000|  0%| F|  |TAMS 0x0000000085f00000, 0x0000000085f00000| Untracked 
|  56|0x0000000086000000, 0x0000000086000000, 0x0000000086100000|  0%| F|  |TAMS 0x0000000086000000, 0x0000000086000000| Untracked 
|  57|0x0000000086100000, 0x0000000086100000, 0x0000000086200000|  0%| F|  |TAMS 0x0000000086100000, 0x0000000086100000| Untracked 
|  58|0x0000000086200000, 0x0000000086200000, 0x0000000086300000|  0%| F|  |TAMS 0x0000000086200000, 0x0000000086200000| Untracked 
|  59|0x0000000086300000, 0x0000000086300000, 0x0000000086400000|  0%| F|  |TAMS 0x0000000086300000, 0x0000000086300000| Untracked 
|  60|0x0000000086400000, 0x0000000086400000, 0x0000000086500000|  0%| F|  |TAMS 0x0000000086400000, 0x0000000086400000| Untracked 
|  61|0x0000000086500000, 0x0000000086500000, 0x0000000086600000|  0%| F|  |TAMS 0x0000000086500000, 0x0000000086500000| Untracked 
|  62|0x0000000086600000, 0x0000000086600000, 0x0000000086700000|  0%| F|  |TAMS 0x0000000086600000, 0x0000000086600000| Untracked 
|  63|0x0000000086700000, 0x0000000086700000, 0x0000000086800000|  0%| F|  |TAMS 0x0000000086700000, 0x0000000086700000| Untracked 
|  64|0x0000000086800000, 0x0000000086800000, 0x0000000086900000|  0%| F|  |TAMS 0x0000000086800000, 0x0000000086800000| Untracked 
|  65|0x0000000086900000, 0x0000000086900000, 0x0000000086a00000|  0%| F|  |TAMS 0x0000000086900000, 0x0000000086900000| Untracked 
|  66|0x0000000086a00000, 0x0000000086a00000, 0x0000000086b00000|  0%| F|  |TAMS 0x0000000086a00000, 0x0000000086a00000| Untracked 
|  67|0x0000000086b00000, 0x0000000086b00000, 0x0000000086c00000|  0%| F|  |TAMS 0x0000000086b00000, 0x0000000086b00000| Untracked 
|  68|0x0000000086c00000, 0x0000000086c00000, 0x0000000086d00000|  0%| F|  |TAMS 0x0000000086c00000, 0x0000000086c00000| Untracked 
|  69|0x0000000086d00000, 0x0000000086d00000, 0x0000000086e00000|  0%| F|  |TAMS 0x0000000086d00000, 0x0000000086d00000| Untracked 
|  70|0x0000000086e00000, 0x0000000086e00000, 0x0000000086f00000|  0%| F|  |TAMS 0x0000000086e00000, 0x0000000086e00000| Untracked 
|  71|0x0000000086f00000, 0x0000000086f00000, 0x0000000087000000|  0%| F|  |TAMS 0x0000000086f00000, 0x0000000086f00000| Untracked 
|  72|0x0000000087000000, 0x0000000087000000, 0x0000000087100000|  0%| F|  |TAMS 0x0000000087000000, 0x0000000087000000| Untracked 
|  73|0x0000000087100000, 0x0000000087100000, 0x0000000087200000|  0%| F|  |TAMS 0x0000000087100000, 0x0000000087100000| Untracked 
|  74|0x0000000087200000, 0x0000000087200000, 0x0000000087300000|  0%| F|  |TAMS 0x0000000087200000, 0x0000000087200000| Untracked 
|  75|0x0000000087300000, 0x0000000087300000, 0x0000000087400000|  0%| F|  |TAMS 0x0000000087300000, 0x0000000087300000| Untracked 
|  76|0x0000000087400000, 0x0000000087400000, 0x0000000087500000|  0%| F|  |TAMS 0x0000000087400000, 0x0000000087400000| Untracked 
|  77|0x0000000087500000, 0x0000000087500000, 0x0000000087600000|  0%| F|  |TAMS 0x0000000087500000, 0x0000000087500000| Untracked 
|  78|0x0000000087600000, 0x0000000087600000, 0x0000000087700000|  0%| F|  |TAMS 0x0000000087600000, 0x0000000087600000| Untracked 
|  79|0x0000000087700000, 0x0000000087700000, 0x0000000087800000|  0%| F|  |TAMS 0x0000000087700000, 0x0000000087700000| Untracked 
|  80|0x0000000087800000, 0x0000000087800000, 0x0000000087900000|  0%| F|  |TAMS 0x0000000087800000, 0x0000000087800000| Untracked 
|  81|0x0000000087900000, 0x0000000087900000, 0x0000000087a00000|  0%| F|  |TAMS 0x0000000087900000, 0x0000000087900000| Untracked 
|  82|0x0000000087a00000, 0x0000000087a00000, 0x0000000087b00000|  0%| F|  |TAMS 0x0000000087a00000, 0x0000000087a00000| Untracked 
|  83|0x0000000087b00000, 0x0000000087b00000, 0x0000000087c00000|  0%| F|  |TAMS 0x0000000087b00000, 0x0000000087b00000| Untracked 
|  84|0x0000000087c00000, 0x0000000087c00000, 0x0000000087d00000|  0%| F|  |TAMS 0x0000000087c00000, 0x0000000087c00000| Untracked 
|  85|0x0000000087d00000, 0x0000000087d00000, 0x0000000087e00000|  0%| F|  |TAMS 0x0000000087d00000, 0x0000000087d00000| Untracked 
|  86|0x0000000087e00000, 0x0000000087e00000, 0x0000000087f00000|  0%| F|  |TAMS 0x0000000087e00000, 0x0000000087e00000| Untracked 
|  87|0x0000000087f00000, 0x0000000087f00000, 0x0000000088000000|  0%| F|  |TAMS 0x0000000087f00000, 0x0000000087f00000| Untracked 
|  88|0x0000000088000000, 0x0000000088000000, 0x0000000088100000|  0%| F|  |TAMS 0x0000000088000000, 0x0000000088000000| Untracked 
|  89|0x0000000088100000, 0x0000000088100000, 0x0000000088200000|  0%| F|  |TAMS 0x0000000088100000, 0x0000000088100000| Untracked 
|  90|0x0000000088200000, 0x0000000088200000, 0x0000000088300000|  0%| F|  |TAMS 0x0000000088200000, 0x0000000088200000| Untracked 
|  91|0x0000000088300000, 0x0000000088300000, 0x0000000088400000|  0%| F|  |TAMS 0x0000000088300000, 0x0000000088300000| Untracked 
|  92|0x0000000088400000, 0x0000000088400000, 0x0000000088500000|  0%| F|  |TAMS 0x0000000088400000, 0x0000000088400000| Untracked 
|  93|0x0000000088500000, 0x0000000088600000, 0x0000000088600000|100%| E|  |TAMS 0x0000000088500000, 0x0000000088500000| Complete 
|  94|0x0000000088600000, 0x0000000088700000, 0x0000000088700000|100%| E|CS|TAMS 0x0000000088600000, 0x0000000088600000| Complete 
|  95|0x0000000088700000, 0x0000000088800000, 0x0000000088800000|100%| E|CS|TAMS 0x0000000088700000, 0x0000000088700000| Complete 
|  96|0x0000000088800000, 0x0000000088900000, 0x0000000088900000|100%| E|CS|TAMS 0x0000000088800000, 0x0000000088800000| Complete 
|  97|0x0000000088900000, 0x0000000088a00000, 0x0000000088a00000|100%| E|CS|TAMS 0x0000000088900000, 0x0000000088900000| Complete 
|  98|0x0000000088a00000, 0x0000000088b00000, 0x0000000088b00000|100%| E|CS|TAMS 0x0000000088a00000, 0x0000000088a00000| Complete 
|  99|0x0000000088b00000, 0x0000000088c00000, 0x0000000088c00000|100%| E|CS|TAMS 0x0000000088b00000, 0x0000000088b00000| Complete 
| 100|0x0000000088c00000, 0x0000000088d00000, 0x0000000088d00000|100%| S|CS|TAMS 0x0000000088c00000, 0x0000000088c00000| Complete 
| 101|0x0000000088d00000, 0x0000000088e00000, 0x0000000088e00000|100%| S|CS|TAMS 0x0000000088d00000, 0x0000000088d00000| Complete 
| 102|0x0000000088e00000, 0x0000000088f00000, 0x0000000088f00000|100%| S|CS|TAMS 0x0000000088e00000, 0x0000000088e00000| Complete 
| 103|0x0000000088f00000, 0x0000000089000000, 0x0000000089000000|100%| E|CS|TAMS 0x0000000088f00000, 0x0000000088f00000| Complete 
| 104|0x0000000089000000, 0x0000000089100000, 0x0000000089100000|100%| E|CS|TAMS 0x0000000089000000, 0x0000000089000000| Complete 
| 105|0x0000000089100000, 0x0000000089200000, 0x0000000089200000|100%| E|CS|TAMS 0x0000000089100000, 0x0000000089100000| Complete 
| 106|0x0000000089200000, 0x0000000089300000, 0x0000000089300000|100%| E|CS|TAMS 0x0000000089200000, 0x0000000089200000| Complete 
| 107|0x0000000089300000, 0x0000000089400000, 0x0000000089400000|100%| E|CS|TAMS 0x0000000089300000, 0x0000000089300000| Complete 
| 108|0x0000000089400000, 0x0000000089500000, 0x0000000089500000|100%| E|CS|TAMS 0x0000000089400000, 0x0000000089400000| Complete 
| 109|0x0000000089500000, 0x0000000089600000, 0x0000000089600000|100%| E|CS|TAMS 0x0000000089500000, 0x0000000089500000| Complete 
| 110|0x0000000089600000, 0x0000000089700000, 0x0000000089700000|100%| E|CS|TAMS 0x0000000089600000, 0x0000000089600000| Complete 
| 111|0x0000000089700000, 0x0000000089800000, 0x0000000089800000|100%| E|CS|TAMS 0x0000000089700000, 0x0000000089700000| Complete 
| 112|0x0000000089800000, 0x0000000089900000, 0x0000000089900000|100%| E|CS|TAMS 0x0000000089800000, 0x0000000089800000| Complete 
| 113|0x0000000089900000, 0x0000000089a00000, 0x0000000089a00000|100%| E|CS|TAMS 0x0000000089900000, 0x0000000089900000| Complete 
| 114|0x0000000089a00000, 0x0000000089b00000, 0x0000000089b00000|100%| E|CS|TAMS 0x0000000089a00000, 0x0000000089a00000| Complete 
| 115|0x0000000089b00000, 0x0000000089c00000, 0x0000000089c00000|100%| E|CS|TAMS 0x0000000089b00000, 0x0000000089b00000| Complete 
| 116|0x0000000089c00000, 0x0000000089d00000, 0x0000000089d00000|100%| E|CS|TAMS 0x0000000089c00000, 0x0000000089c00000| Complete 
| 117|0x0000000089d00000, 0x0000000089e00000, 0x0000000089e00000|100%| E|CS|TAMS 0x0000000089d00000, 0x0000000089d00000| Complete 
| 118|0x0000000089e00000, 0x0000000089f00000, 0x0000000089f00000|100%| E|CS|TAMS 0x0000000089e00000, 0x0000000089e00000| Complete 
| 119|0x0000000089f00000, 0x000000008a000000, 0x000000008a000000|100%| E|CS|TAMS 0x0000000089f00000, 0x0000000089f00000| Complete 
| 120|0x000000008a000000, 0x000000008a100000, 0x000000008a100000|100%| E|CS|TAMS 0x000000008a000000, 0x000000008a000000| Complete 
| 121|0x000000008a100000, 0x000000008a200000, 0x000000008a200000|100%| E|CS|TAMS 0x000000008a100000, 0x000000008a100000| Complete 
| 122|0x000000008a200000, 0x000000008a300000, 0x000000008a300000|100%| E|CS|TAMS 0x000000008a200000, 0x000000008a200000| Complete 
| 123|0x000000008a300000, 0x000000008a400000, 0x000000008a400000|100%| E|CS|TAMS 0x000000008a300000, 0x000000008a300000| Complete 
| 124|0x000000008a400000, 0x000000008a500000, 0x000000008a500000|100%| E|CS|TAMS 0x000000008a400000, 0x000000008a400000| Complete 
| 125|0x000000008a500000, 0x000000008a600000, 0x000000008a600000|100%| E|CS|TAMS 0x000000008a500000, 0x000000008a500000| Complete 

Card table byte_map: [0x000001b699bd0000,0x000001b699fc0000] _byte_map_base: 0x000001b6997bc000

Marking Bits (Prev, Next): (CMBitMap*) 0x000001b682c4bf20, (CMBitMap*) 0x000001b682c4bf60
 Prev Bits: [0x000001b69a3b0000, 0x000001b69c310000)
 Next Bits: [0x000001b69c310000, 0x000001b69e270000)

Polling page: 0x000001b6823c0000

Metaspace:

Usage:
  Non-class:      7.84 MB used.
      Class:      1.21 MB used.
       Both:      9.05 MB used.

Virtual space:
  Non-class space:       64.00 MB reserved,       7.94 MB ( 12%) committed,  1 nodes.
      Class space:        1.00 GB reserved,       1.31 MB ( <1%) committed,  1 nodes.
             Both:        1.06 GB reserved,       9.25 MB ( <1%) committed. 

Chunk freelists:
   Non-Class:  7.66 MB
       Class:  14.51 MB
        Both:  22.17 MB

MaxMetaspaceSize: unlimited
CompressedClassSpaceSize: 1.00 GB
Initial GC threshold: 21.00 MB
Current GC threshold: 21.00 MB
CDS: on
MetaspaceReclaimPolicy: balanced
 - commit_granule_bytes: 65536.
 - commit_granule_words: 8192.
 - virtual_space_node_default_size: 8388608.
 - enlarge_chunks_in_place: 1.
 - new_chunks_are_fully_committed: 0.
 - uncommit_free_chunks: 1.
 - use_allocation_guard: 0.
 - handle_deallocations: 1.


Internal statistics:

num_allocs_failed_limit: 0.
num_arena_births: 72.
num_arena_deaths: 0.
num_vsnodes_births: 2.
num_vsnodes_deaths: 0.
num_space_committed: 148.
num_space_uncommitted: 0.
num_chunks_returned_to_freelist: 0.
num_chunks_taken_from_freelist: 336.
num_chunk_merges: 0.
num_chunk_splits: 223.
num_chunks_enlarged: 182.
num_inconsistent_stats: 0.

CodeHeap 'non-profiled nmethods': size=120000Kb used=583Kb max_used=583Kb free=119416Kb
 bounds [0x000001b691f80000, 0x000001b6921f0000, 0x000001b6994b0000]
CodeHeap 'profiled nmethods': size=120000Kb used=2781Kb max_used=2781Kb free=117218Kb
 bounds [0x000001b68a4b0000, 0x000001b68a770000, 0x000001b6919e0000]
CodeHeap 'non-nmethods': size=5760Kb used=1164Kb max_used=1185Kb free=4595Kb
 bounds [0x000001b6919e0000, 0x000001b691c50000, 0x000001b691f80000]
 total_blobs=1897 nmethods=1436 adapters=374
 compilation: enabled
              stopped_count=0, restarted_count=0
 full_count=0

Compilation events (20 events):
Event: 6.134 Thread 0x000001b6a0c8af40 1402       1       org.gradle.internal.logging.events.RenderableOutputEvent::getBuildOperationId (5 bytes)
Event: 6.134 Thread 0x000001b6a0c8af40 nmethod 1402 0x000001b692010890 code [0x000001b692010a20, 0x000001b692010af8]
Event: 6.134 Thread 0x000001b6a0c8af40 1403       3       java.nio.MappedByteBuffer::position (6 bytes)
Event: 6.135 Thread 0x000001b6a0c8af40 nmethod 1403 0x000001b68a74da90 code [0x000001b68a74dc40, 0x000001b68a74de48]
Event: 6.135 Thread 0x000001b6a0c8af40 1404       3       java.util.concurrent.locks.ReentrantLock$NonfairSync::initialTryLock (58 bytes)
Event: 6.135 Thread 0x000001b6a0c8af40 nmethod 1404 0x000001b68a74df90 code [0x000001b68a74e160, 0x000001b68a74e578]
Event: 6.148 Thread 0x000001b6a0c8af40 1405       3       java.util.concurrent.locks.ReentrantLock::unlock (10 bytes)
Event: 6.149 Thread 0x000001b6a0c8af40 nmethod 1405 0x000001b68a74e690 code [0x000001b68a74e860, 0x000001b68a74eb38]
Event: 6.149 Thread 0x000001b6a0c8af40 1406       3       org.gradle.internal.logging.events.StyledTextOutputEvent$Span::<init> (15 bytes)
Event: 6.149 Thread 0x000001b6a0c8af40 nmethod 1406 0x000001b68a74ec90 code [0x000001b68a74ee40, 0x000001b68a74f058]
Event: 6.149 Thread 0x000001b6a0c8af40 1407       3       org.gradle.internal.logging.serializer.SpanSerializer::read (6 bytes)
Event: 6.149 Thread 0x000001b6a0c84b60 1409       4       com.esotericsoftware.kryo.io.Input::readUtf8 (90 bytes)
Event: 6.149 Thread 0x000001b6a0c8af40 nmethod 1407 0x000001b68a74f110 code [0x000001b68a74f300, 0x000001b68a74f8f8]
Event: 6.149 Thread 0x000001b6a0c8af40 1408       3       org.gradle.internal.logging.serializer.SpanSerializer::read (27 bytes)
Event: 6.149 Thread 0x000001b6a0c8af40 nmethod 1408 0x000001b68a74fb10 code [0x000001b68a74fce0, 0x000001b68a750278]
Event: 6.150 Thread 0x000001b6a0c8af40 1411   !   3       org.gradle.internal.logging.sink.OutputEventTransformer::invokeListener (28 bytes)
Event: 6.150 Thread 0x000001b6a0c8af40 nmethod 1411 0x000001b68a750410 code [0x000001b68a7505c0, 0x000001b68a750888]
Event: 6.150 Thread 0x000001b6a0c8af40 1412   !   3       jdk.proxy1.$Proxy0::onOutput (34 bytes)
Event: 6.150 Thread 0x000001b6a0c8af40 nmethod 1412 0x000001b68a750a10 code [0x000001b68a750be0, 0x000001b68a7510f8]
Event: 6.150 Thread 0x000001b6a0c8af40 1413       3       org.gradle.internal.dispatch.ProxyDispatchAdapter$DispatchingInvocationHandler::invoke (184 bytes)

GC Heap History (2 events):
Event: 0.585 GC heap before
{Heap before GC invocations=0 (full 0):
 garbage-first heap   total 129024K, used 22528K [0x0000000082800000, 0x0000000100000000)
  region size 1024K, 23 young (23552K), 0 survivors (0K)
 Metaspace       used 1935K, committed 2048K, reserved 1114112K
  class space    used 165K, committed 192K, reserved 1048576K
}
Event: 0.590 GC heap after
{Heap after GC invocations=1 (full 0):
 garbage-first heap   total 129024K, used 4373K [0x0000000082800000, 0x0000000100000000)
  region size 1024K, 3 young (3072K), 3 survivors (3072K)
 Metaspace       used 1935K, committed 2048K, reserved 1114112K
  class space    used 165K, committed 192K, reserved 1048576K
}

Deoptimization events (20 events):
Event: 1.117 Thread 0x000001b682bf11a0 Uncommon trap: trap_request=0xffffffde fr.pc=0x000001b691fbd57c relative=0x000000000000007c
Event: 1.117 Thread 0x000001b682bf11a0 Uncommon trap: reason=class_check action=maybe_recompile pc=0x000001b691fbd57c method=java.util.AbstractList$Itr.hasNext()Z @ 8 c2
Event: 1.117 Thread 0x000001b682bf11a0 DEOPT PACKING pc=0x000001b691fbd57c sp=0x000000a349ffc7a0
Event: 1.117 Thread 0x000001b682bf11a0 DEOPT UNPACKING pc=0x000001b691a323a3 sp=0x000000a349ffc738 mode 2
Event: 1.845 Thread 0x000001b682bf11a0 Uncommon trap: trap_request=0xffffffde fr.pc=0x000001b691fbd57c relative=0x000000000000007c
Event: 1.845 Thread 0x000001b682bf11a0 Uncommon trap: reason=class_check action=maybe_recompile pc=0x000001b691fbd57c method=java.util.AbstractList$Itr.hasNext()Z @ 8 c2
Event: 1.845 Thread 0x000001b682bf11a0 DEOPT PACKING pc=0x000001b691fbd57c sp=0x000000a349ffc8c0
Event: 1.845 Thread 0x000001b682bf11a0 DEOPT UNPACKING pc=0x000001b691a323a3 sp=0x000000a349ffc858 mode 2
Event: 2.166 Thread 0x000001b682bf11a0 Uncommon trap: trap_request=0xffffff45 fr.pc=0x000001b691fc1f38 relative=0x0000000000000a98
Event: 2.166 Thread 0x000001b682bf11a0 Uncommon trap: reason=unstable_if action=reinterpret pc=0x000001b691fc1f38 method=java.util.HashMap.putVal(ILjava/lang/Object;Ljava/lang/Object;ZZ)Ljava/lang/Object; @ 162 c2
Event: 2.166 Thread 0x000001b682bf11a0 DEOPT PACKING pc=0x000001b691fc1f38 sp=0x000000a349ffaf00
Event: 2.166 Thread 0x000001b682bf11a0 DEOPT UNPACKING pc=0x000001b691a323a3 sp=0x000000a349ffae38 mode 2
Event: 2.168 Thread 0x000001b682bf11a0 Uncommon trap: trap_request=0xffffffde fr.pc=0x000001b691fbd57c relative=0x000000000000007c
Event: 2.168 Thread 0x000001b682bf11a0 Uncommon trap: reason=class_check action=maybe_recompile pc=0x000001b691fbd57c method=java.util.AbstractList$Itr.hasNext()Z @ 8 c2
Event: 2.168 Thread 0x000001b682bf11a0 DEOPT PACKING pc=0x000001b691fbd57c sp=0x000000a349ffc060
Event: 2.168 Thread 0x000001b682bf11a0 DEOPT UNPACKING pc=0x000001b691a323a3 sp=0x000000a349ffbff8 mode 2
Event: 2.281 Thread 0x000001b682bf11a0 Uncommon trap: trap_request=0xffffffde fr.pc=0x000001b691fbd57c relative=0x000000000000007c
Event: 2.281 Thread 0x000001b682bf11a0 Uncommon trap: reason=class_check action=maybe_recompile pc=0x000001b691fbd57c method=java.util.AbstractList$Itr.hasNext()Z @ 8 c2
Event: 2.281 Thread 0x000001b682bf11a0 DEOPT PACKING pc=0x000001b691fbd57c sp=0x000000a349ffd090
Event: 2.281 Thread 0x000001b682bf11a0 DEOPT UNPACKING pc=0x000001b691a323a3 sp=0x000000a349ffd028 mode 2

Classes unloaded (0 events):
No events

Classes redefined (0 events):
No events

Internal exceptions (20 events):
Event: 0.820 Thread 0x000001b682bf11a0 Exception <a 'java/lang/NoSuchMethodError'{0x0000000089c52de0}: 'void java.lang.invoke.DirectMethodHandle$Holder.invokeStatic(java.lang.Object, java.lang.Object)'> (0x0000000089c52de0) 
thrown [s\open\src\hotspot\share\interpreter\linkResolver.cpp, line 759]
Event: 0.843 Thread 0x000001b682bf11a0 Exception <a 'java/lang/NoClassDefFoundError'{0x0000000089b08bf8}: org/slf4j/impl/StaticMarkerBinder> (0x0000000089b08bf8) 
thrown [s\open\src\hotspot\share\classfile\systemDictionary.cpp, line 245]
Event: 0.858 Thread 0x000001b682bf11a0 Exception <a 'java/lang/NoSuchMethodError'{0x0000000089be7cc8}: 'java.lang.Object java.lang.invoke.Invokers$Holder.invoker(java.lang.Object, java.lang.Object, java.lang.Object)'> (0x0000000089be7cc8) 
thrown [s\open\src\hotspot\share\interpreter\linkResolver.cpp, line 759]
Event: 0.859 Thread 0x000001b682bf11a0 Exception <a 'java/lang/NoSuchMethodError'{0x0000000089bf0e20}: 'java.lang.Object java.lang.invoke.DirectMethodHandle$Holder.invokeStatic(java.lang.Object, java.lang.Object, int)'> (0x0000000089bf0e20) 
thrown [s\open\src\hotspot\share\interpreter\linkResolver.cpp, line 759]
Event: 0.860 Thread 0x000001b682bf11a0 Exception <a 'java/lang/NoSuchMethodError'{0x0000000089bfcb10}: 'void java.lang.invoke.DelegatingMethodHandle$Holder.delegate(java.lang.Object, java.lang.Object, int, java.lang.Object)'> (0x0000000089bfcb10) 
thrown [s\open\src\hotspot\share\interpreter\linkResolver.cpp, line 759]
Event: 0.860 Thread 0x000001b682bf11a0 Exception <a 'java/lang/NoSuchMethodError'{0x0000000089a01118}: 'int java.lang.invoke.DirectMethodHandle$Holder.invokeSpecial(java.lang.Object, java.lang.Object, java.lang.Object)'> (0x0000000089a01118) 
thrown [s\open\src\hotspot\share\interpreter\linkResolver.cpp, line 759]
Event: 0.863 Thread 0x000001b682bf11a0 Exception <a 'java/lang/NoSuchMethodError'{0x0000000089a14228}: 'java.lang.Object java.lang.invoke.Invokers$Holder.invokeExact_MT(java.lang.Object, java.lang.Object, java.lang.Object, java.lang.Object)'> (0x0000000089a14228) 
thrown [s\open\src\hotspot\share\interpreter\linkResolver.cpp, line 759]
Event: 0.870 Thread 0x000001b682bf11a0 Exception <a 'java/lang/NoSuchMethodError'{0x0000000089a4e4d0}: 'java.lang.Object java.lang.invoke.DirectMethodHandle$Holder.invokeVirtual(java.lang.Object, java.lang.Object, java.lang.Object)'> (0x0000000089a4e4d0) 
thrown [s\open\src\hotspot\share\interpreter\linkResolver.cpp, line 759]
Event: 0.938 Thread 0x000001b682bf11a0 Exception <a 'java/lang/NoSuchMethodError'{0x00000000897b93f8}: 'java.lang.Object java.lang.invoke.DirectMethodHandle$Holder.newInvokeSpecial(java.lang.Object, java.lang.Object, java.lang.Object, java.lang.Object, java.lang.Object)'> (0x00000000897b93f8) 
thrown [s\open\src\hotspot\share\interpreter\linkResolver.cpp, line 759]
Event: 0.984 Thread 0x000001b682bf11a0 Exception <a 'java/lang/NoSuchMethodError'{0x0000000089490ed8}: 'void java.lang.invoke.DirectMethodHandle$Holder.invokeSpecial(java.lang.Object, java.lang.Object, java.lang.Object)'> (0x0000000089490ed8) 
thrown [s\open\src\hotspot\share\interpreter\linkResolver.cpp, line 759]
Event: 0.996 Thread 0x000001b682bf11a0 Implicit null exception at 0x000001b691fde88f to 0x000001b691fdedf4
Event: 0.996 Thread 0x000001b682bf11a0 Implicit null exception at 0x000001b691fd3b0f to 0x000001b691fd407c
Event: 1.012 Thread 0x000001b682bf11a0 Exception <a 'java/lang/NoSuchMethodError'{0x0000000089214690}: 'java.lang.Object java.lang.invoke.DirectMethodHandle$Holder.invokeStaticInit(java.lang.Object)'> (0x0000000089214690) 
thrown [s\open\src\hotspot\share\interpreter\linkResolver.cpp, line 759]
Event: 1.033 Thread 0x000001b682bf11a0 Exception <a 'java/lang/NoSuchMethodError'{0x00000000892ad9e8}: 'int java.lang.invoke.DirectMethodHandle$Holder.invokeVirtual(java.lang.Object, java.lang.Object, java.lang.Object)'> (0x00000000892ad9e8) 
thrown [s\open\src\hotspot\share\interpreter\linkResolver.cpp, line 759]
Event: 1.040 Thread 0x000001b682bf11a0 Implicit null exception at 0x000001b691fbd872 to 0x000001b691fbde8c
Event: 1.042 Thread 0x000001b682bf11a0 Implicit null exception at 0x000001b691fdd2f2 to 0x000001b691fdd90c
Event: 1.075 Thread 0x000001b682bf11a0 Exception <a 'java/lang/NoSuchMethodError'{0x0000000088f0d030}: 'java.lang.Object java.lang.invoke.DirectMethodHandle$Holder.invokeSpecialIFC(java.lang.Object, java.lang.Object, java.lang.Object, java.lang.Object)'> (0x0000000088f0d030) 
thrown [s\open\src\hotspot\share\interpreter\linkResolver.cpp, line 759]
Event: 1.118 Thread 0x000001b682bf11a0 Exception <a 'java/lang/NoSuchMethodError'{0x00000000889283c0}: 'java.lang.Object java.lang.invoke.DirectMethodHandle$Holder.invokeStaticInit(java.lang.Object, int, int, int, int)'> (0x00000000889283c0) 
thrown [s\open\src\hotspot\share\interpreter\linkResolver.cpp, line 759]
Event: 1.238 Thread 0x000001b682bf11a0 Exception <a 'java/lang/NoSuchMethodError'{0x00000000889a46b0}: 'java.lang.Object java.lang.invoke.DirectMethodHandle$Holder.invokeStaticInit(java.lang.Object, java.lang.Object, int, int, int, int)'> (0x00000000889a46b0) 
thrown [s\open\src\hotspot\share\interpreter\linkResolver.cpp, line 759]
Event: 1.361 Thread 0x000001b682bf11a0 Exception <a 'java/lang/NoSuchMethodError'{0x00000000889d7378}: 'void java.lang.invoke.DirectMethodHandle$Holder.invokeStatic(java.lang.Object, java.lang.Object, java.lang.Object)'> (0x00000000889d7378) 
thrown [s\open\src\hotspot\share\interpreter\linkResolver.cpp, line 759]

VM Operations (20 events):
Event: 0.719 Executing VM operation: HandshakeAllThreads
Event: 0.719 Executing VM operation: HandshakeAllThreads done
Event: 0.858 Executing VM operation: HandshakeAllThreads
Event: 0.858 Executing VM operation: HandshakeAllThreads done
Event: 1.026 Executing VM operation: HandshakeAllThreads
Event: 1.026 Executing VM operation: HandshakeAllThreads done
Event: 1.080 Executing VM operation: HandshakeAllThreads
Event: 1.080 Executing VM operation: HandshakeAllThreads done
Event: 1.188 Executing VM operation: HandshakeAllThreads
Event: 1.188 Executing VM operation: HandshakeAllThreads done
Event: 2.066 Executing VM operation: HandshakeAllThreads
Event: 2.066 Executing VM operation: HandshakeAllThreads done
Event: 2.066 Executing VM operation: Cleanup
Event: 2.066 Executing VM operation: Cleanup done
Event: 2.293 Executing VM operation: HandshakeAllThreads
Event: 2.293 Executing VM operation: HandshakeAllThreads done
Event: 3.304 Executing VM operation: Cleanup
Event: 3.304 Executing VM operation: Cleanup done
Event: 5.322 Executing VM operation: Cleanup
Event: 5.322 Executing VM operation: Cleanup done

Events (20 events):
Event: 2.261 loading class sun/nio/ch/SourceChannelImpl
Event: 2.261 loading class java/nio/channels/Pipe$SourceChannel
Event: 2.261 loading class java/nio/channels/Pipe$SourceChannel done
Event: 2.261 loading class sun/nio/ch/SourceChannelImpl done
Event: 2.261 loading class sun/nio/ch/SinkChannelImpl
Event: 2.261 loading class java/nio/channels/Pipe$SinkChannel
Event: 2.261 loading class java/nio/channels/Pipe$SinkChannel done
Event: 2.261 loading class sun/nio/ch/SinkChannelImpl done
Event: 2.263 loading class sun/nio/ch/SelectionKeyImpl
Event: 2.263 loading class java/nio/channels/spi/AbstractSelectionKey
Event: 2.263 loading class java/nio/channels/SelectionKey
Event: 2.263 loading class java/nio/channels/SelectionKey done
Event: 2.263 loading class java/nio/channels/spi/AbstractSelectionKey done
Event: 2.263 loading class sun/nio/ch/SelectionKeyImpl done
Event: 2.263 loading class java/lang/invoke/ConstantBootstraps
Event: 2.263 loading class java/lang/invoke/ConstantBootstraps done
Event: 2.281 loading class java/nio/channels/spi/AbstractSelector$1
Event: 2.281 loading class java/nio/channels/spi/AbstractSelector$1 done
Event: 2.293 loading class java/util/concurrent/Executors$FinalizableDelegatedExecutorService
Event: 2.293 loading class java/util/concurrent/Executors$FinalizableDelegatedExecutorService done


Dynamic libraries:
0x00007ff7013f0000 - 0x00007ff701400000 	C:\Program Files\Java\jdk-17\bin\java.exe
0x00007ffe7a7b0000 - 0x00007ffe7a9c7000 	C:\WINDOWS\SYSTEM32\ntdll.dll
0x00007ffe78f70000 - 0x00007ffe79034000 	C:\WINDOWS\System32\KERNEL32.DLL
0x00007ffe77df0000 - 0x00007ffe781c0000 	C:\WINDOWS\System32\KERNELBASE.dll
0x00007ffe77b10000 - 0x00007ffe77c21000 	C:\WINDOWS\System32\ucrtbase.dll
0x00007ffe5e290000 - 0x00007ffe5e2a9000 	C:\Program Files\Java\jdk-17\bin\jli.dll
0x00007ffe794f0000 - 0x00007ffe795a1000 	C:\WINDOWS\System32\ADVAPI32.dll
0x00007ffe7a230000 - 0x00007ffe7a2d7000 	C:\WINDOWS\System32\msvcrt.dll
0x00007ffe7a2e0000 - 0x00007ffe7a387000 	C:\WINDOWS\System32\sechost.dll
0x00007ffe78280000 - 0x00007ffe782a8000 	C:\WINDOWS\System32\bcrypt.dll
0x00007ffe78630000 - 0x00007ffe78744000 	C:\WINDOWS\System32\RPCRT4.dll
0x00007ffe46a90000 - 0x00007ffe46aab000 	C:\Program Files\Java\jdk-17\bin\VCRUNTIME140.dll
0x00007ffe7a390000 - 0x00007ffe7a53e000 	C:\WINDOWS\System32\USER32.dll
0x00007ffe77a60000 - 0x00007ffe77a86000 	C:\WINDOWS\System32\win32u.dll
0x00007ffe7a5d0000 - 0x00007ffe7a5f9000 	C:\WINDOWS\System32\GDI32.dll
0x00007ffe77cd0000 - 0x00007ffe77deb000 	C:\WINDOWS\System32\gdi32full.dll
0x00007ffe77c30000 - 0x00007ffe77cca000 	C:\WINDOWS\System32\msvcp_win.dll
0x00007ffe6f6f0000 - 0x00007ffe6f6fa000 	C:\WINDOWS\SYSTEM32\VERSION.dll
0x00007ffe635f0000 - 0x00007ffe63882000 	C:\WINDOWS\WinSxS\amd64_microsoft.windows.common-controls_6595b64144ccf1df_6.0.22621.4830_none_270fe7d773858e80\COMCTL32.dll
0x00007ffe78f30000 - 0x00007ffe78f61000 	C:\WINDOWS\System32\IMM32.DLL
0x00007ffe71ac0000 - 0x00007ffe71acc000 	C:\Program Files\Java\jdk-17\bin\vcruntime140_1.dll
0x00007ffe38f60000 - 0x00007ffe38fee000 	C:\Program Files\Java\jdk-17\bin\msvcp140.dll
0x00007ffe05950000 - 0x00007ffe06530000 	C:\Program Files\Java\jdk-17\bin\server\jvm.dll
0x00007ffe790d0000 - 0x00007ffe790d8000 	C:\WINDOWS\System32\PSAPI.DLL
0x00007ffe722e0000 - 0x00007ffe72314000 	C:\WINDOWS\SYSTEM32\WINMM.dll
0x00007ffe71a70000 - 0x00007ffe71a79000 	C:\WINDOWS\SYSTEM32\WSOCK32.dll
0x00007ffe796c0000 - 0x00007ffe79731000 	C:\WINDOWS\System32\WS2_32.dll
0x00007ffe76af0000 - 0x00007ffe76b08000 	C:\WINDOWS\SYSTEM32\kernel.appcore.dll
0x00007ffe711b0000 - 0x00007ffe711ba000 	C:\Program Files\Java\jdk-17\bin\jimage.dll
0x00007ffe75340000 - 0x00007ffe75572000 	C:\WINDOWS\SYSTEM32\DBGHELP.DLL
0x00007ffe79140000 - 0x00007ffe794d0000 	C:\WINDOWS\System32\combase.dll
0x00007ffe78820000 - 0x00007ffe788f7000 	C:\WINDOWS\System32\OLEAUT32.dll
0x00007ffe64690000 - 0x00007ffe646c2000 	C:\WINDOWS\SYSTEM32\dbgcore.DLL
0x00007ffe78420000 - 0x00007ffe7849b000 	C:\WINDOWS\System32\bcryptPrimitives.dll
0x00007ffe41a40000 - 0x00007ffe41a65000 	C:\Program Files\Java\jdk-17\bin\java.dll
0x00007ffe32850000 - 0x00007ffe32927000 	C:\Program Files\Java\jdk-17\bin\jsvml.dll
0x00007ffe799b0000 - 0x00007ffe7a228000 	C:\WINDOWS\System32\SHELL32.dll
0x00007ffe75970000 - 0x00007ffe76280000 	C:\WINDOWS\SYSTEM32\windows.storage.dll
0x00007ffe75830000 - 0x00007ffe7596f000 	C:\WINDOWS\SYSTEM32\wintypes.dll
0x00007ffe795b0000 - 0x00007ffe796ba000 	C:\WINDOWS\System32\SHCORE.dll
0x00007ffe790e0000 - 0x00007ffe7913e000 	C:\WINDOWS\System32\shlwapi.dll
0x00007ffe77990000 - 0x00007ffe779bb000 	C:\WINDOWS\SYSTEM32\profapi.dll
0x00007ffe41830000 - 0x00007ffe41849000 	C:\Program Files\Java\jdk-17\bin\net.dll
0x00007ffe72c60000 - 0x00007ffe72d8c000 	C:\WINDOWS\SYSTEM32\WINHTTP.dll
0x00007ffe76fd0000 - 0x00007ffe77039000 	C:\WINDOWS\system32\mswsock.dll
0x00007ffe41810000 - 0x00007ffe41826000 	C:\Program Files\Java\jdk-17\bin\nio.dll
0x00007ffe45cc0000 - 0x00007ffe45cd8000 	C:\Program Files\Java\jdk-17\bin\zip.dll
0x00007ffe60560000 - 0x00007ffe60570000 	C:\Program Files\Java\jdk-17\bin\verify.dll
0x00007ffe2c980000 - 0x00007ffe2c9a7000 	C:\Users\adil\.gradle\native\c067742578af261105cb4f569cf0c3c89f3d7b1fecec35dd04571415982c5e48\windows-amd64\native-platform.dll
0x00007ffe5e280000 - 0x00007ffe5e28a000 	C:\Program Files\Java\jdk-17\bin\management.dll
0x00007ffe5e150000 - 0x00007ffe5e15b000 	C:\Program Files\Java\jdk-17\bin\management_ext.dll
0x00007ffe77200000 - 0x00007ffe7721b000 	C:\WINDOWS\SYSTEM32\CRYPTSP.dll
0x00007ffe76ab0000 - 0x00007ffe76ae5000 	C:\WINDOWS\system32\rsaenh.dll
0x00007ffe77090000 - 0x00007ffe770b8000 	C:\WINDOWS\SYSTEM32\USERENV.dll
0x00007ffe771f0000 - 0x00007ffe771fc000 	C:\WINDOWS\SYSTEM32\CRYPTBASE.dll
0x00007ffe76590000 - 0x00007ffe765bd000 	C:\WINDOWS\SYSTEM32\IPHLPAPI.DLL
0x00007ffe794e0000 - 0x00007ffe794e9000 	C:\WINDOWS\System32\NSI.dll
0x00007ffe72b90000 - 0x00007ffe72ba9000 	C:\WINDOWS\SYSTEM32\dhcpcsvc6.DLL
0x00007ffe72b30000 - 0x00007ffe72b4f000 	C:\WINDOWS\SYSTEM32\dhcpcsvc.DLL
0x00007ffe765c0000 - 0x00007ffe766c2000 	C:\WINDOWS\SYSTEM32\DNSAPI.dll
0x00007ffe5e0c0000 - 0x00007ffe5e0ce000 	C:\Program Files\Java\jdk-17\bin\sunmscapi.dll
0x00007ffe782b0000 - 0x00007ffe78416000 	C:\WINDOWS\System32\CRYPT32.dll
0x00007ffe77400000 - 0x00007ffe7742d000 	C:\WINDOWS\SYSTEM32\ncrypt.dll
0x00007ffe773c0000 - 0x00007ffe773f7000 	C:\WINDOWS\SYSTEM32\NTASN1.dll
0x00007ffe64ee0000 - 0x00007ffe64ee8000 	C:\WINDOWS\system32\wshunix.dll

dbghelp: loaded successfully - version: 4.0.5 - missing functions: none
symbol engine: initialized successfully - sym options: 0x614 - pdb path: .;C:\Program Files\Java\jdk-17\bin;C:\WINDOWS\SYSTEM32;C:\WINDOWS\WinSxS\amd64_microsoft.windows.common-controls_6595b64144ccf1df_6.0.22621.4830_none_270fe7d773858e80;C:\Program Files\Java\jdk-17\bin\server;C:\Users\adil\.gradle\native\c067742578af261105cb4f569cf0c3c89f3d7b1fecec35dd04571415982c5e48\windows-amd64

VM Arguments:
jvm_args: -Dorg.gradle.appname=gradlew 
java_command: org.gradle.wrapper.GradleWrapperMain :cloud_firestore:dependencies --write-locks
java_class_path (initial): C:\Users\adil\nssapp\android\\gradle\wrapper\gradle-wrapper.jar
Launcher Type: SUN_STANDARD

[Global flags]
     intx CICompilerCount                          = 4                                         {product} {ergonomic}
     uint ConcGCThreads                            = 2                                         {product} {ergonomic}
     uint G1ConcRefinementThreads                  = 8                                         {product} {ergonomic}
   size_t G1HeapRegionSize                         = 1048576                                   {product} {ergonomic}
    uintx GCDrainStackTargetSize                   = 64                                        {product} {ergonomic}
   size_t InitialHeapSize                          = 132120576                                 {product} {ergonomic}
   size_t MarkStackSize                            = 4194304                                   {product} {ergonomic}
   size_t MaxHeapSize                              = 2105540608                                {product} {ergonomic}
   size_t MaxNewSize                               = 1262485504                                {product} {ergonomic}
   size_t MinHeapDeltaBytes                        = 1048576                                   {product} {ergonomic}
   size_t MinHeapSize                              = 8388608                                   {product} {ergonomic}
    uintx NonNMethodCodeHeapSize                   = 5839372                                {pd product} {ergonomic}
    uintx NonProfiledCodeHeapSize                  = 122909434                              {pd product} {ergonomic}
    uintx ProfiledCodeHeapSize                     = 122909434                              {pd product} {ergonomic}
    uintx ReservedCodeCacheSize                    = 251658240                              {pd product} {ergonomic}
     bool SegmentedCodeCache                       = true                                      {product} {ergonomic}
   size_t SoftMaxHeapSize                          = 2105540608                             {manageable} {ergonomic}
     bool UseCompressedClassPointers               = true                           {product lp64_product} {ergonomic}
     bool UseCompressedOops                        = true                           {product lp64_product} {ergonomic}
     bool UseG1GC                                  = true                                      {product} {ergonomic}
     bool UseLargePagesIndividualAllocation        = false                                  {pd product} {ergonomic}

Logging:
Log output configuration:
 #0: stdout all=warning uptime,level,tags
 #1: stderr all=off uptime,level,tags

Environment Variables:
JAVA_HOME=C:\Program Files\Java\jdk-17
CLASSPATH=C:\Users\adil\nssapp\android\\gradle\wrapper\gradle-wrapper.jar
PATH=C:\Program Files\Java\jdk-17\bin;C:\Program Files\Python311\Scripts\;C:\Program Files\Python311\;C:\Windows\system32;C:\Windows;C:\Windows\System32\Wbem;C:\Windows\System32\WindowsPowerShell\v1.0\;C:\Windows\System32\OpenSSH\;C:\Program Files (x86)\NVIDIA Corporation\PhysX\Common;C:\Program Files\NVIDIA Corporation\NVIDIA NvDLISR;C:\Program Files\Git\cmd;C:\WINDOWS\system32;C:\WINDOWS;C:\WINDOWS\System32\Wbem;C:\WINDOWS\System32\WindowsPowerShell\v1.0\;C:\WINDOWS\System32\OpenSSH\;C:\Users\adil\AppData\Local\Microsoft\WindowsApps;C:\Users\adil\AppData\Local\Programs\Microsoft VS Code\bin;C:\Users\adil\OneDrive\Documents\flutter_windows_3.3.10-stable\flutter\bin;C:\Users\adil\AppData\Local\GitHubDesktop\bin
USERNAME=adil
OS=Windows_NT
PROCESSOR_IDENTIFIER=Intel64 Family 6 Model 165 Stepping 2, GenuineIntel



---------------  S Y S T E M  ---------------

OS:
 Windows 11 , 64 bit Build 22621 (10.0.22621.4830)
OS uptime: 13 days 18:47 hours
Hyper-V role detected

CPU: total 8 (initial active 8) (4 cores per cpu, 2 threads per core) family 6 model 165 stepping 2 microcode 0xe0, cx8, cmov, fxsr, ht, mmx, 3dnowpref, sse, sse2, sse3, ssse3, sse4.1, sse4.2, popcnt, lzcnt, tsc, tscinvbit, avx, avx2, aes, erms, clmul, bmi1, bmi2, adx, fma, vzeroupper, clflush, clflushopt, hv

Memory: 4k page, system-wide physical 8029M (228M free)
TotalPageFile size 32605M (AvailPageFile size 4M)
current process WorkingSet (physical memory assigned to process): 97M, peak: 98M
current process commit charge ("private bytes"): 230M, peak: 231M

vm_info: Java HotSpot(TM) 64-Bit Server VM (17.0.12+8-LTS-286) for windows-amd64 JRE (17.0.12+8-LTS-286), built on Jun  5 2024 06:46:59 by "mach5one" with MS VC++ 17.6 (VS2022)

END.
